{"level":"info","msg":"| 200 |      2.0057ms |             ::1 | POST  /user/info |","time":"2020-05-24T09:55:19+08:00"}
{"level":"info","msg":"| 200 |     377.684ms |             ::1 | POST  /user/sign_in |","time":"2020-05-24T09:55:29+08:00"}
{"level":"info","msg":"| 200 |     243.299ms |             ::1 | POST  /user/info |","time":"2020-05-24T09:55:32+08:00"}
{"level":"info","msg":"| 200 |    226.9158ms |             ::1 | POST  /user/info |","time":"2020-05-24T09:55:33+08:00"}
{"level":"info","msg":"| 200 |    237.0142ms |             ::1 | POST  /user/info |","time":"2020-05-24T09:55:39+08:00"}
{"level":"info","msg":"| 200 |      682.08ms |             ::1 | POST  /user/info |","time":"2020-05-24T10:01:27+08:00"}
{"level":"info","msg":"| 200 |    209.4455ms |             ::1 | POST  /user/info |","time":"2020-05-24T10:01:31+08:00"}
{"level":"info","msg":"| 200 |    231.8195ms |             ::1 | POST  /user/info |","time":"2020-05-24T10:01:39+08:00"}
{"level":"info","msg":"| 200 |    250.3753ms |             ::1 | POST  /user/info |","time":"2020-05-24T10:01:44+08:00"}
{"level":"info","msg":"| 200 |    890.8894ms |             ::1 | POST  /user/info |","time":"2020-05-24T10:11:03+08:00"}
{"level":"info","msg":"| 200 |    251.8208ms |             ::1 | POST  /user/reset_pwd |","time":"2020-05-24T10:11:16+08:00"}
{"level":"info","msg":"| 200 |    575.1744ms |             ::1 | POST  /user/reset_pwd |","time":"2020-05-24T10:11:28+08:00"}
{"level":"info","msg":"| 200 |     326.147ms |             ::1 | POST  /user/info |","time":"2020-05-24T10:11:32+08:00"}
{"level":"info","msg":"| 200 |    563.3617ms |             ::1 | POST  /user/reset_pwd |","time":"2020-05-24T10:11:45+08:00"}
{"level":"info","msg":"| 200 |    220.8994ms |             ::1 | POST  /user/info |","time":"2020-05-24T10:11:49+08:00"}
{"level":"info","msg":"| 200 |    306.0583ms |             ::1 | POST  /user/info |","time":"2020-05-24T10:12:13+08:00"}
{"level":"info","msg":"| 200 |     366.199ms |             ::1 | POST  /user/info |","time":"2020-05-24T10:12:21+08:00"}
{"level":"info","msg":"| 200 |    240.2194ms |             ::1 | POST  /user/info |","time":"2020-05-24T10:12:23+08:00"}
{"level":"info","msg":"| 200 |    252.5973ms |             ::1 | POST  /user/info |","time":"2020-05-24T10:12:28+08:00"}
{"level":"info","msg":"| 200 |    238.5724ms |             ::1 | POST  /user/info |","time":"2020-05-24T10:14:13+08:00"}
{"level":"info","msg":"| 200 |    251.0745ms |             ::1 | POST  /user/info |","time":"2020-05-24T10:14:14+08:00"}
{"level":"info","msg":"| 200 |    250.1521ms |             ::1 | POST  /user/info |","time":"2020-05-24T10:14:15+08:00"}
{"level":"info","msg":"| 200 |    295.0246ms |             ::1 | POST  /user/info |","time":"2020-05-24T10:14:31+08:00"}
{"level":"info","msg":"| 200 |    497.1618ms |             ::1 | POST  /user/info |","time":"2020-05-24T10:15:40+08:00"}
{"level":"info","msg":"| 200 |     264.533ms |             ::1 | POST  /user/info |","time":"2020-05-24T10:15:44+08:00"}
{"level":"info","msg":"| 200 |    220.9979ms |             ::1 | POST  /user/info |","time":"2020-05-24T10:15:51+08:00"}
{"level":"info","msg":"| 200 |    348.0507ms |             ::1 | POST  /user/info |","time":"2020-05-24T10:16:01+08:00"}
{"level":"info","msg":"| 200 |    227.3024ms |             ::1 | POST  /user/info |","time":"2020-05-24T10:16:04+08:00"}
{"level":"info","msg":"| 200 |    3.0098581s |             ::1 | POST  /user/info |","time":"2020-05-24T10:16:20+08:00"}
{"level":"info","msg":"| 200 |    363.6698ms |             ::1 | POST  /user/info |","time":"2020-05-24T10:16:26+08:00"}
{"level":"info","msg":"| 200 |    227.5209ms |             ::1 | POST  /user/info |","time":"2020-05-24T10:16:32+08:00"}
{"level":"info","msg":"| 200 |    305.2101ms |             ::1 | POST  /user/info |","time":"2020-05-24T10:18:25+08:00"}
{"level":"info","msg":"| 200 |    210.3637ms |             ::1 | POST  /user/info |","time":"2020-05-24T10:21:23+08:00"}
{"level":"info","msg":"| 200 |    223.4039ms |             ::1 | POST  /user/info |","time":"2020-05-24T10:21:24+08:00"}
{"level":"info","msg":"| 200 |    330.6752ms |             ::1 | POST  /user/info |","time":"2020-05-24T10:23:32+08:00"}
{"level":"info","msg":"| 200 |    242.9393ms |             ::1 | POST  /user/info |","time":"2020-05-24T10:23:34+08:00"}
{"level":"info","msg":"| 200 |    231.9377ms |             ::1 | POST  /user/info |","time":"2020-05-24T10:24:00+08:00"}
{"level":"info","msg":"| 200 |    225.9857ms |             ::1 | POST  /user/info |","time":"2020-05-24T10:24:01+08:00"}
{"level":"info","msg":"| 200 |    297.0326ms |             ::1 | POST  /user/info |","time":"2020-05-24T10:24:22+08:00"}
{"level":"info","msg":"| 200 |    224.9301ms |             ::1 | POST  /user/info |","time":"2020-05-24T10:24:23+08:00"}
{"level":"info","msg":"| 200 |    315.1962ms |             ::1 | POST  /user/info |","time":"2020-05-24T10:24:42+08:00"}
{"level":"info","msg":"| 200 |    217.6392ms |             ::1 | POST  /user/info |","time":"2020-05-24T10:24:44+08:00"}
{"level":"info","msg":"| 200 |    328.4962ms |             ::1 | POST  /user/info |","time":"2020-05-24T10:25:11+08:00"}
{"level":"info","msg":"| 200 |    323.4411ms |             ::1 | POST  /user/info |","time":"2020-05-24T10:25:12+08:00"}
{"level":"info","msg":"| 200 |    210.1696ms |             ::1 | POST  /user/info |","time":"2020-05-24T10:26:47+08:00"}
{"level":"info","msg":"| 200 |    219.7026ms |             ::1 | POST  /user/info |","time":"2020-05-24T10:26:48+08:00"}
{"level":"info","msg":"| 200 |    629.3252ms |             ::1 | POST  /user/info |","time":"2020-05-24T10:27:53+08:00"}
{"level":"info","msg":"| 200 |   19.4016457s |             ::1 | POST  /user/info |","time":"2020-05-24T10:28:11+08:00"}
{"level":"info","msg":"| 200 |    359.5409ms |             ::1 | POST  /user/info |","time":"2020-05-24T10:30:21+08:00"}
{"level":"info","msg":"| 200 |    264.5333ms |             ::1 | POST  /user/info |","time":"2020-05-24T10:30:22+08:00"}
{"level":"info","msg":"| 200 |    337.1691ms |             ::1 | POST  /user/info |","time":"2020-05-24T10:30:42+08:00"}
{"level":"info","msg":"| 200 |     221.737ms |             ::1 | POST  /user/info |","time":"2020-05-24T10:30:43+08:00"}
{"level":"info","msg":"| 200 |    392.3588ms |             ::1 | POST  /user/info |","time":"2020-05-24T10:36:53+08:00"}
{"level":"info","msg":"| 200 |     234.167ms |             ::1 | POST  /user/info |","time":"2020-05-24T10:36:54+08:00"}
{"level":"info","msg":"| 200 |    313.5667ms |             ::1 | POST  /user/info |","time":"2020-05-24T10:38:12+08:00"}
{"level":"info","msg":"| 200 |    243.2866ms |             ::1 | POST  /user/info |","time":"2020-05-24T10:38:13+08:00"}
{"level":"info","msg":"| 200 |    224.8678ms |             ::1 | POST  /user/info |","time":"2020-05-24T10:38:43+08:00"}
{"level":"info","msg":"| 200 |    233.3701ms |             ::1 | POST  /user/info |","time":"2020-05-24T10:38:45+08:00"}
{"level":"info","msg":"| 200 |    242.2161ms |             ::1 | POST  /user/info |","time":"2020-05-24T10:40:15+08:00"}
{"level":"info","msg":"| 200 |    216.7672ms |             ::1 | POST  /user/info |","time":"2020-05-24T10:40:16+08:00"}
{"level":"info","msg":"| 200 |    387.3625ms |             ::1 | POST  /user/info |","time":"2020-05-24T10:42:02+08:00"}
{"level":"info","msg":"| 200 |    319.9804ms |             ::1 | POST  /user/info |","time":"2020-05-24T10:42:04+08:00"}
{"level":"info","msg":"| 200 |    253.0628ms |             ::1 | POST  /user/info |","time":"2020-05-24T10:42:24+08:00"}
{"level":"info","msg":"| 200 |     218.714ms |             ::1 | POST  /user/info |","time":"2020-05-24T10:42:25+08:00"}
{"level":"info","msg":"| 200 |    230.7933ms |             ::1 | POST  /user/info |","time":"2020-05-24T10:42:35+08:00"}
{"level":"info","msg":"| 200 |    225.9452ms |             ::1 | POST  /user/info |","time":"2020-05-24T10:42:40+08:00"}
{"level":"info","msg":"| 200 |    522.6317ms |             ::1 | POST  /user/info |","time":"2020-05-24T10:44:10+08:00"}
{"level":"info","msg":"| 200 |   19.3052583s |             ::1 | POST  /user/info |","time":"2020-05-24T10:44:28+08:00"}
{"level":"info","msg":"| 200 |      223.68ms |             ::1 | POST  /user/info |","time":"2020-05-24T10:45:33+08:00"}
{"level":"info","msg":"| 200 |    233.5979ms |             ::1 | POST  /user/info |","time":"2020-05-24T10:45:34+08:00"}
{"level":"info","msg":"| 200 |    250.3927ms |             ::1 | POST  /user/info |","time":"2020-05-24T10:46:35+08:00"}
{"level":"info","msg":"| 200 |    229.5398ms |             ::1 | POST  /user/info |","time":"2020-05-24T10:46:36+08:00"}
{"level":"info","msg":"| 200 |    256.5649ms |             ::1 | POST  /user/info |","time":"2020-05-24T10:46:49+08:00"}
{"level":"info","msg":"| 200 |    226.7499ms |             ::1 | POST  /user/info |","time":"2020-05-24T10:46:50+08:00"}
{"level":"info","msg":"| 200 |     479.191ms |             ::1 | POST  /user/info |","time":"2020-05-24T10:47:08+08:00"}
{"level":"info","msg":"| 200 |    309.0155ms |             ::1 | POST  /user/info |","time":"2020-05-24T10:47:10+08:00"}
{"level":"info","msg":"| 200 |    253.9572ms |             ::1 | POST  /user/info |","time":"2020-05-24T10:48:58+08:00"}
{"level":"info","msg":"| 200 |    249.3802ms |             ::1 | POST  /user/info |","time":"2020-05-24T10:49:00+08:00"}
{"level":"info","msg":"| 200 |    518.2874ms |             ::1 | POST  /user/info |","time":"2020-05-24T10:49:30+08:00"}
{"level":"info","msg":"| 200 |    443.8302ms |             ::1 | POST  /user/upload |","time":"2020-05-24T10:49:34+08:00"}
{"level":"info","msg":"| 200 |   19.3201591s |             ::1 | POST  /user/info |","time":"2020-05-24T10:49:48+08:00"}
{"level":"info","msg":"| 200 |    253.8006ms |             ::1 | POST  /user/info |","time":"2020-05-24T10:50:00+08:00"}
{"level":"info","msg":"| 200 |    379.6642ms |             ::1 | POST  /user/info |","time":"2020-05-24T10:50:01+08:00"}
{"level":"info","msg":"| 200 |      424.87ms |             ::1 | POST  /user/upload |","time":"2020-05-24T10:50:05+08:00"}
{"level":"info","msg":"| 200 |    508.3755ms |             ::1 | POST  /user/upload |","time":"2020-05-24T10:50:12+08:00"}
{"level":"info","msg":"| 200 |    242.6189ms |             ::1 | POST  /user/info |","time":"2020-05-24T10:50:35+08:00"}
{"level":"info","msg":"| 200 |    220.1544ms |             ::1 | POST  /user/info |","time":"2020-05-24T10:50:36+08:00"}
{"level":"info","msg":"| 200 |    237.3252ms |             ::1 | POST  /user/info |","time":"2020-05-24T10:51:57+08:00"}
{"level":"info","msg":"| 200 |    247.5102ms |             ::1 | POST  /user/info |","time":"2020-05-24T10:51:58+08:00"}
{"level":"info","msg":"| 200 |    3.0136179s |             ::1 | POST  /user/info |","time":"2020-05-24T10:54:05+08:00"}
{"level":"info","msg":"| 200 |    538.0382ms |             ::1 | POST  /user/info |","time":"2020-05-24T10:54:10+08:00"}
{"level":"info","msg":"| 200 |    2.1749628s |             ::1 | POST  /user/info |","time":"2020-05-24T10:54:13+08:00"}
{"level":"info","msg":"| 200 |   19.4576632s |             ::1 | POST  /user/info |","time":"2020-05-24T10:54:23+08:00"}
{"level":"info","msg":"| 200 |    349.2877ms |             ::1 | POST  /user/upload |","time":"2020-05-24T10:54:45+08:00"}
{"level":"info","msg":"| 200 |    439.4414ms |             ::1 | POST  /user/info |","time":"2020-05-24T11:00:19+08:00"}
{"level":"info","msg":"| 200 |    264.7612ms |             ::1 | POST  /user/info |","time":"2020-05-24T11:00:20+08:00"}
{"level":"info","msg":"| 200 |    543.8225ms |             ::1 | POST  /user/upload |","time":"2020-05-24T11:00:41+08:00"}
{"level":"info","msg":"| 200 |    572.9881ms |             ::1 | POST  /user/submit_auth |","time":"2020-05-24T11:00:44+08:00"}
{"level":"info","msg":"| 200 |    258.9342ms |             ::1 | POST  /user/info |","time":"2020-05-24T11:00:55+08:00"}
{"level":"info","msg":"| 200 |     269.289ms |             ::1 | POST  /user/info |","time":"2020-05-24T11:00:58+08:00"}
{"level":"info","msg":"| 200 |    419.7154ms |             ::1 | POST  /user/info |","time":"2020-05-24T11:01:54+08:00"}
{"level":"info","msg":"| 200 |    394.7149ms |             ::1 | POST  /user/info |","time":"2020-05-24T11:01:55+08:00"}
{"level":"info","msg":"| 200 |      2.0057ms |             ::1 | POST  /user/info |","time":"2020-05-24T11:48:51+08:00"}
{"level":"info","msg":"| 200 |      1.0001ms |             ::1 | POST  /user/info |","time":"2020-05-24T11:48:53+08:00"}
{"level":"info","msg":"| 200 |    717.4362ms |             ::1 | POST  /user/info |","time":"2020-05-24T11:49:47+08:00"}
{"level":"info","msg":"| 200 |    288.1613ms |             ::1 | POST  /user/info |","time":"2020-05-24T11:49:50+08:00"}
{"level":"info","msg":"| 200 |    247.8285ms |             ::1 | POST  /user/info |","time":"2020-05-24T11:50:58+08:00"}
{"level":"info","msg":"| 200 |    251.6416ms |             ::1 | POST  /user/info |","time":"2020-05-24T11:50:59+08:00"}
{"level":"info","msg":"| 200 |    535.3246ms |             ::1 | POST  /user/info |","time":"2020-05-24T11:51:50+08:00"}
{"level":"info","msg":"| 200 |    351.3766ms |             ::1 | POST  /user/info |","time":"2020-05-24T11:51:51+08:00"}
{"level":"info","msg":"| 200 |     307.238ms |             ::1 | POST  /user/upload |","time":"2020-05-24T11:51:56+08:00"}
{"level":"info","msg":"| 200 |    574.2596ms |             ::1 | POST  /user/submit_auth |","time":"2020-05-24T11:51:58+08:00"}
{"level":"info","msg":"| 200 |    233.8679ms |             ::1 | POST  /user/info |","time":"2020-05-24T11:51:59+08:00"}
{"level":"info","msg":"| 200 |    323.1172ms |             ::1 | POST  /user/upload |","time":"2020-05-24T11:52:09+08:00"}
{"level":"info","msg":"| 200 |    581.1712ms |             ::1 | POST  /user/submit_auth |","time":"2020-05-24T11:52:13+08:00"}
{"level":"info","msg":"| 200 |    249.7962ms |             ::1 | POST  /user/info |","time":"2020-05-24T11:52:14+08:00"}
{"level":"info","msg":"| 200 |    240.5324ms |             ::1 | POST  /user/info |","time":"2020-05-24T11:52:23+08:00"}
{"level":"info","msg":"| 200 |    240.1975ms |             ::1 | POST  /user/info |","time":"2020-05-24T11:53:22+08:00"}
{"level":"info","msg":"| 200 |    257.5765ms |             ::1 | POST  /user/info |","time":"2020-05-24T11:53:38+08:00"}
{"level":"info","msg":"| 200 |    249.4067ms |             ::1 | POST  /user/info |","time":"2020-05-24T11:57:36+08:00"}
{"level":"info","msg":"| 200 |    240.0047ms |             ::1 | POST  /user/info |","time":"2020-05-24T11:57:38+08:00"}
{"level":"info","msg":"| 200 |    252.6472ms |             ::1 | POST  /user/info |","time":"2020-05-24T11:58:07+08:00"}
{"level":"info","msg":"| 200 |    251.5687ms |             ::1 | POST  /user/info |","time":"2020-05-24T11:58:09+08:00"}
{"level":"info","msg":"| 200 |    225.0427ms |             ::1 | POST  /user/info |","time":"2020-05-24T11:58:31+08:00"}
{"level":"info","msg":"| 200 |    234.0135ms |             ::1 | POST  /user/info |","time":"2020-05-24T11:58:32+08:00"}
{"level":"info","msg":"| 200 |    238.2669ms |             ::1 | POST  /user/info |","time":"2020-05-24T11:59:06+08:00"}
{"level":"info","msg":"| 200 |    252.5351ms |             ::1 | POST  /user/info |","time":"2020-05-24T11:59:08+08:00"}
{"level":"info","msg":"| 200 |    244.0909ms |             ::1 | POST  /user/info |","time":"2020-05-24T11:59:11+08:00"}
{"level":"info","msg":"| 200 |    254.0135ms |             ::1 | POST  /user/info |","time":"2020-05-24T11:59:15+08:00"}
{"level":"info","msg":"| 200 |    249.2552ms |             ::1 | POST  /user/info |","time":"2020-05-24T11:59:34+08:00"}
{"level":"info","msg":"| 200 |     275.113ms |             ::1 | POST  /user/info |","time":"2020-05-24T11:59:50+08:00"}
{"level":"info","msg":"| 200 |    251.8656ms |             ::1 | POST  /user/info |","time":"2020-05-24T11:59:51+08:00"}
{"level":"info","msg":"| 200 |    247.3911ms |             ::1 | POST  /user/info |","time":"2020-05-24T12:00:11+08:00"}
{"level":"info","msg":"| 200 |    256.0354ms |             ::1 | POST  /user/info |","time":"2020-05-24T12:00:12+08:00"}
{"level":"info","msg":"| 200 |     236.384ms |             ::1 | POST  /user/info |","time":"2020-05-24T12:01:22+08:00"}
{"level":"info","msg":"| 200 |    279.7354ms |             ::1 | POST  /user/info |","time":"2020-05-24T12:02:02+08:00"}
{"level":"info","msg":"| 200 |    256.2684ms |             ::1 | POST  /user/info |","time":"2020-05-24T12:02:04+08:00"}
{"level":"info","msg":"| 200 |    245.8867ms |             ::1 | POST  /user/info |","time":"2020-05-24T12:02:06+08:00"}
{"level":"info","msg":"| 200 |     256.399ms |             ::1 | POST  /user/info |","time":"2020-05-24T12:02:17+08:00"}
{"level":"info","msg":"| 200 |    266.2306ms |             ::1 | POST  /user/info |","time":"2020-05-24T12:02:20+08:00"}
{"level":"info","msg":"| 200 |    302.8079ms |             ::1 | POST  /user/info |","time":"2020-05-24T12:02:42+08:00"}
{"level":"info","msg":"| 200 |    334.7311ms |             ::1 | POST  /user/info |","time":"2020-05-24T12:02:50+08:00"}
{"level":"info","msg":"| 200 |    532.7676ms |             ::1 | POST  /user/info |","time":"2020-05-24T12:03:08+08:00"}
{"level":"info","msg":"| 200 |    249.7737ms |             ::1 | POST  /user/info |","time":"2020-05-24T12:03:10+08:00"}
{"level":"info","msg":"| 200 |    247.2977ms |             ::1 | POST  /user/info |","time":"2020-05-24T12:03:14+08:00"}
{"level":"info","msg":"| 200 |    237.8287ms |             ::1 | POST  /user/info |","time":"2020-05-24T12:03:19+08:00"}
{"level":"info","msg":"| 200 |   21.7089066s |             ::1 | POST  /user/info |","time":"2020-05-24T12:03:28+08:00"}
{"level":"info","msg":"| 200 |    252.6967ms |             ::1 | POST  /user/info |","time":"2020-05-24T12:03:33+08:00"}
{"level":"info","msg":"| 200 |    167.1488ms |             ::1 | POST  /user/info |","time":"2020-05-24T12:04:01+08:00"}
{"level":"info","msg":"| 200 |    543.5597ms |             ::1 | POST  /user/info |","time":"2020-05-24T12:04:04+08:00"}
{"level":"info","msg":"| 200 |    254.8199ms |             ::1 | POST  /user/info |","time":"2020-05-24T12:04:05+08:00"}
{"level":"info","msg":"| 200 |    230.4073ms |             ::1 | POST  /user/info |","time":"2020-05-24T12:05:33+08:00"}
{"level":"info","msg":"| 200 |    252.6315ms |             ::1 | POST  /user/info |","time":"2020-05-24T12:05:34+08:00"}
{"level":"info","msg":"| 200 |    241.7011ms |             ::1 | POST  /user/info |","time":"2020-05-24T12:06:59+08:00"}
{"level":"info","msg":"| 200 |    252.8674ms |             ::1 | POST  /user/info |","time":"2020-05-24T12:07:00+08:00"}
{"level":"info","msg":"| 200 |    230.4943ms |             ::1 | POST  /user/info |","time":"2020-05-24T12:07:10+08:00"}
{"level":"info","msg":"| 200 |    243.4299ms |             ::1 | POST  /user/info |","time":"2020-05-24T12:07:13+08:00"}
{"level":"info","msg":"| 200 |    245.6089ms |             ::1 | POST  /user/info |","time":"2020-05-24T12:07:14+08:00"}
{"level":"info","msg":"| 200 |    246.9816ms |             ::1 | POST  /user/info |","time":"2020-05-24T12:07:15+08:00"}
{"level":"info","msg":"| 200 |    240.9007ms |             ::1 | POST  /user/info |","time":"2020-05-24T12:07:46+08:00"}
{"level":"info","msg":"| 200 |    242.9491ms |             ::1 | POST  /user/info |","time":"2020-05-24T12:07:48+08:00"}
{"level":"info","msg":"| 200 |    245.7191ms |             ::1 | POST  /user/info |","time":"2020-05-24T12:07:49+08:00"}
{"level":"info","msg":"| 200 |    241.1541ms |             ::1 | POST  /user/info |","time":"2020-05-24T12:07:51+08:00"}
{"level":"info","msg":"| 200 |     237.891ms |             ::1 | POST  /user/info |","time":"2020-05-24T12:07:53+08:00"}
{"level":"info","msg":"| 200 |    274.5929ms |             ::1 | POST  /user/info |","time":"2020-05-24T12:07:54+08:00"}
{"level":"info","msg":"| 200 |    231.0745ms |             ::1 | POST  /user/info |","time":"2020-05-24T12:08:22+08:00"}
{"level":"info","msg":"| 200 |    244.2875ms |             ::1 | POST  /user/info |","time":"2020-05-24T12:08:24+08:00"}
{"level":"info","msg":"| 200 |    238.7315ms |             ::1 | POST  /user/info |","time":"2020-05-24T12:08:45+08:00"}
{"level":"info","msg":"| 200 |    260.2036ms |             ::1 | POST  /user/info |","time":"2020-05-24T12:08:49+08:00"}
{"level":"info","msg":"| 200 |     240.055ms |             ::1 | POST  /user/info |","time":"2020-05-24T12:08:53+08:00"}
{"level":"info","msg":"| 200 |    268.3251ms |             ::1 | POST  /user/info |","time":"2020-05-24T12:08:55+08:00"}
{"level":"info","msg":"| 200 |    235.9757ms |             ::1 | POST  /user/info |","time":"2020-05-24T12:09:06+08:00"}
{"level":"info","msg":"| 200 |    233.0373ms |             ::1 | POST  /user/info |","time":"2020-05-24T12:09:13+08:00"}
{"level":"info","msg":"| 200 |    241.9597ms |             ::1 | POST  /user/info |","time":"2020-05-24T12:09:18+08:00"}
{"level":"info","msg":"| 200 |      2.0045ms |             ::1 | POST  /user/info |","time":"2020-05-24T16:18:06+08:00"}
{"level":"info","msg":"| 200 |       501.8µs |             ::1 | POST  /user/info |","time":"2020-05-24T16:18:08+08:00"}
{"level":"info","msg":"| 200 |       501.4µs |             ::1 | POST  /user/info |","time":"2020-05-24T16:18:15+08:00"}
{"level":"info","msg":"| 200 |      1.0026ms |             ::1 | POST  /user/info |","time":"2020-05-24T16:18:18+08:00"}
{"level":"info","msg":"| 200 |     379.334ms |             ::1 | POST  /user/sign_in |","time":"2020-05-24T16:18:26+08:00"}
{"level":"info","msg":"| 200 |    228.2868ms |             ::1 | POST  /user/info |","time":"2020-05-24T16:18:29+08:00"}
{"level":"info","msg":"| 200 |    236.5367ms |             ::1 | POST  /user/info |","time":"2020-05-24T16:18:41+08:00"}
{"level":"info","msg":"| 200 |    417.4622ms |             ::1 | POST  /admin/sign_in |","time":"2020-05-24T16:39:17+08:00"}
{"level":"info","msg":"| 200 |    150.3151ms |             ::1 | POST  /admin/sign_in |","time":"2020-05-24T16:39:28+08:00"}
{"level":"info","msg":"| 200 |    337.0991ms |             ::1 | POST  /admin/sign_in |","time":"2020-05-24T16:39:35+08:00"}
{"level":"info","msg":"| 200 |     93.0598ms |             ::1 | POST  /admin/reset |","time":"2020-05-24T16:43:43+08:00"}
{"level":"info","msg":"| 200 |    608.2564ms |             ::1 | POST  /admin/reset |","time":"2020-05-24T16:44:04+08:00"}
{"level":"info","msg":"| 200 |    624.9928ms |             ::1 | POST  /admin/reset |","time":"2020-05-24T16:44:12+08:00"}
{"level":"info","msg":"| 200 |     324.928ms |             ::1 | POST  /admin/sign_in |","time":"2020-05-24T16:44:19+08:00"}
{"level":"info","msg":"| 200 |    201.3376ms |             ::1 | POST  /admin/sign_in |","time":"2020-05-24T16:44:26+08:00"}
{"level":"info","msg":"| 200 |    182.5642ms |             ::1 | POST  /admin/sign_in |","time":"2020-05-24T16:44:32+08:00"}
{"level":"info","msg":"| 200 |    396.1237ms |             ::1 | POST  /admin/sign_in |","time":"2020-05-24T16:44:35+08:00"}
{"level":"info","msg":"| 200 |     269.876ms |             ::1 | POST  /admin/sign_in |","time":"2020-05-24T16:44:37+08:00"}
{"level":"info","msg":"| 200 |    627.9804ms |             ::1 | POST  /admin/reset |","time":"2020-05-24T16:44:47+08:00"}
{"level":"info","msg":"| 200 |    435.8246ms |             ::1 | POST  /admin/sign_in |","time":"2020-05-24T18:16:48+08:00"}
{"level":"info","msg":"| 200 |     94.7849ms |             ::1 | POST  /user/list |","time":"2020-05-24T18:17:45+08:00"}
{"level":"info","msg":"| 200 |    326.9283ms |             ::1 | POST  /user/list |","time":"2020-05-24T18:18:14+08:00"}
{"level":"info","msg":"| 200 |    168.5662ms |             ::1 | POST  /user/list |","time":"2020-05-24T18:18:32+08:00"}
{"level":"info","msg":"| 200 |    193.4724ms |             ::1 | POST  /user/list |","time":"2020-05-24T18:18:37+08:00"}
{"level":"info","msg":"| 200 |      402.88ms |             ::1 | POST  /user/list |","time":"2020-05-24T18:18:47+08:00"}
{"level":"info","msg":"| 200 |      393.94ms |             ::1 | POST  /user/list |","time":"2020-05-24T18:19:01+08:00"}
{"level":"info","msg":"| 200 |    425.2821ms |             ::1 | POST  /user/list |","time":"2020-05-24T18:19:12+08:00"}
{"level":"info","msg":"| 200 |    438.9956ms |             ::1 | POST  /user/list |","time":"2020-05-24T18:19:16+08:00"}
{"level":"info","msg":"| 200 |    244.0631ms |             ::1 | POST  /admin/sign_in |","time":"2020-05-24T18:23:04+08:00"}
{"level":"info","msg":"| 200 |    244.4062ms |             ::1 | POST  /user/list |","time":"2020-05-24T18:27:57+08:00"}
{"level":"info","msg":"| 200 |    680.7048ms |             ::1 | POST  /user/list |","time":"2020-05-24T18:32:12+08:00"}
{"level":"info","msg":"| 200 |    239.2072ms |             ::1 | POST  /user/list |","time":"2020-05-24T18:33:04+08:00"}
{"level":"info","msg":"| 200 |    265.6619ms |             ::1 | POST  /user/list |","time":"2020-05-24T18:33:37+08:00"}
{"level":"info","msg":"| 200 |    301.3794ms |             ::1 | POST  /user/list |","time":"2020-05-24T18:36:01+08:00"}
{"level":"info","msg":"| 200 |    511.9484ms |             ::1 | POST  /user/list |","time":"2020-05-24T18:40:22+08:00"}
{"level":"info","msg":"| 200 |    250.0889ms |             ::1 | POST  /user/list |","time":"2020-05-24T18:40:44+08:00"}
{"level":"info","msg":"| 200 |    540.6434ms |             ::1 | POST  /user/info |","time":"2020-05-24T18:45:23+08:00"}
{"level":"info","msg":"| 200 |    232.2838ms |             ::1 | POST  /user/info |","time":"2020-05-24T18:45:24+08:00"}
{"level":"info","msg":"| 200 |    217.1827ms |             ::1 | POST  /user/info |","time":"2020-05-24T18:45:25+08:00"}
{"level":"info","msg":"| 200 |    229.1879ms |             ::1 | POST  /user/info |","time":"2020-05-24T18:45:26+08:00"}
{"level":"info","msg":"| 200 |    291.7017ms |             ::1 | POST  /user/info |","time":"2020-05-24T18:45:29+08:00"}
{"level":"info","msg":"| 200 |    549.1869ms |             ::1 | POST  /user/list |","time":"2020-05-24T18:50:18+08:00"}
{"level":"info","msg":"| 200 |    248.1088ms |             ::1 | POST  /user/list |","time":"2020-05-24T18:50:37+08:00"}
{"level":"info","msg":"| 200 |    232.9067ms |             ::1 | POST  /user/list |","time":"2020-05-24T18:54:24+08:00"}
{"level":"info","msg":"| 200 |    248.6933ms |             ::1 | POST  /user/list |","time":"2020-05-24T18:54:28+08:00"}
{"level":"info","msg":"| 200 |    391.8413ms |             ::1 | POST  /user/list |","time":"2020-05-24T18:54:35+08:00"}
{"level":"info","msg":"| 200 |    387.8813ms |             ::1 | POST  /user/list |","time":"2020-05-24T18:54:36+08:00"}
{"level":"info","msg":"| 200 |    245.3785ms |             ::1 | POST  /user/list |","time":"2020-05-24T18:54:41+08:00"}
{"level":"info","msg":"| 200 |    247.6634ms |             ::1 | POST  /user/list |","time":"2020-05-24T18:55:07+08:00"}
{"level":"info","msg":"| 200 |    398.4768ms |             ::1 | POST  /user/list |","time":"2020-05-24T18:55:08+08:00"}
{"level":"info","msg":"| 200 |    536.6652ms |             ::1 | POST  /user/list |","time":"2020-05-24T18:55:10+08:00"}
{"level":"info","msg":"| 200 |    281.4379ms |             ::1 | POST  /user/list |","time":"2020-05-24T18:56:18+08:00"}
{"level":"info","msg":"| 200 |    496.7014ms |             ::1 | POST  /user/list |","time":"2020-05-24T18:56:21+08:00"}
{"level":"info","msg":"| 200 |     409.443ms |             ::1 | POST  /user/list |","time":"2020-05-24T18:56:23+08:00"}
{"level":"info","msg":"| 200 |    239.9773ms |             ::1 | POST  /user/list |","time":"2020-05-24T18:56:24+08:00"}
{"level":"info","msg":"| 200 |    264.8883ms |             ::1 | POST  /user/list |","time":"2020-05-24T18:57:33+08:00"}
{"level":"info","msg":"| 200 |     247.747ms |             ::1 | POST  /user/list |","time":"2020-05-24T18:57:35+08:00"}
{"level":"info","msg":"| 200 |    231.1988ms |             ::1 | POST  /user/list |","time":"2020-05-24T18:57:37+08:00"}
{"level":"info","msg":"| 200 |    248.9681ms |             ::1 | POST  /user/list |","time":"2020-05-24T18:57:41+08:00"}
{"level":"info","msg":"| 200 |    246.2494ms |             ::1 | POST  /user/list |","time":"2020-05-24T18:57:42+08:00"}
{"level":"info","msg":"| 200 |    218.8391ms |             ::1 | POST  /user/list |","time":"2020-05-24T18:57:43+08:00"}
{"level":"info","msg":"| 200 |    236.1152ms |             ::1 | POST  /user/list |","time":"2020-05-24T18:57:44+08:00"}
{"level":"info","msg":"| 200 |    237.3184ms |             ::1 | POST  /user/list |","time":"2020-05-24T18:57:50+08:00"}
{"level":"info","msg":"| 200 |    265.2851ms |             ::1 | POST  /user/list |","time":"2020-05-24T18:58:28+08:00"}
{"level":"info","msg":"| 200 |    283.0178ms |             ::1 | POST  /user/list |","time":"2020-05-24T18:58:31+08:00"}
{"level":"info","msg":"| 200 |     240.611ms |             ::1 | POST  /user/list |","time":"2020-05-24T18:58:32+08:00"}
{"level":"info","msg":"| 200 |    266.5472ms |             ::1 | POST  /user/list |","time":"2020-05-24T18:58:33+08:00"}
{"level":"info","msg":"| 200 |    448.2048ms |             ::1 | POST  /user/list |","time":"2020-05-24T18:58:36+08:00"}
{"level":"info","msg":"| 200 |    400.3281ms |             ::1 | POST  /user/list |","time":"2020-05-24T18:58:37+08:00"}
{"level":"info","msg":"| 200 |    236.1314ms |             ::1 | POST  /user/list |","time":"2020-05-24T18:58:38+08:00"}
{"level":"info","msg":"| 200 |     236.204ms |             ::1 | POST  /user/list |","time":"2020-05-24T18:58:52+08:00"}
{"level":"info","msg":"| 200 |    236.7164ms |             ::1 | POST  /user/list |","time":"2020-05-24T18:58:54+08:00"}
{"level":"info","msg":"| 200 |    244.9839ms |             ::1 | POST  /user/list |","time":"2020-05-24T18:58:55+08:00"}
{"level":"info","msg":"| 200 |    395.8656ms |             ::1 | POST  /user/list |","time":"2020-05-24T18:58:57+08:00"}
{"level":"info","msg":"| 200 |    406.3159ms |             ::1 | POST  /user/list |","time":"2020-05-24T18:58:57+08:00"}
{"level":"info","msg":"| 200 |    393.4622ms |             ::1 | POST  /user/list |","time":"2020-05-24T18:58:58+08:00"}
{"level":"info","msg":"| 200 |    229.8168ms |             ::1 | POST  /user/list |","time":"2020-05-24T18:58:59+08:00"}
{"level":"info","msg":"| 200 |    237.0065ms |             ::1 | POST  /user/list |","time":"2020-05-24T18:59:07+08:00"}
{"level":"info","msg":"| 200 |    222.4973ms |             ::1 | POST  /user/list |","time":"2020-05-24T18:59:09+08:00"}
{"level":"info","msg":"| 200 |    391.6101ms |             ::1 | POST  /user/list |","time":"2020-05-24T19:14:14+08:00"}
{"level":"info","msg":"| 200 |     361.283ms |             ::1 | POST  /user/search |","time":"2020-05-24T19:14:25+08:00"}
{"level":"info","msg":"| 200 |    372.9472ms |             ::1 | POST  /user/search |","time":"2020-05-24T19:14:36+08:00"}
{"level":"info","msg":"| 200 |    237.3632ms |             ::1 | POST  /user/list |","time":"2020-05-24T19:14:39+08:00"}
{"level":"info","msg":"| 200 |    306.9338ms |             ::1 | POST  /user/list |","time":"2020-05-24T19:15:31+08:00"}
{"level":"info","msg":"| 200 |     215.985ms |             ::1 | POST  /user/list |","time":"2020-05-24T19:15:32+08:00"}
{"level":"info","msg":"| 200 |    304.0209ms |             ::1 | POST  /user/list |","time":"2020-05-24T19:20:07+08:00"}
{"level":"info","msg":"| 200 |    367.0225ms |             ::1 | POST  /user/delete |","time":"2020-05-24T19:20:12+08:00"}
{"level":"info","msg":"| 200 |    243.2431ms |             ::1 | POST  /user/list |","time":"2020-05-24T19:20:32+08:00"}
{"level":"info","msg":"| 200 |    211.9534ms |             ::1 | POST  /user/list |","time":"2020-05-24T19:20:37+08:00"}
{"level":"info","msg":"| 200 |    396.2551ms |             ::1 | POST  /user/delete |","time":"2020-05-24T19:20:40+08:00"}
{"level":"info","msg":"| 200 |    209.2612ms |             ::1 | POST  /user/list |","time":"2020-05-24T19:20:42+08:00"}
{"level":"info","msg":"| 200 |    236.3759ms |             ::1 | POST  /user/list |","time":"2020-05-24T19:20:43+08:00"}
{"level":"info","msg":"| 200 |     238.418ms |             ::1 | POST  /user/list |","time":"2020-05-24T19:20:44+08:00"}
{"level":"info","msg":"| 200 |    359.5891ms |             ::1 | POST  /user/list |","time":"2020-05-24T19:20:45+08:00"}
{"level":"info","msg":"| 200 |    379.3809ms |             ::1 | POST  /user/list |","time":"2020-05-24T19:20:46+08:00"}
{"level":"info","msg":"| 200 |    235.6506ms |             ::1 | POST  /user/list |","time":"2020-05-24T19:20:47+08:00"}
{"level":"info","msg":"| 200 |    253.6909ms |             ::1 | POST  /user/list |","time":"2020-05-24T19:20:55+08:00"}
{"level":"info","msg":"| 200 |      1.0026ms |             ::1 | POST  /user/info |","time":"2020-05-24T19:26:18+08:00"}
{"level":"info","msg":"| 200 |            0s |             ::1 | POST  /user/info |","time":"2020-05-24T19:26:21+08:00"}
{"level":"info","msg":"| 200 |    725.0714ms |             ::1 | POST  /user/sign_in |","time":"2020-05-24T19:26:33+08:00"}
{"level":"info","msg":"| 200 |    264.2957ms |             ::1 | POST  /user/info |","time":"2020-05-24T19:26:36+08:00"}
{"level":"info","msg":"| 200 |     358.429ms |             ::1 | POST  /user/list |","time":"2020-05-24T19:31:51+08:00"}
{"level":"info","msg":"| 200 |    242.6547ms |             ::1 | POST  /user/list |","time":"2020-05-24T19:34:17+08:00"}
{"level":"info","msg":"| 200 |    278.9278ms |             ::1 | POST  /user/list |","time":"2020-05-24T19:35:09+08:00"}
{"level":"info","msg":"| 200 |    222.9107ms |             ::1 | POST  /user/list |","time":"2020-05-24T19:38:57+08:00"}
{"level":"info","msg":"| 200 |    599.7236ms |             ::1 | POST  /user/list |","time":"2020-05-24T19:41:25+08:00"}
{"level":"info","msg":"| 200 |   21.8207429s |             ::1 | POST  /user/list |","time":"2020-05-24T19:41:44+08:00"}
{"level":"info","msg":"| 200 |    257.8129ms |             ::1 | POST  /user/list |","time":"2020-05-24T19:45:53+08:00"}
{"level":"info","msg":"| 200 |    248.9805ms |             ::1 | POST  /user/detail |","time":"2020-05-24T19:45:55+08:00"}
{"level":"info","msg":"| 200 |    241.6418ms |             ::1 | POST  /user/list |","time":"2020-05-24T19:46:52+08:00"}
{"level":"info","msg":"| 200 |    253.3986ms |             ::1 | POST  /user/detail |","time":"2020-05-24T19:46:53+08:00"}
{"level":"info","msg":"| 200 |    235.2384ms |             ::1 | POST  /user/list |","time":"2020-05-24T19:47:07+08:00"}
{"level":"info","msg":"| 200 |    265.7207ms |             ::1 | POST  /user/detail |","time":"2020-05-24T19:47:08+08:00"}
{"level":"info","msg":"| 200 |    598.1563ms |             ::1 | POST  /user/list |","time":"2020-05-24T19:49:48+08:00"}
{"level":"info","msg":"| 200 |    302.0126ms |             ::1 | POST  /user/detail |","time":"2020-05-24T19:49:50+08:00"}
{"level":"info","msg":"| 200 |    214.0433ms |             ::1 | POST  /user/list |","time":"2020-05-24T19:49:57+08:00"}
{"level":"info","msg":"| 200 |    223.9552ms |             ::1 | POST  /user/detail |","time":"2020-05-24T19:50:03+08:00"}
{"level":"info","msg":"| 200 |    361.1469ms |             ::1 | POST  /user/list |","time":"2020-05-24T20:10:15+08:00"}
{"level":"info","msg":"| 200 |    246.0791ms |             ::1 | POST  /user/detail |","time":"2020-05-24T20:10:16+08:00"}
{"level":"info","msg":"| 200 |    237.1797ms |             ::1 | POST  /user/list |","time":"2020-05-24T20:10:19+08:00"}
{"level":"info","msg":"| 200 |    284.8606ms |             ::1 | POST  /user/detail |","time":"2020-05-24T20:10:21+08:00"}
{"level":"info","msg":"| 200 |    235.7513ms |             ::1 | POST  /user/list |","time":"2020-05-24T20:11:03+08:00"}
{"level":"info","msg":"| 200 |    218.7204ms |             ::1 | POST  /user/detail |","time":"2020-05-24T20:11:05+08:00"}
{"level":"info","msg":"| 200 |    470.5318ms |             ::1 | POST  /admin/upload |","time":"2020-05-24T20:11:11+08:00"}
{"level":"info","msg":"| 404 |            0s |             ::1 | POST  /user/update |","time":"2020-05-24T20:11:13+08:00"}
{"level":"info","msg":"| 200 |    758.1244ms |             ::1 | POST  /user/update |","time":"2020-05-24T20:11:45+08:00"}
{"level":"info","msg":"| 200 |    257.6452ms |             ::1 | POST  /user/list |","time":"2020-05-24T20:11:48+08:00"}
{"level":"info","msg":"| 200 |    246.8723ms |             ::1 | POST  /user/detail |","time":"2020-05-24T20:11:53+08:00"}
{"level":"info","msg":"| 200 |    933.1494ms |             ::1 | POST  /user/update |","time":"2020-05-24T20:11:58+08:00"}
{"level":"info","msg":"| 200 |     244.288ms |             ::1 | POST  /user/list |","time":"2020-05-24T20:12:01+08:00"}
{"level":"info","msg":"| 200 |            0s |             ::1 | POST  /user/detail |","time":"2020-05-24T20:12:51+08:00"}
{"level":"info","msg":"| 200 |    423.5255ms |             ::1 | POST  /user/list |","time":"2020-05-24T20:12:56+08:00"}
{"level":"info","msg":"| 200 |    255.3558ms |             ::1 | POST  /user/detail |","time":"2020-05-24T20:12:57+08:00"}
{"level":"info","msg":"| 200 |    259.2256ms |             ::1 | POST  /user/list |","time":"2020-05-24T20:12:59+08:00"}
{"level":"info","msg":"| 200 |    254.4214ms |             ::1 | POST  /user/detail |","time":"2020-05-24T20:13:00+08:00"}
{"level":"info","msg":"| 200 |    267.2789ms |             ::1 | POST  /user/list |","time":"2020-05-24T20:13:02+08:00"}
{"level":"info","msg":"| 200 |    281.2254ms |             ::1 | POST  /user/detail |","time":"2020-05-24T20:13:04+08:00"}
{"level":"info","msg":"| 200 |    248.7774ms |             ::1 | POST  /user/list |","time":"2020-05-24T20:13:09+08:00"}
{"level":"info","msg":"| 200 |    243.1129ms |             ::1 | POST  /user/info |","time":"2020-05-24T20:13:12+08:00"}
{"level":"info","msg":"| 200 |    186.5979ms |             ::1 | POST  /user/sign_in |","time":"2020-05-24T20:13:20+08:00"}
{"level":"info","msg":"| 200 |    262.2149ms |             ::1 | POST  /user/sign_in |","time":"2020-05-24T20:13:25+08:00"}
{"level":"info","msg":"| 200 |    259.7099ms |             ::1 | POST  /user/detail |","time":"2020-05-24T20:13:29+08:00"}
{"level":"info","msg":"| 200 |     620.765ms |             ::1 | POST  /user/update |","time":"2020-05-24T20:13:32+08:00"}
{"level":"info","msg":"| 200 |    243.1779ms |             ::1 | POST  /user/list |","time":"2020-05-24T20:13:35+08:00"}
{"level":"info","msg":"| 200 |    249.6409ms |             ::1 | POST  /user/info |","time":"2020-05-24T20:13:37+08:00"}
{"level":"info","msg":"| 200 |    193.1532ms |             ::1 | POST  /user/sign_in |","time":"2020-05-24T20:13:41+08:00"}
{"level":"info","msg":"| 200 |    264.3128ms |             ::1 | POST  /user/sign_in |","time":"2020-05-24T20:13:45+08:00"}
{"level":"info","msg":"| 200 |    251.3199ms |             ::1 | POST  /user/detail |","time":"2020-05-24T20:13:50+08:00"}
{"level":"info","msg":"| 200 |    301.4869ms |             ::1 | POST  /user/list |","time":"2020-05-24T20:13:51+08:00"}
{"level":"info","msg":"| 200 |    251.9795ms |             ::1 | POST  /user/detail |","time":"2020-05-24T20:13:53+08:00"}
{"level":"info","msg":"| 200 |    615.4952ms |             ::1 | POST  /user/update |","time":"2020-05-24T20:13:57+08:00"}
{"level":"info","msg":"| 200 |    261.8057ms |             ::1 | POST  /user/list |","time":"2020-05-24T20:13:59+08:00"}
{"level":"info","msg":"| 200 |    253.4272ms |             ::1 | POST  /user/info |","time":"2020-05-24T20:14:00+08:00"}
{"level":"info","msg":"| 200 |    253.1306ms |             ::1 | POST  /user/sign_in |","time":"2020-05-24T20:14:04+08:00"}
{"level":"info","msg":"| 200 |    262.7149ms |             ::1 | POST  /user/info |","time":"2020-05-24T20:14:06+08:00"}
{"level":"info","msg":"| 200 |    167.0755ms |             ::1 | POST  /user/sign_in |","time":"2020-05-24T20:14:12+08:00"}
{"level":"info","msg":"| 200 |    276.2671ms |             ::1 | POST  /user/sign_in |","time":"2020-05-24T20:14:15+08:00"}
{"level":"info","msg":"| 200 |    261.0812ms |             ::1 | POST  /user/detail |","time":"2020-05-24T20:14:26+08:00"}
{"level":"info","msg":"| 200 |    259.4274ms |             ::1 | POST  /user/list |","time":"2020-05-24T20:14:28+08:00"}
{"level":"info","msg":"| 200 |    530.9124ms |             ::1 | POST  /user/detail |","time":"2020-05-24T20:17:30+08:00"}
{"level":"info","msg":"| 200 |    235.0076ms |             ::1 | POST  /user/list |","time":"2020-05-24T20:18:17+08:00"}
{"level":"info","msg":"| 200 |    242.6808ms |             ::1 | POST  /user/list |","time":"2020-05-24T20:18:34+08:00"}
{"level":"info","msg":"| 200 |    225.4532ms |             ::1 | POST  /user/list |","time":"2020-05-24T20:19:00+08:00"}
{"level":"info","msg":"| 200 |    251.6932ms |             ::1 | POST  /user/detail |","time":"2020-05-24T20:19:02+08:00"}
{"level":"info","msg":"| 200 |    246.3236ms |             ::1 | POST  /user/list |","time":"2020-05-24T20:19:20+08:00"}
{"level":"info","msg":"| 200 |     240.454ms |             ::1 | POST  /user/list |","time":"2020-05-24T20:19:30+08:00"}
{"level":"info","msg":"| 200 |    237.7724ms |             ::1 | POST  /user/list |","time":"2020-05-24T20:21:06+08:00"}
{"level":"info","msg":"| 200 |    257.7984ms |             ::1 | POST  /user/detail |","time":"2020-05-24T20:21:07+08:00"}
{"level":"info","msg":"| 200 |    237.2642ms |             ::1 | POST  /user/list |","time":"2020-05-24T20:21:35+08:00"}
{"level":"info","msg":"| 200 |    247.0472ms |             ::1 | POST  /user/detail |","time":"2020-05-24T20:21:37+08:00"}
{"level":"info","msg":"| 200 |    278.0719ms |             ::1 | POST  /user/list |","time":"2020-05-24T20:21:40+08:00"}
{"level":"info","msg":"| 200 |    276.8141ms |             ::1 | POST  /user/detail |","time":"2020-05-24T20:21:41+08:00"}
{"level":"info","msg":"| 200 |    267.4137ms |             ::1 | POST  /user/list |","time":"2020-05-24T20:21:54+08:00"}
{"level":"info","msg":"| 200 |    253.3551ms |             ::1 | POST  /user/list |","time":"2020-05-24T20:22:11+08:00"}
{"level":"info","msg":"| 200 |     236.195ms |             ::1 | POST  /user/detail |","time":"2020-05-24T20:22:13+08:00"}
{"level":"info","msg":"| 200 |    214.5613ms |             ::1 | POST  /user/list |","time":"2020-05-24T20:22:16+08:00"}
{"level":"info","msg":"| 200 |     233.417ms |             ::1 | POST  /user/detail |","time":"2020-05-24T20:22:17+08:00"}
{"level":"info","msg":"| 200 |    220.6084ms |             ::1 | POST  /user/list |","time":"2020-05-24T20:22:19+08:00"}
{"level":"info","msg":"| 200 |    243.3575ms |             ::1 | POST  /user/detail |","time":"2020-05-24T20:22:20+08:00"}
{"level":"info","msg":"| 200 |     227.706ms |             ::1 | POST  /user/list |","time":"2020-05-24T20:22:22+08:00"}
{"level":"info","msg":"| 200 |    211.7854ms |             ::1 | POST  /user/detail |","time":"2020-05-24T20:22:26+08:00"}
