{"level":"info","msg":"| 200 |    621.7356ms |             ::1 | POST  /user/sign_up |","time":"2020-05-23T18:59:24+08:00"}
{"level":"info","msg":"| 200 |    551.8912ms |             ::1 | POST  /user/sign_in |","time":"2020-05-23T19:00:59+08:00"}
{"level":"info","msg":"| 404 |            0s |             ::1 | POST  /user/upload |","time":"2020-05-23T19:01:39+08:00"}
{"level":"info","msg":"| 200 |    243.7193ms |             ::1 | POST  /user/upload |","time":"2020-05-23T19:03:15+08:00"}
{"level":"info","msg":"| 200 |    563.1684ms |             ::1 | POST  /user/upload |","time":"2020-05-23T19:03:35+08:00"}
{"level":"info","msg":"| 200 |            0s |             ::1 | POST  /user/upload |","time":"2020-05-23T19:03:56+08:00"}
{"level":"info","msg":"| 200 |    323.8515ms |             ::1 | POST  /user/upload |","time":"2020-05-23T19:04:01+08:00"}
{"level":"info","msg":"| 200 |       501.3µs |             ::1 | POST  /user/sign_up |","time":"2020-05-23T19:12:34+08:00"}
{"level":"info","msg":"| 200 |            0s |             ::1 | POST  /user/sign_up |","time":"2020-05-23T19:13:13+08:00"}
{"level":"info","msg":"| 200 |       501.7µs |             ::1 | POST  /user/sign_up |","time":"2020-05-23T19:14:29+08:00"}
{"level":"info","msg":"| 200 |    695.6732ms |             ::1 | POST  /user/sign_up |","time":"2020-05-23T19:14:35+08:00"}
{"level":"info","msg":"| 200 |    143.2299ms |             ::1 | POST  /user/sign_up |","time":"2020-05-23T19:14:54+08:00"}
{"level":"info","msg":"| 200 |    164.4271ms |             ::1 | POST  /user/sign_up |","time":"2020-05-23T19:15:06+08:00"}
{"level":"info","msg":"| 200 |    444.9916ms |             ::1 | POST  /user/sign_up |","time":"2020-05-23T19:15:28+08:00"}
{"level":"info","msg":"| 200 |    286.4832ms |             ::1 | POST  /user/sign_up |","time":"2020-05-23T19:16:57+08:00"}
{"level":"info","msg":"| 200 |    150.3343ms |             ::1 | POST  /user/sign_up |","time":"2020-05-23T19:17:02+08:00"}
{"level":"info","msg":"| 200 |    338.1858ms |             ::1 | POST  /user/sign_up |","time":"2020-05-23T19:17:08+08:00"}
{"level":"info","msg":"| 200 |    562.4751ms |             ::1 | POST  /user/sign_up |","time":"2020-05-23T19:17:20+08:00"}
{"level":"info","msg":"| 200 |    643.6028ms |             ::1 | POST  /user/sign_up |","time":"2020-05-23T19:17:58+08:00"}
{"level":"info","msg":"| 200 |    151.0724ms |             ::1 | POST  /user/sign_up |","time":"2020-05-23T19:22:54+08:00"}
{"level":"info","msg":"| 200 |    454.8121ms |             ::1 | POST  /user/sign_up |","time":"2020-05-23T19:23:01+08:00"}
{"level":"info","msg":"| 200 |    179.1629ms |             ::1 | POST  /user/sign_in |","time":"2020-05-23T19:28:59+08:00"}
{"level":"info","msg":"| 200 |     404.916ms |             ::1 | POST  /user/sign_in |","time":"2020-05-23T19:29:06+08:00"}
{"level":"info","msg":"| 200 |    233.2642ms |             ::1 | POST  /user/sign_in |","time":"2020-05-23T19:30:02+08:00"}
{"level":"info","msg":"| 200 |    244.2543ms |             ::1 | POST  /user/sign_in |","time":"2020-05-23T19:30:19+08:00"}
{"level":"info","msg":"| 200 |    242.5754ms |             ::1 | POST  /user/sign_in |","time":"2020-05-23T19:30:39+08:00"}
{"level":"info","msg":"| 200 |    346.7725ms |             ::1 | POST  /user/sign_in |","time":"2020-05-23T19:31:00+08:00"}
{"level":"info","msg":"| 200 |            0s |             ::1 | POST  /user/info |","time":"2020-05-23T19:38:38+08:00"}
{"level":"info","msg":"| 200 |            0s |             ::1 | POST  /user/info |","time":"2020-05-23T19:39:08+08:00"}
{"level":"info","msg":"| 200 |       502.2µs |             ::1 | POST  /user/info |","time":"2020-05-23T19:39:30+08:00"}
{"level":"info","msg":"| 200 |    401.6226ms |             ::1 | POST  /user/sign_in |","time":"2020-05-23T19:40:00+08:00"}
{"level":"info","msg":"| 200 |            0s |             ::1 | POST  /user/info |","time":"2020-05-23T19:40:02+08:00"}
{"level":"info","msg":"| 200 |    258.0783ms |             ::1 | POST  /user/sign_in |","time":"2020-05-23T19:40:15+08:00"}
{"level":"info","msg":"| 200 |    355.5157ms |             ::1 | POST  /user/info |","time":"2020-05-23T19:40:36+08:00"}
{"level":"info","msg":"| 200 |            0s |             ::1 | POST  /user/info |","time":"2020-05-23T19:41:30+08:00"}
{"level":"info","msg":"| 200 |            0s |             ::1 | POST  /user/info |","time":"2020-05-23T19:42:57+08:00"}
{"level":"info","msg":"| 200 |    320.1694ms |             ::1 | POST  /user/sign_in |","time":"2020-05-23T19:43:10+08:00"}
{"level":"info","msg":"| 200 |      1.0035ms |             ::1 | POST  /user/info |","time":"2020-05-23T19:43:12+08:00"}
{"level":"info","msg":"| 404 |            0s |             ::1 | GET  /user/info |","time":"2020-05-23T19:59:02+08:00"}
{"level":"info","msg":"| 200 |    462.8266ms |             ::1 | POST  /user/info |","time":"2020-05-23T20:01:04+08:00"}
{"level":"info","msg":"| 200 |    512.5039ms |             ::1 | POST  /user/info |","time":"2020-05-23T20:03:32+08:00"}
{"level":"info","msg":"| 200 |    337.2463ms |             ::1 | POST  /user/info |","time":"2020-05-23T20:04:00+08:00"}
{"level":"info","msg":"| 200 |    238.9862ms |             ::1 | POST  /user/info |","time":"2020-05-23T20:04:20+08:00"}
{"level":"info","msg":"| 200 |    359.9458ms |             ::1 | POST  /user/info |","time":"2020-05-23T20:07:08+08:00"}
{"level":"info","msg":"| 200 |    375.5324ms |             ::1 | POST  /user/info |","time":"2020-05-23T20:07:11+08:00"}
{"level":"info","msg":"| 200 |    236.2483ms |             ::1 | POST  /user/info |","time":"2020-05-23T20:07:11+08:00"}
{"level":"info","msg":"| 200 |    252.1523ms |             ::1 | POST  /user/info |","time":"2020-05-23T20:07:41+08:00"}
{"level":"info","msg":"| 200 |    243.7465ms |             ::1 | POST  /user/info |","time":"2020-05-23T20:07:43+08:00"}
{"level":"info","msg":"| 200 |    555.9667ms |             ::1 | POST  /user/info |","time":"2020-05-23T20:10:23+08:00"}
{"level":"info","msg":"| 200 |    19.526385s |             ::1 | POST  /user/info |","time":"2020-05-23T20:10:41+08:00"}
{"level":"info","msg":"| 200 |    338.8603ms |             ::1 | POST  /user/info |","time":"2020-05-23T20:14:35+08:00"}
{"level":"info","msg":"| 200 |    229.8684ms |             ::1 | POST  /user/info |","time":"2020-05-23T20:14:38+08:00"}
{"level":"info","msg":"| 200 |    307.0967ms |             ::1 | POST  /user/info |","time":"2020-05-23T20:14:40+08:00"}
{"level":"info","msg":"| 200 |    366.9172ms |             ::1 | POST  /user/info |","time":"2020-05-23T20:14:48+08:00"}
{"level":"info","msg":"| 200 |    265.8846ms |             ::1 | POST  /user/info |","time":"2020-05-23T20:14:50+08:00"}
{"level":"info","msg":"| 200 |    251.6552ms |             ::1 | POST  /user/info |","time":"2020-05-23T20:15:07+08:00"}
{"level":"info","msg":"| 200 |    238.3885ms |             ::1 | POST  /user/info |","time":"2020-05-23T20:16:03+08:00"}
{"level":"info","msg":"| 200 |    258.5472ms |             ::1 | POST  /user/info |","time":"2020-05-23T20:16:05+08:00"}
{"level":"info","msg":"| 200 |    165.9721ms |             ::1 | POST  /user/sign_in |","time":"2020-05-23T20:16:13+08:00"}
{"level":"info","msg":"| 200 |    165.2194ms |             ::1 | POST  /user/sign_in |","time":"2020-05-23T20:16:18+08:00"}
{"level":"info","msg":"| 200 |     436.771ms |             ::1 | POST  /user/sign_in |","time":"2020-05-23T20:16:22+08:00"}
{"level":"info","msg":"| 200 |    255.8438ms |             ::1 | POST  /user/info |","time":"2020-05-23T20:16:24+08:00"}
{"level":"info","msg":"| 200 |    253.0662ms |             ::1 | POST  /user/info |","time":"2020-05-23T20:16:25+08:00"}
{"level":"info","msg":"| 200 |    404.0934ms |             ::1 | POST  /user/info |","time":"2020-05-23T20:21:58+08:00"}
{"level":"info","msg":"| 200 |    310.9935ms |             ::1 | POST  /user/info |","time":"2020-05-23T20:21:59+08:00"}
{"level":"info","msg":"| 200 |    661.0709ms |             ::1 | POST  /user/reset_name |","time":"2020-05-23T20:22:05+08:00"}
{"level":"info","msg":"| 200 |     243.692ms |             ::1 | POST  /user/info |","time":"2020-05-23T20:22:07+08:00"}
{"level":"info","msg":"| 200 |    267.4351ms |             ::1 | POST  /user/info |","time":"2020-05-23T20:22:09+08:00"}
{"level":"info","msg":"| 200 |    690.2711ms |             ::1 | POST  /user/info |","time":"2020-05-23T20:23:53+08:00"}
{"level":"info","msg":"| 200 |    256.5508ms |             ::1 | POST  /user/info |","time":"2020-05-23T20:23:53+08:00"}
{"level":"info","msg":"| 200 |    658.6841ms |             ::1 | POST  /user/reset_name |","time":"2020-05-23T20:23:58+08:00"}
{"level":"info","msg":"| 200 |    244.2679ms |             ::1 | POST  /user/info |","time":"2020-05-23T20:24:05+08:00"}
{"level":"info","msg":"| 200 |    270.4952ms |             ::1 | POST  /user/info |","time":"2020-05-23T20:24:06+08:00"}
{"level":"info","msg":"| 200 |    240.6148ms |             ::1 | POST  /user/info |","time":"2020-05-23T20:24:15+08:00"}
{"level":"info","msg":"| 200 |    253.0176ms |             ::1 | POST  /user/info |","time":"2020-05-23T20:24:16+08:00"}
{"level":"info","msg":"| 200 |    558.4175ms |             ::1 | POST  /user/reset_name |","time":"2020-05-23T20:24:21+08:00"}
{"level":"info","msg":"| 200 |    311.5102ms |             ::1 | POST  /user/info |","time":"2020-05-23T20:24:23+08:00"}
{"level":"info","msg":"| 200 |    250.0625ms |             ::1 | POST  /user/info |","time":"2020-05-23T20:24:24+08:00"}
{"level":"info","msg":"| 200 |    383.5631ms |             ::1 | POST  /user/info |","time":"2020-05-23T20:38:56+08:00"}
{"level":"info","msg":"| 200 |    246.4909ms |             ::1 | POST  /user/info |","time":"2020-05-23T20:38:57+08:00"}
{"level":"info","msg":"| 200 |     556.387ms |             ::1 | POST  /user/reset_phone |","time":"2020-05-23T20:39:10+08:00"}
{"level":"info","msg":"| 200 |    268.6481ms |             ::1 | POST  /user/info |","time":"2020-05-23T20:39:13+08:00"}
{"level":"info","msg":"| 200 |    302.0829ms |             ::1 | POST  /user/info |","time":"2020-05-23T20:39:30+08:00"}
{"level":"info","msg":"| 200 |    369.8607ms |             ::1 | POST  /user/info |","time":"2020-05-23T20:39:42+08:00"}
{"level":"info","msg":"| 200 |    309.7455ms |             ::1 | POST  /user/sign_in |","time":"2020-05-23T20:39:53+08:00"}
{"level":"info","msg":"| 200 |    216.4199ms |             ::1 | POST  /user/info |","time":"2020-05-23T20:39:56+08:00"}
{"level":"info","msg":"| 200 |    330.6074ms |             ::1 | POST  /user/info |","time":"2020-05-23T20:40:01+08:00"}
{"level":"info","msg":"| 200 |     215.744ms |             ::1 | POST  /user/info |","time":"2020-05-23T20:40:02+08:00"}
{"level":"info","msg":"| 200 |    579.6907ms |             ::1 | POST  /user/info |","time":"2020-05-23T20:42:59+08:00"}
{"level":"info","msg":"| 200 |    265.7434ms |             ::1 | POST  /user/info |","time":"2020-05-23T20:43:00+08:00"}
{"level":"info","msg":"| 200 |    614.7145ms |             ::1 | POST  /user/reset_phone |","time":"2020-05-23T20:43:12+08:00"}
{"level":"info","msg":"| 200 |    349.1973ms |             ::1 | POST  /user/sign_in |","time":"2020-05-23T20:43:22+08:00"}
{"level":"info","msg":"| 200 |    323.4577ms |             ::1 | POST  /user/info |","time":"2020-05-23T20:43:26+08:00"}
{"level":"info","msg":"| 200 |    262.8561ms |             ::1 | POST  /user/info |","time":"2020-05-23T20:43:28+08:00"}
{"level":"info","msg":"| 200 |    877.0649ms |             ::1 | POST  /user/info |","time":"2020-05-23T20:48:53+08:00"}
{"level":"info","msg":"| 200 |     468.529ms |             ::1 | POST  /user/info |","time":"2020-05-23T20:49:12+08:00"}
{"level":"info","msg":"| 200 |     258.603ms |             ::1 | POST  /user/info |","time":"2020-05-23T20:49:13+08:00"}
{"level":"info","msg":"| 200 |    700.2637ms |             ::1 | POST  /user/info |","time":"2020-05-23T21:02:50+08:00"}
{"level":"info","msg":"| 200 |    256.7732ms |             ::1 | POST  /user/info |","time":"2020-05-23T21:02:51+08:00"}
{"level":"info","msg":"| 200 |    227.5516ms |             ::1 | POST  /user/info |","time":"2020-05-23T21:03:48+08:00"}
{"level":"info","msg":"| 200 |    253.9784ms |             ::1 | POST  /user/info |","time":"2020-05-23T21:03:49+08:00"}
{"level":"info","msg":"| 200 |    469.7681ms |             ::1 | POST  /user/info |","time":"2020-05-23T21:06:10+08:00"}
{"level":"info","msg":"| 200 |    232.5679ms |             ::1 | POST  /user/info |","time":"2020-05-23T21:06:10+08:00"}
{"level":"info","msg":"| 200 |     243.191ms |             ::1 | POST  /user/info |","time":"2020-05-23T21:10:46+08:00"}
{"level":"info","msg":"| 200 |    242.2673ms |             ::1 | POST  /user/info |","time":"2020-05-23T21:10:47+08:00"}
{"level":"info","msg":"| 200 |    329.5825ms |             ::1 | POST  /user/info |","time":"2020-05-23T21:13:06+08:00"}
{"level":"info","msg":"| 200 |    234.8941ms |             ::1 | POST  /user/info |","time":"2020-05-23T21:13:07+08:00"}
{"level":"info","msg":"| 200 |    228.9203ms |             ::1 | POST  /user/info |","time":"2020-05-23T21:14:34+08:00"}
{"level":"info","msg":"| 200 |    246.4235ms |             ::1 | POST  /user/info |","time":"2020-05-23T21:14:35+08:00"}
{"level":"info","msg":"| 200 |    496.0409ms |             ::1 | POST  /user/info |","time":"2020-05-23T21:28:48+08:00"}
{"level":"info","msg":"| 200 |    241.4409ms |             ::1 | POST  /user/info |","time":"2020-05-23T21:28:49+08:00"}
{"level":"info","msg":"| 200 |    258.2008ms |             ::1 | POST  /user/info |","time":"2020-05-23T21:29:27+08:00"}
{"level":"info","msg":"| 200 |    278.9709ms |             ::1 | POST  /user/info |","time":"2020-05-23T21:29:28+08:00"}
{"level":"info","msg":"| 200 |     630.226ms |             ::1 | POST  /user/info |","time":"2020-05-23T21:34:34+08:00"}
{"level":"info","msg":"| 200 |    235.3455ms |             ::1 | POST  /user/info |","time":"2020-05-23T21:34:36+08:00"}
{"level":"info","msg":"| 200 |     229.911ms |             ::1 | POST  /user/info |","time":"2020-05-23T21:36:38+08:00"}
{"level":"info","msg":"| 200 |    218.5972ms |             ::1 | POST  /user/info |","time":"2020-05-23T21:36:39+08:00"}
{"level":"info","msg":"| 200 |    220.2701ms |             ::1 | POST  /user/info |","time":"2020-05-23T21:37:25+08:00"}
{"level":"info","msg":"| 200 |    206.2391ms |             ::1 | POST  /user/info |","time":"2020-05-23T21:37:26+08:00"}
{"level":"info","msg":"| 200 |    263.3352ms |             ::1 | POST  /user/info |","time":"2020-05-23T21:37:48+08:00"}
{"level":"info","msg":"| 200 |    225.6973ms |             ::1 | POST  /user/info |","time":"2020-05-23T21:37:49+08:00"}
{"level":"info","msg":"| 200 |    224.9809ms |             ::1 | POST  /user/info |","time":"2020-05-23T21:38:19+08:00"}
{"level":"info","msg":"| 200 |    224.7979ms |             ::1 | POST  /user/info |","time":"2020-05-23T21:38:20+08:00"}
{"level":"info","msg":"| 200 |            0s |             ::1 | POST  /user/reset_head |","time":"2020-05-23T21:38:22+08:00"}
{"level":"info","msg":"| 200 |    500.7313ms |             ::1 | POST  /user/info |","time":"2020-05-23T21:39:58+08:00"}
{"level":"info","msg":"| 200 |   19.3141235s |             ::1 | POST  /user/info |","time":"2020-05-23T21:40:16+08:00"}
{"level":"info","msg":"| 200 |     524.739ms |             ::1 | POST  /user/info |","time":"2020-05-23T21:42:16+08:00"}
{"level":"info","msg":"| 200 |    242.5579ms |             ::1 | POST  /user/info |","time":"2020-05-23T21:42:17+08:00"}
{"level":"info","msg":"| 200 |    658.6078ms |             ::1 | POST  /user/info |","time":"2020-05-23T21:55:35+08:00"}
{"level":"info","msg":"| 200 |    246.7093ms |             ::1 | POST  /user/info |","time":"2020-05-23T21:55:36+08:00"}
{"level":"info","msg":"| 200 |    261.1904ms |             ::1 | POST  /user/info |","time":"2020-05-23T21:56:36+08:00"}
{"level":"info","msg":"| 200 |     260.704ms |             ::1 | POST  /user/info |","time":"2020-05-23T21:56:37+08:00"}
{"level":"info","msg":"| 200 |    511.4014ms |             ::1 | POST  /user/info |","time":"2020-05-23T22:00:40+08:00"}
{"level":"info","msg":"| 200 |    222.0954ms |             ::1 | POST  /user/info |","time":"2020-05-23T22:00:41+08:00"}
{"level":"info","msg":"| 200 |    532.6933ms |             ::1 | POST  /user/info |","time":"2020-05-23T22:03:36+08:00"}
{"level":"info","msg":"| 200 |    231.5123ms |             ::1 | POST  /user/info |","time":"2020-05-23T22:03:37+08:00"}
{"level":"info","msg":"| 200 |    555.2683ms |             ::1 | POST  /user/info |","time":"2020-05-23T22:07:48+08:00"}
{"level":"info","msg":"| 200 |            0s |             ::1 | POST  /user/info |","time":"2020-05-23T22:08:59+08:00"}
{"level":"info","msg":"| 200 |    378.5954ms |             ::1 | POST  /user/info |","time":"2020-05-23T22:09:04+08:00"}
{"level":"info","msg":"| 200 |    226.3633ms |             ::1 | POST  /user/info |","time":"2020-05-23T22:09:05+08:00"}
{"level":"info","msg":"| 200 |    283.5447ms |             ::1 | POST  /user/info |","time":"2020-05-23T22:09:05+08:00"}
{"level":"info","msg":"| 200 |    256.0683ms |             ::1 | POST  /user/sign_in |","time":"2020-05-23T22:09:11+08:00"}
{"level":"info","msg":"| 200 |    236.7271ms |             ::1 | POST  /user/info |","time":"2020-05-23T22:09:14+08:00"}
{"level":"info","msg":"| 200 |     328.204ms |             ::1 | POST  /user/info |","time":"2020-05-23T22:09:33+08:00"}
{"level":"info","msg":"| 200 |    269.2916ms |             ::1 | POST  /user/info |","time":"2020-05-23T22:09:34+08:00"}
{"level":"info","msg":"| 200 |    722.4871ms |             ::1 | POST  /user/info |","time":"2020-05-23T22:10:31+08:00"}
{"level":"info","msg":"| 200 |   19.3082504s |             ::1 | POST  /user/info |","time":"2020-05-23T22:10:47+08:00"}
{"level":"info","msg":"| 200 |    255.9684ms |             ::1 | POST  /user/info |","time":"2020-05-23T22:10:49+08:00"}
{"level":"info","msg":"| 200 |    273.2851ms |             ::1 | POST  /user/info |","time":"2020-05-23T22:10:50+08:00"}
{"level":"info","msg":"| 200 |    704.4958ms |             ::1 | POST  /user/info |","time":"2020-05-23T22:12:28+08:00"}
{"level":"info","msg":"| 200 |    3.0015433s |             ::1 | POST  /user/info |","time":"2020-05-23T22:12:29+08:00"}
{"level":"info","msg":"| 200 |    621.6137ms |             ::1 | POST  /user/info |","time":"2020-05-23T22:13:14+08:00"}
{"level":"info","msg":"| 200 |    225.7976ms |             ::1 | POST  /user/info |","time":"2020-05-23T22:13:15+08:00"}
{"level":"info","msg":"| 200 |    1.0009071s |             ::1 | POST  /user/reset_head |","time":"2020-05-23T22:13:18+08:00"}
{"level":"info","msg":"| 200 |    285.4417ms |             ::1 | POST  /user/info |","time":"2020-05-23T22:13:34+08:00"}
{"level":"info","msg":"| 200 |    263.8042ms |             ::1 | POST  /user/info |","time":"2020-05-23T22:13:35+08:00"}
{"level":"info","msg":"| 200 |    249.8304ms |             ::1 | POST  /user/info |","time":"2020-05-23T22:13:40+08:00"}
{"level":"info","msg":"| 200 |    263.1214ms |             ::1 | POST  /user/info |","time":"2020-05-23T22:13:41+08:00"}
{"level":"info","msg":"| 200 |     1.023788s |             ::1 | POST  /user/reset_head |","time":"2020-05-23T22:13:51+08:00"}
{"level":"info","msg":"| 200 |    240.7812ms |             ::1 | POST  /user/info |","time":"2020-05-23T22:13:54+08:00"}
{"level":"info","msg":"| 200 |    521.0867ms |             ::1 | POST  /user/info |","time":"2020-05-23T22:14:19+08:00"}
{"level":"info","msg":"| 200 |    250.4465ms |             ::1 | POST  /user/info |","time":"2020-05-23T22:14:21+08:00"}
{"level":"info","msg":"| 200 |    19.330444s |             ::1 | POST  /user/info |","time":"2020-05-23T22:14:33+08:00"}
{"level":"info","msg":"| 200 |    729.3675ms |             ::1 | POST  /user/info |","time":"2020-05-23T22:15:03+08:00"}
{"level":"info","msg":"| 200 |    239.9705ms |             ::1 | POST  /user/info |","time":"2020-05-23T22:15:05+08:00"}
{"level":"info","msg":"| 200 |    250.8305ms |             ::1 | POST  /user/info |","time":"2020-05-23T22:15:06+08:00"}
{"level":"info","msg":"| 200 |    235.8818ms |             ::1 | POST  /user/info |","time":"2020-05-23T22:15:08+08:00"}
{"level":"info","msg":"| 200 |    818.5561ms |             ::1 | POST  /user/reset_head |","time":"2020-05-23T22:15:16+08:00"}
{"level":"info","msg":"| 200 |    230.5668ms |             ::1 | POST  /user/info |","time":"2020-05-23T22:15:20+08:00"}
{"level":"info","msg":"| 200 |    432.4659ms |             ::1 | POST  /user/info |","time":"2020-05-23T22:15:23+08:00"}
{"level":"info","msg":"| 200 |    362.4124ms |             ::1 | POST  /user/info |","time":"2020-05-23T22:15:29+08:00"}
{"level":"info","msg":"| 200 |    316.9284ms |             ::1 | POST  /user/info |","time":"2020-05-23T22:15:32+08:00"}
{"level":"info","msg":"| 200 |    258.0002ms |             ::1 | POST  /user/info |","time":"2020-05-23T22:15:33+08:00"}
