{"level":"info","msg":"| 200 |     86.2042ms |             ::1 | POST  /notice/list |","time":"2020-06-01T10:11:20+08:00"}
{"level":"info","msg":"| 200 |      2.0058ms |             ::1 | POST  /user/info |","time":"2020-06-01T10:11:31+08:00"}
{"level":"info","msg":"| 200 |    394.0668ms |             ::1 | POST  /user/sign_in |","time":"2020-06-01T10:11:35+08:00"}
{"level":"info","msg":"| 200 |     90.7747ms |             ::1 | POST  /notice/list |","time":"2020-06-01T10:11:36+08:00"}
{"level":"info","msg":"| 200 |    248.9612ms |             ::1 | POST  /user/info |","time":"2020-06-01T10:11:38+08:00"}
{"level":"info","msg":"| 200 |    227.5998ms |             ::1 | POST  /user/info |","time":"2020-06-01T10:11:44+08:00"}
{"level":"info","msg":"| 200 |    1.0116553s |             ::1 | POST  /user/reset_head |","time":"2020-06-01T10:11:57+08:00"}
{"level":"info","msg":"| 200 |    248.6119ms |             ::1 | POST  /user/info |","time":"2020-06-01T10:12:00+08:00"}
{"level":"info","msg":"| 200 |    262.8458ms |             ::1 | POST  /user/info |","time":"2020-06-01T10:12:01+08:00"}
{"level":"info","msg":"| 200 |    595.9389ms |             ::1 | POST  /user/reset_name |","time":"2020-06-01T10:12:06+08:00"}
{"level":"info","msg":"| 200 |    251.7423ms |             ::1 | POST  /user/info |","time":"2020-06-01T10:12:08+08:00"}
{"level":"info","msg":"| 200 |    259.6822ms |             ::1 | POST  /user/info |","time":"2020-06-01T10:12:10+08:00"}
{"level":"info","msg":"| 200 |    247.3809ms |             ::1 | POST  /user/info |","time":"2020-06-01T10:12:14+08:00"}
{"level":"info","msg":"| 200 |      1.0022ms |             ::1 | POST  /vote/count |","time":"2020-06-01T10:12:21+08:00"}
{"level":"info","msg":"| 200 |    178.9875ms |             ::1 | POST  /vote/list_for_admin |","time":"2020-06-01T10:12:21+08:00"}
{"level":"info","msg":"| 200 |    265.6871ms |             ::1 | POST  /admin/sign_in |","time":"2020-06-01T10:12:28+08:00"}
{"level":"info","msg":"| 200 |     178.342ms |             ::1 | POST  /vote/list_for_admin |","time":"2020-06-01T10:12:28+08:00"}
{"level":"info","msg":"| 200 |    697.8116ms |             ::1 | POST  /vote/count |","time":"2020-06-01T10:12:29+08:00"}
{"level":"info","msg":"| 200 |    1.4570027s |             ::1 | POST  /vote/result |","time":"2020-06-01T10:12:38+08:00"}
{"level":"info","msg":"| 200 |    1.4191774s |             ::1 | POST  /vote/result |","time":"2020-06-01T10:12:43+08:00"}
{"level":"info","msg":"| 200 |     241.696ms |             ::1 | POST  /notice/list_for_admin |","time":"2020-06-01T10:12:50+08:00"}
{"level":"info","msg":"| 200 |    173.8053ms |             ::1 | POST  /vote/list_for_admin |","time":"2020-06-01T10:12:54+08:00"}
{"level":"info","msg":"| 200 |    423.0293ms |             ::1 | POST  /vote/count |","time":"2020-06-01T10:12:55+08:00"}
{"level":"info","msg":"| 200 |    482.9901ms |             ::1 | POST  /vote/list_for_admin |","time":"2020-06-01T10:12:56+08:00"}
{"level":"info","msg":"| 200 |    349.9524ms |             ::1 | POST  /vote/list_for_admin |","time":"2020-06-01T10:12:57+08:00"}
{"level":"info","msg":"| 200 |    157.2484ms |             ::1 | POST  /vote/list_for_admin |","time":"2020-06-01T10:12:58+08:00"}
{"level":"info","msg":"| 200 |    251.5558ms |             ::1 | POST  /user/list |","time":"2020-06-01T10:13:04+08:00"}
{"level":"info","msg":"| 200 |    192.7847ms |             ::1 | POST  /vote/list_for_admin |","time":"2020-06-01T10:13:53+08:00"}
{"level":"info","msg":"| 200 |    417.3927ms |             ::1 | POST  /vote/count |","time":"2020-06-01T10:13:53+08:00"}
{"level":"info","msg":"| 200 |     92.6528ms |             ::1 | POST  /notice/list |","time":"2020-06-01T10:13:53+08:00"}
{"level":"info","msg":"| 200 |    192.5261ms |             ::1 | POST  /vote/list_for_admin |","time":"2020-06-01T10:14:22+08:00"}
{"level":"info","msg":"| 200 |     75.2043ms |             ::1 | POST  /notice/list |","time":"2020-06-01T10:14:22+08:00"}
{"level":"info","msg":"| 200 |    403.6962ms |             ::1 | POST  /vote/count |","time":"2020-06-01T10:14:23+08:00"}
{"level":"info","msg":"| 200 |    155.3911ms |             ::1 | POST  /vote/list_for_admin |","time":"2020-06-01T10:14:53+08:00"}
{"level":"info","msg":"| 200 |     87.2444ms |             ::1 | POST  /notice/list |","time":"2020-06-01T10:14:53+08:00"}
{"level":"info","msg":"| 200 |    415.7274ms |             ::1 | POST  /vote/count |","time":"2020-06-01T10:14:53+08:00"}
{"level":"info","msg":"| 200 |    145.3986ms |             ::1 | POST  /vote/list_for_admin |","time":"2020-06-01T10:15:07+08:00"}
{"level":"info","msg":"| 200 |     86.2361ms |             ::1 | POST  /notice/list |","time":"2020-06-01T10:15:07+08:00"}
{"level":"info","msg":"| 200 |    392.5214ms |             ::1 | POST  /vote/count |","time":"2020-06-01T10:15:07+08:00"}
{"level":"info","msg":"| 200 |    177.3257ms |             ::1 | POST  /vote/list_for_admin |","time":"2020-06-01T10:15:41+08:00"}
{"level":"info","msg":"| 200 |    423.5273ms |             ::1 | POST  /vote/count |","time":"2020-06-01T10:15:41+08:00"}
{"level":"info","msg":"| 200 |    353.7895ms |             ::1 | POST  /notice/list |","time":"2020-06-01T10:15:41+08:00"}
{"level":"info","msg":"| 200 |    171.9688ms |             ::1 | POST  /vote/list_for_admin |","time":"2020-06-01T10:15:52+08:00"}
{"level":"info","msg":"| 200 |     80.3584ms |             ::1 | POST  /notice/list |","time":"2020-06-01T10:15:52+08:00"}
{"level":"info","msg":"| 200 |    392.7429ms |             ::1 | POST  /vote/count |","time":"2020-06-01T10:15:52+08:00"}
{"level":"info","msg":"| 200 |     70.0689ms |             ::1 | POST  /notice/list |","time":"2020-06-01T10:16:07+08:00"}
{"level":"info","msg":"| 200 |    157.2638ms |             ::1 | POST  /vote/list_for_admin |","time":"2020-06-01T10:16:07+08:00"}
{"level":"info","msg":"| 200 |    388.3938ms |             ::1 | POST  /vote/count |","time":"2020-06-01T10:16:07+08:00"}
{"level":"info","msg":"| 200 |    247.4936ms |             ::1 | POST  /user/info |","time":"2020-06-01T10:16:13+08:00"}
{"level":"info","msg":"| 200 |    748.0085ms |             ::1 | POST  /vote/my_votes |","time":"2020-06-01T10:16:16+08:00"}
{"level":"info","msg":"| 200 |    245.8116ms |             ::1 | POST  /user/info |","time":"2020-06-01T10:16:17+08:00"}
{"level":"info","msg":"| 200 |    258.5092ms |             ::1 | POST  /user/info |","time":"2020-06-01T10:16:19+08:00"}
{"level":"info","msg":"| 200 |    1.6000414s |             ::1 | POST  /user/upload |","time":"2020-06-01T10:16:34+08:00"}
{"level":"info","msg":"| 200 |    572.8102ms |             ::1 | POST  /user/submit_auth |","time":"2020-06-01T10:16:37+08:00"}
{"level":"info","msg":"| 200 |    244.6537ms |             ::1 | POST  /user/info |","time":"2020-06-01T10:16:37+08:00"}
{"level":"info","msg":"| 200 |    264.1024ms |             ::1 | POST  /user/info |","time":"2020-06-01T10:16:40+08:00"}
{"level":"info","msg":"| 200 |    232.8013ms |             ::1 | POST  /user/list |","time":"2020-06-01T10:16:44+08:00"}
{"level":"info","msg":"| 200 |    395.1778ms |             ::1 | POST  /user/list |","time":"2020-06-01T10:16:45+08:00"}
{"level":"info","msg":"| 200 |    258.0535ms |             ::1 | POST  /user/detail |","time":"2020-06-01T10:16:48+08:00"}
{"level":"info","msg":"| 200 |    588.4822ms |             ::1 | POST  /user/update_auth |","time":"2020-06-01T10:16:50+08:00"}
{"level":"info","msg":"| 200 |     254.883ms |             ::1 | POST  /user/list |","time":"2020-06-01T10:16:52+08:00"}
{"level":"info","msg":"| 200 |    232.9587ms |             ::1 | POST  /user/info |","time":"2020-06-01T10:16:54+08:00"}
{"level":"info","msg":"| 200 |      239.59ms |             ::1 | POST  /user/info |","time":"2020-06-01T10:16:57+08:00"}
{"level":"info","msg":"| 200 |    749.3543ms |             ::1 | POST  /vote/my_votes |","time":"2020-06-01T10:16:59+08:00"}
{"level":"info","msg":"| 200 |    245.8654ms |             ::1 | POST  /user/info |","time":"2020-06-01T10:17:00+08:00"}
{"level":"info","msg":"| 200 |    256.6631ms |             ::1 | POST  /user/info |","time":"2020-06-01T10:17:00+08:00"}
{"level":"info","msg":"| 200 |    877.9042ms |             ::1 | POST  /user/reset_head |","time":"2020-06-01T10:17:05+08:00"}
{"level":"info","msg":"| 200 |    242.4128ms |             ::1 | POST  /user/info |","time":"2020-06-01T10:17:07+08:00"}
{"level":"info","msg":"| 200 |    243.3096ms |             ::1 | POST  /user/list |","time":"2020-06-01T10:17:28+08:00"}
{"level":"info","msg":"| 200 |    229.7566ms |             ::1 | POST  /user/sign_in |","time":"2020-06-01T10:17:43+08:00"}
{"level":"info","msg":"| 200 |     72.8064ms |             ::1 | POST  /notice/list |","time":"2020-06-01T10:17:45+08:00"}
{"level":"info","msg":"| 200 |    250.7738ms |             ::1 | POST  /user/info |","time":"2020-06-01T10:17:46+08:00"}
{"level":"info","msg":"| 200 |    262.2165ms |             ::1 | POST  /user/info |","time":"2020-06-01T10:17:49+08:00"}
{"level":"info","msg":"| 200 |    950.8468ms |             ::1 | POST  /user/reset_head |","time":"2020-06-01T10:17:52+08:00"}
{"level":"info","msg":"| 200 |    242.3902ms |             ::1 | POST  /user/info |","time":"2020-06-01T10:17:54+08:00"}
{"level":"info","msg":"| 200 |    211.5943ms |             ::1 | POST  /user/info |","time":"2020-06-01T10:17:56+08:00"}
{"level":"info","msg":"| 200 |     500.093ms |             ::1 | POST  /user/upload |","time":"2020-06-01T10:18:03+08:00"}
{"level":"info","msg":"| 200 |    568.7851ms |             ::1 | POST  /user/submit_auth |","time":"2020-06-01T10:18:05+08:00"}
{"level":"info","msg":"| 200 |     223.226ms |             ::1 | POST  /user/info |","time":"2020-06-01T10:18:06+08:00"}
{"level":"info","msg":"| 200 |    391.7389ms |             ::1 | POST  /user/list |","time":"2020-06-01T10:18:10+08:00"}
{"level":"info","msg":"| 200 |    264.6182ms |             ::1 | POST  /user/detail |","time":"2020-06-01T10:18:11+08:00"}
{"level":"info","msg":"| 200 |    592.7739ms |             ::1 | POST  /user/update_auth |","time":"2020-06-01T10:18:13+08:00"}
{"level":"info","msg":"| 200 |    251.5639ms |             ::1 | POST  /user/list |","time":"2020-06-01T10:18:15+08:00"}
{"level":"info","msg":"| 200 |    239.4219ms |             ::1 | POST  /user/info |","time":"2020-06-01T10:18:18+08:00"}
{"level":"info","msg":"| 200 |    235.1625ms |             ::1 | POST  /user/sign_in |","time":"2020-06-01T10:18:29+08:00"}
{"level":"info","msg":"| 200 |     92.9336ms |             ::1 | POST  /notice/list |","time":"2020-06-01T10:18:31+08:00"}
{"level":"info","msg":"| 200 |    269.5266ms |             ::1 | POST  /user/info |","time":"2020-06-01T10:18:32+08:00"}
{"level":"info","msg":"| 200 |    291.7295ms |             ::1 | POST  /user/info |","time":"2020-06-01T10:18:34+08:00"}
{"level":"info","msg":"| 200 |    366.8792ms |             ::1 | POST  /user/upload |","time":"2020-06-01T10:18:40+08:00"}
{"level":"info","msg":"| 200 |    572.3303ms |             ::1 | POST  /user/submit_auth |","time":"2020-06-01T10:18:42+08:00"}
{"level":"info","msg":"| 200 |    233.8611ms |             ::1 | POST  /user/info |","time":"2020-06-01T10:18:42+08:00"}
{"level":"info","msg":"| 200 |     388.826ms |             ::1 | POST  /user/list |","time":"2020-06-01T10:18:45+08:00"}
{"level":"info","msg":"| 200 |    256.4441ms |             ::1 | POST  /user/detail |","time":"2020-06-01T10:18:47+08:00"}
{"level":"info","msg":"| 200 |    595.0455ms |             ::1 | POST  /user/update_auth |","time":"2020-06-01T10:18:49+08:00"}
{"level":"info","msg":"| 200 |    234.1043ms |             ::1 | POST  /user/list |","time":"2020-06-01T10:18:51+08:00"}
{"level":"info","msg":"| 200 |    255.7436ms |             ::1 | POST  /user/detail |","time":"2020-06-01T10:18:58+08:00"}
{"level":"info","msg":"| 200 |    470.9978ms |             ::1 | POST  /admin/upload |","time":"2020-06-01T10:19:02+08:00"}
{"level":"info","msg":"| 200 |    555.5094ms |             ::1 | POST  /user/update |","time":"2020-06-01T10:19:04+08:00"}
{"level":"info","msg":"| 200 |    244.0901ms |             ::1 | POST  /user/list |","time":"2020-06-01T10:19:05+08:00"}
{"level":"info","msg":"| 200 |    244.9621ms |             ::1 | POST  /user/info |","time":"2020-06-01T10:19:12+08:00"}
{"level":"info","msg":"| 200 |     237.588ms |             ::1 | POST  /user/info |","time":"2020-06-01T10:19:14+08:00"}
{"level":"info","msg":"| 200 |    243.8937ms |             ::1 | POST  /user/info |","time":"2020-06-01T10:19:15+08:00"}
{"level":"info","msg":"| 200 |    521.9229ms |             ::1 | POST  /user/sign_up |","time":"2020-06-01T10:19:37+08:00"}
{"level":"info","msg":"| 200 |    175.3011ms |             ::1 | POST  /user/sign_in |","time":"2020-06-01T10:19:46+08:00"}
{"level":"info","msg":"| 200 |    269.8607ms |             ::1 | POST  /user/sign_in |","time":"2020-06-01T10:19:51+08:00"}
{"level":"info","msg":"| 200 |      93.885ms |             ::1 | POST  /notice/list |","time":"2020-06-01T10:19:53+08:00"}
{"level":"info","msg":"| 200 |    244.4288ms |             ::1 | POST  /user/info |","time":"2020-06-01T10:19:54+08:00"}
{"level":"info","msg":"| 200 |    262.3129ms |             ::1 | POST  /user/list |","time":"2020-06-01T10:19:55+08:00"}
{"level":"info","msg":"| 200 |    149.6073ms |             ::1 | POST  /vote/list_for_admin |","time":"2020-06-01T10:20:04+08:00"}
{"level":"info","msg":"| 200 |    611.8839ms |             ::1 | POST  /vote/detail_for_user |","time":"2020-06-01T10:20:06+08:00"}
{"level":"info","msg":"| 200 |    1.4170807s |             ::1 | POST  /vote/result |","time":"2020-06-01T10:20:07+08:00"}
{"level":"info","msg":"| 200 |    245.4195ms |             ::1 | POST  /vote/vote |","time":"2020-06-01T10:20:10+08:00"}
{"level":"info","msg":"| 200 |    163.7295ms |             ::1 | POST  /vote/list_for_admin |","time":"2020-06-01T10:20:14+08:00"}
{"level":"info","msg":"| 200 |     240.809ms |             ::1 | POST  /user/info |","time":"2020-06-01T10:20:15+08:00"}
{"level":"info","msg":"| 200 |      250.49ms |             ::1 | POST  /user/info |","time":"2020-06-01T10:20:17+08:00"}
{"level":"info","msg":"| 200 |    177.4797ms |             ::1 | POST  /vote/list_for_admin |","time":"2020-06-01T10:20:59+08:00"}
{"level":"info","msg":"| 200 |     75.2034ms |             ::1 | POST  /notice/list |","time":"2020-06-01T10:21:00+08:00"}
{"level":"info","msg":"| 200 |    413.9529ms |             ::1 | POST  /vote/count |","time":"2020-06-01T10:21:00+08:00"}
{"level":"info","msg":"| 200 |    169.4588ms |             ::1 | POST  /vote/list_for_admin |","time":"2020-06-01T10:21:11+08:00"}
{"level":"info","msg":"| 200 |    375.0289ms |             ::1 | POST  /vote/count |","time":"2020-06-01T10:21:11+08:00"}
{"level":"info","msg":"| 200 |     72.2014ms |             ::1 | POST  /notice/list |","time":"2020-06-01T10:21:11+08:00"}
{"level":"info","msg":"| 200 |     83.2303ms |             ::1 | POST  /notice/list |","time":"2020-06-01T10:21:27+08:00"}
{"level":"info","msg":"| 200 |    191.3664ms |             ::1 | POST  /vote/list_for_admin |","time":"2020-06-01T10:21:27+08:00"}
{"level":"info","msg":"| 200 |     478.033ms |             ::1 | POST  /vote/count |","time":"2020-06-01T10:21:27+08:00"}
{"level":"info","msg":"| 200 |    172.4697ms |             ::1 | POST  /vote/list_for_admin |","time":"2020-06-01T10:21:38+08:00"}
{"level":"info","msg":"| 200 |    393.5752ms |             ::1 | POST  /vote/count |","time":"2020-06-01T10:21:38+08:00"}
{"level":"info","msg":"| 200 |     86.2353ms |             ::1 | POST  /notice/list |","time":"2020-06-01T10:21:38+08:00"}
{"level":"info","msg":"| 200 |    236.2901ms |             ::1 | POST  /user/info |","time":"2020-06-01T10:21:44+08:00"}
{"level":"info","msg":"| 200 |    249.3751ms |             ::1 | POST  /user/info |","time":"2020-06-01T10:21:46+08:00"}
{"level":"info","msg":"| 200 |    548.1826ms |             ::1 | POST  /user/reset_name |","time":"2020-06-01T10:21:56+08:00"}
{"level":"info","msg":"| 200 |    984.1182ms |             ::1 | POST  /user/reset_head |","time":"2020-06-01T10:22:03+08:00"}
{"level":"info","msg":"| 200 |    222.5485ms |             ::1 | POST  /user/info |","time":"2020-06-01T10:22:04+08:00"}
{"level":"info","msg":"| 200 |    175.9983ms |             ::1 | POST  /vote/list_for_admin |","time":"2020-06-01T10:22:08+08:00"}
{"level":"info","msg":"| 200 |    249.8778ms |             ::1 | POST  /user/list |","time":"2020-06-01T10:22:09+08:00"}
{"level":"info","msg":"| 200 |    232.7893ms |             ::1 | POST  /user/list |","time":"2020-06-01T10:22:10+08:00"}
{"level":"info","msg":"| 200 |    250.3215ms |             ::1 | POST  /user/info |","time":"2020-06-01T10:22:35+08:00"}
{"level":"info","msg":"| 200 |    235.8644ms |             ::1 | POST  /user/info |","time":"2020-06-01T10:22:37+08:00"}
{"level":"info","msg":"| 200 |    250.9005ms |             ::1 | POST  /user/info |","time":"2020-06-01T10:22:38+08:00"}
{"level":"info","msg":"| 200 |    457.3376ms |             ::1 | POST  /user/upload |","time":"2020-06-01T10:23:03+08:00"}
{"level":"info","msg":"| 200 |    577.6226ms |             ::1 | POST  /user/submit_auth |","time":"2020-06-01T10:23:05+08:00"}
{"level":"info","msg":"| 200 |    242.5911ms |             ::1 | POST  /user/info |","time":"2020-06-01T10:23:05+08:00"}
{"level":"info","msg":"| 200 |    429.5915ms |             ::1 | POST  /user/list |","time":"2020-06-01T10:23:08+08:00"}
{"level":"info","msg":"| 200 |    232.7739ms |             ::1 | POST  /user/detail |","time":"2020-06-01T10:23:09+08:00"}
{"level":"info","msg":"| 200 |    584.1037ms |             ::1 | POST  /user/update_auth |","time":"2020-06-01T10:23:12+08:00"}
{"level":"info","msg":"| 200 |    256.3635ms |             ::1 | POST  /user/info |","time":"2020-06-01T10:23:15+08:00"}
{"level":"info","msg":"| 200 |    246.9542ms |             ::1 | POST  /user/info |","time":"2020-06-01T10:23:17+08:00"}
{"level":"info","msg":"| 200 |     231.578ms |             ::1 | POST  /user/list |","time":"2020-06-01T10:23:25+08:00"}
{"level":"info","msg":"| 200 |    249.6879ms |             ::1 | POST  /user/info |","time":"2020-06-01T10:23:35+08:00"}
{"level":"info","msg":"| 200 |    248.0098ms |             ::1 | POST  /user/reset_pwd |","time":"2020-06-01T10:23:46+08:00"}
{"level":"info","msg":"| 200 |    569.6823ms |             ::1 | POST  /user/reset_pwd |","time":"2020-06-01T10:23:51+08:00"}
{"level":"info","msg":"| 200 |     227.805ms |             ::1 | POST  /user/info |","time":"2020-06-01T10:23:53+08:00"}
{"level":"info","msg":"| 200 |     244.809ms |             ::1 | POST  /user/info |","time":"2020-06-01T10:23:58+08:00"}
{"level":"info","msg":"| 200 |    244.2449ms |             ::1 | POST  /user/info |","time":"2020-06-01T10:23:59+08:00"}
{"level":"info","msg":"| 200 |    158.1107ms |             ::1 | POST  /user/sign_in |","time":"2020-06-01T10:24:03+08:00"}
{"level":"info","msg":"| 200 |    238.3458ms |             ::1 | POST  /user/sign_in |","time":"2020-06-01T10:24:07+08:00"}
{"level":"info","msg":"| 200 |     89.2429ms |             ::1 | POST  /notice/list |","time":"2020-06-01T10:24:08+08:00"}
{"level":"info","msg":"| 200 |    244.4829ms |             ::1 | POST  /user/info |","time":"2020-06-01T10:24:11+08:00"}
{"level":"info","msg":"| 200 |    157.7447ms |             ::1 | POST  /vote/list_for_admin |","time":"2020-06-01T10:24:14+08:00"}
{"level":"info","msg":"| 200 |    271.8272ms |             ::1 | POST  /user/info |","time":"2020-06-01T10:24:18+08:00"}
{"level":"info","msg":"| 200 |    246.3177ms |             ::1 | POST  /user/sign_in |","time":"2020-06-01T10:24:31+08:00"}
{"level":"info","msg":"| 200 |     80.8256ms |             ::1 | POST  /notice/list |","time":"2020-06-01T10:24:33+08:00"}
{"level":"info","msg":"| 200 |     261.207ms |             ::1 | POST  /user/info |","time":"2020-06-01T10:24:35+08:00"}
{"level":"info","msg":"| 200 |    736.5939ms |             ::1 | POST  /vote/my_votes |","time":"2020-06-01T10:24:36+08:00"}
{"level":"info","msg":"| 200 |     561.455ms |             ::1 | POST  /vote/detail_for_user |","time":"2020-06-01T10:24:38+08:00"}
{"level":"info","msg":"| 200 |    1.3887462s |             ::1 | POST  /vote/result |","time":"2020-06-01T10:24:39+08:00"}
{"level":"info","msg":"| 200 |    743.6288ms |             ::1 | POST  /vote/vote |","time":"2020-06-01T10:24:43+08:00"}
{"level":"info","msg":"| 200 |    1.3894507s |             ::1 | POST  /vote/result |","time":"2020-06-01T10:24:44+08:00"}
{"level":"info","msg":"| 200 |    723.9739ms |             ::1 | POST  /vote/my_votes |","time":"2020-06-01T10:24:48+08:00"}
{"level":"info","msg":"| 200 |    563.3117ms |             ::1 | POST  /vote/detail_for_user |","time":"2020-06-01T10:24:53+08:00"}
{"level":"info","msg":"| 200 |    1.3629081s |             ::1 | POST  /vote/result |","time":"2020-06-01T10:24:54+08:00"}
{"level":"info","msg":"| 200 |      731.04ms |             ::1 | POST  /vote/my_votes |","time":"2020-06-01T10:24:58+08:00"}
{"level":"info","msg":"| 200 |    241.3146ms |             ::1 | POST  /user/info |","time":"2020-06-01T10:25:00+08:00"}
{"level":"info","msg":"| 200 |    232.8239ms |             ::1 | POST  /user/info |","time":"2020-06-01T10:25:05+08:00"}
{"level":"info","msg":"| 200 |    2.7432517s |             ::1 | POST  /user/reset_head |","time":"2020-06-01T10:25:11+08:00"}
{"level":"info","msg":"| 200 |    245.0095ms |             ::1 | POST  /user/info |","time":"2020-06-01T10:25:16+08:00"}
{"level":"info","msg":"| 200 |    241.7626ms |             ::1 | POST  /user/info |","time":"2020-06-01T10:25:35+08:00"}
{"level":"info","msg":"| 200 |    254.2451ms |             ::1 | POST  /user/info |","time":"2020-06-01T10:25:37+08:00"}
{"level":"info","msg":"| 200 |    170.5126ms |             ::1 | POST  /vote/list_for_admin |","time":"2020-06-01T10:25:42+08:00"}
{"level":"info","msg":"| 200 |     101.859ms |             ::1 | POST  /notice/list |","time":"2020-06-01T10:25:43+08:00"}
{"level":"info","msg":"| 200 |    248.1758ms |             ::1 | POST  /user/info |","time":"2020-06-01T10:25:44+08:00"}
{"level":"info","msg":"| 200 |    244.7692ms |             ::1 | POST  /user/list |","time":"2020-06-01T10:25:47+08:00"}
{"level":"info","msg":"| 200 |    405.8385ms |             ::1 | POST  /user/search |","time":"2020-06-01T10:26:01+08:00"}
{"level":"info","msg":"| 200 |    419.9411ms |             ::1 | POST  /user/search |","time":"2020-06-01T10:26:06+08:00"}
{"level":"info","msg":"| 200 |    429.1503ms |             ::1 | POST  /user/search |","time":"2020-06-01T10:26:12+08:00"}
{"level":"info","msg":"| 200 |    400.4634ms |             ::1 | POST  /user/search |","time":"2020-06-01T10:26:18+08:00"}
{"level":"info","msg":"| 200 |    389.6947ms |             ::1 | POST  /user/search |","time":"2020-06-01T10:26:21+08:00"}
{"level":"info","msg":"| 200 |    252.0312ms |             ::1 | POST  /user/list |","time":"2020-06-01T10:26:23+08:00"}
{"level":"info","msg":"| 200 |    175.9514ms |             ::1 | POST  /vote/list_for_admin |","time":"2020-06-01T10:26:28+08:00"}
{"level":"info","msg":"| 200 |    407.9991ms |             ::1 | POST  /vote/count |","time":"2020-06-01T10:26:28+08:00"}
{"level":"info","msg":"| 200 |    418.2114ms |             ::1 | POST  /vote/detail |","time":"2020-06-01T10:26:37+08:00"}
{"level":"info","msg":"| 200 |     432.349ms |             ::1 | POST  /vote/update |","time":"2020-06-01T10:26:41+08:00"}
{"level":"info","msg":"| 200 |    174.7469ms |             ::1 | POST  /vote/list_for_admin |","time":"2020-06-01T10:26:43+08:00"}
{"level":"info","msg":"| 200 |    415.5716ms |             ::1 | POST  /vote/count |","time":"2020-06-01T10:26:43+08:00"}
{"level":"info","msg":"| 200 |    396.5534ms |             ::1 | POST  /vote/detail |","time":"2020-06-01T10:26:45+08:00"}
{"level":"info","msg":"| 200 |    437.5791ms |             ::1 | POST  /vote/update |","time":"2020-06-01T10:26:48+08:00"}
{"level":"info","msg":"| 200 |    181.8193ms |             ::1 | POST  /vote/list_for_admin |","time":"2020-06-01T10:26:50+08:00"}
{"level":"info","msg":"| 200 |    402.0889ms |             ::1 | POST  /vote/count |","time":"2020-06-01T10:26:50+08:00"}
{"level":"info","msg":"| 200 |     83.2269ms |             ::1 | POST  /notice/list |","time":"2020-06-01T10:26:55+08:00"}
{"level":"info","msg":"| 200 |    156.9664ms |             ::1 | POST  /vote/list_for_admin |","time":"2020-06-01T10:26:56+08:00"}
{"level":"info","msg":"| 200 |    228.7032ms |             ::1 | POST  /user/info |","time":"2020-06-01T10:26:59+08:00"}
{"level":"info","msg":"| 200 |    724.8461ms |             ::1 | POST  /vote/my_votes |","time":"2020-06-01T10:27:00+08:00"}
{"level":"info","msg":"| 200 |    249.4507ms |             ::1 | POST  /user/info |","time":"2020-06-01T10:27:02+08:00"}
{"level":"info","msg":"| 200 |     195.633ms |             ::1 | POST  /vote/list_for_admin |","time":"2020-06-01T10:27:02+08:00"}
{"level":"info","msg":"| 200 |     609.603ms |             ::1 | POST  /vote/detail_for_user |","time":"2020-06-01T10:27:04+08:00"}
{"level":"info","msg":"| 200 |    1.4301705s |             ::1 | POST  /vote/result |","time":"2020-06-01T10:27:05+08:00"}
{"level":"info","msg":"| 200 |    730.7085ms |             ::1 | POST  /vote/vote |","time":"2020-06-01T10:27:09+08:00"}
{"level":"info","msg":"| 200 |    1.4292881s |             ::1 | POST  /vote/result |","time":"2020-06-01T10:27:10+08:00"}
{"level":"info","msg":"| 200 |    160.4826ms |             ::1 | POST  /vote/list_for_admin |","time":"2020-06-01T10:27:13+08:00"}
{"level":"info","msg":"| 200 |     95.7879ms |             ::1 | POST  /notice/list |","time":"2020-06-01T10:27:20+08:00"}
{"level":"info","msg":"| 200 |    225.3615ms |             ::1 | POST  /user/info |","time":"2020-06-01T10:27:21+08:00"}
{"level":"info","msg":"| 200 |    160.2223ms |             ::1 | POST  /vote/list_for_admin |","time":"2020-06-01T10:27:22+08:00"}
{"level":"info","msg":"| 200 |     91.9586ms |             ::1 | POST  /notice/list |","time":"2020-06-01T10:27:23+08:00"}
{"level":"info","msg":"| 200 |    112.8516ms |             ::1 | POST  /notice/list |","time":"2020-06-01T10:27:25+08:00"}
{"level":"info","msg":"| 200 |     90.9137ms |             ::1 | POST  /notice/list |","time":"2020-06-01T10:27:25+08:00"}
{"level":"info","msg":"| 200 |     94.4436ms |             ::1 | POST  /notice/list |","time":"2020-06-01T10:27:26+08:00"}
{"level":"info","msg":"| 200 |     84.2312ms |             ::1 | POST  /notice/list |","time":"2020-06-01T10:27:38+08:00"}
{"level":"info","msg":"| 200 |    152.4207ms |             ::1 | POST  /vote/list_for_admin |","time":"2020-06-01T10:27:38+08:00"}
{"level":"info","msg":"| 200 |    457.7788ms |             ::1 | POST  /vote/count |","time":"2020-06-01T10:27:38+08:00"}
{"level":"info","msg":"| 200 |     81.6606ms |             ::1 | POST  /notice/list |","time":"2020-06-01T10:27:41+08:00"}
{"level":"info","msg":"| 200 |    119.7837ms |             ::1 | POST  /notice/list |","time":"2020-06-01T10:27:44+08:00"}
{"level":"info","msg":"| 200 |     83.2308ms |             ::1 | POST  /notice/list |","time":"2020-06-01T10:27:50+08:00"}
{"level":"info","msg":"| 200 |    169.4673ms |             ::1 | POST  /vote/list_for_admin |","time":"2020-06-01T10:27:50+08:00"}
{"level":"info","msg":"| 200 |    423.5597ms |             ::1 | POST  /vote/count |","time":"2020-06-01T10:27:50+08:00"}
{"level":"info","msg":"| 200 |     90.6437ms |             ::1 | POST  /notice/list |","time":"2020-06-01T10:27:52+08:00"}
{"level":"info","msg":"| 200 |    169.9695ms |             ::1 | POST  /vote/list_for_admin |","time":"2020-06-01T10:27:54+08:00"}
{"level":"info","msg":"| 200 |    164.7608ms |             ::1 | POST  /vote/list_for_admin |","time":"2020-06-01T10:27:56+08:00"}
{"level":"info","msg":"| 200 |    167.9791ms |             ::1 | POST  /vote/list_for_admin |","time":"2020-06-01T10:27:58+08:00"}
{"level":"info","msg":"| 200 |     232.049ms |             ::1 | POST  /user/info |","time":"2020-06-01T10:28:00+08:00"}
{"level":"info","msg":"| 200 |    227.3071ms |             ::1 | POST  /user/list |","time":"2020-06-01T10:28:20+08:00"}
{"level":"info","msg":"| 200 |     253.446ms |             ::1 | POST  /user/detail |","time":"2020-06-01T10:28:26+08:00"}
{"level":"info","msg":"| 200 |    398.4055ms |             ::1 | POST  /admin/upload |","time":"2020-06-01T10:28:35+08:00"}
{"level":"info","msg":"| 200 |    569.3513ms |             ::1 | POST  /user/update |","time":"2020-06-01T10:28:37+08:00"}
{"level":"info","msg":"| 200 |    237.1439ms |             ::1 | POST  /user/list |","time":"2020-06-01T10:28:38+08:00"}
{"level":"info","msg":"| 200 |    256.9877ms |             ::1 | POST  /user/sign_in |","time":"2020-06-01T10:28:46+08:00"}
{"level":"info","msg":"| 200 |    102.1329ms |             ::1 | POST  /notice/list |","time":"2020-06-01T10:28:48+08:00"}
{"level":"info","msg":"| 200 |    245.8457ms |             ::1 | POST  /user/info |","time":"2020-06-01T10:28:49+08:00"}
{"level":"info","msg":"| 200 |    273.6759ms |             ::1 | POST  /user/info |","time":"2020-06-01T10:28:53+08:00"}
{"level":"info","msg":"| 200 |    249.4924ms |             ::1 | POST  /user/info |","time":"2020-06-01T10:28:56+08:00"}
{"level":"info","msg":"| 200 |    245.1277ms |             ::1 | POST  /user/sign_in |","time":"2020-06-01T10:29:02+08:00"}
{"level":"info","msg":"| 200 |     88.7718ms |             ::1 | POST  /notice/list |","time":"2020-06-01T10:29:03+08:00"}
{"level":"info","msg":"| 200 |    241.8052ms |             ::1 | POST  /user/info |","time":"2020-06-01T10:29:06+08:00"}
{"level":"info","msg":"| 200 |     233.711ms |             ::1 | POST  /user/list |","time":"2020-06-01T10:29:25+08:00"}
{"level":"info","msg":"| 200 |    485.3858ms |             ::1 | POST  /user/sign_up |","time":"2020-06-01T10:29:46+08:00"}
{"level":"info","msg":"| 200 |     248.605ms |             ::1 | POST  /user/sign_in |","time":"2020-06-01T10:29:53+08:00"}
{"level":"info","msg":"| 200 |     69.1929ms |             ::1 | POST  /notice/list |","time":"2020-06-01T10:29:55+08:00"}
{"level":"info","msg":"| 200 |    243.1821ms |             ::1 | POST  /user/list |","time":"2020-06-01T10:29:55+08:00"}
{"level":"info","msg":"| 200 |    238.1209ms |             ::1 | POST  /user/list |","time":"2020-06-01T10:30:01+08:00"}
{"level":"info","msg":"| 200 |    243.7269ms |             ::1 | POST  /user/list |","time":"2020-06-01T10:30:05+08:00"}
{"level":"info","msg":"| 200 |    417.4328ms |             ::1 | POST  /user/list |","time":"2020-06-01T10:31:37+08:00"}
{"level":"info","msg":"| 200 |    225.1537ms |             ::1 | POST  /user/list |","time":"2020-06-01T10:31:45+08:00"}
{"level":"info","msg":"| 200 |    222.6176ms |             ::1 | POST  /user/list |","time":"2020-06-01T10:31:47+08:00"}
{"level":"info","msg":"| 200 |    165.2813ms |             ::1 | POST  /vote/list_for_admin |","time":"2020-06-01T10:31:59+08:00"}
{"level":"info","msg":"| 200 |    668.9246ms |             ::1 | POST  /vote/count |","time":"2020-06-01T10:32:00+08:00"}
{"level":"info","msg":"| 200 |    450.2541ms |             ::1 | POST  /vote/create |","time":"2020-06-01T10:33:21+08:00"}
{"level":"info","msg":"| 200 |    167.1838ms |             ::1 | POST  /vote/list_for_admin |","time":"2020-06-01T10:33:37+08:00"}
{"level":"info","msg":"| 200 |    397.2074ms |             ::1 | POST  /vote/count |","time":"2020-06-01T10:33:37+08:00"}
{"level":"info","msg":"| 200 |    162.9381ms |             ::1 | POST  /vote/list_for_admin |","time":"2020-06-01T10:33:47+08:00"}
{"level":"info","msg":"| 200 |    532.5794ms |             ::1 | POST  /vote/detail_for_user |","time":"2020-06-01T10:33:49+08:00"}
{"level":"info","msg":"| 200 |    1.3102391s |             ::1 | POST  /vote/result |","time":"2020-06-01T10:33:50+08:00"}
{"level":"info","msg":"| 200 |     73.6956ms |             ::1 | POST  /notice/list |","time":"2020-06-01T10:34:43+08:00"}
{"level":"info","msg":"| 200 |    157.4178ms |             ::1 | POST  /vote/list_for_admin |","time":"2020-06-01T10:34:43+08:00"}
{"level":"info","msg":"| 200 |      405.51ms |             ::1 | POST  /vote/count |","time":"2020-06-01T10:34:43+08:00"}
{"level":"info","msg":"| 200 |      160.18ms |             ::1 | POST  /vote/list_for_admin |","time":"2020-06-01T10:34:45+08:00"}
{"level":"info","msg":"| 200 |    535.8699ms |             ::1 | POST  /vote/detail_for_user |","time":"2020-06-01T10:34:47+08:00"}
{"level":"info","msg":"| 200 |     1.323302s |             ::1 | POST  /vote/result |","time":"2020-06-01T10:34:47+08:00"}
{"level":"info","msg":"| 200 |    244.8017ms |             ::1 | POST  /vote/vote |","time":"2020-06-01T10:34:53+08:00"}
{"level":"info","msg":"| 200 |    145.8112ms |             ::1 | POST  /vote/list_for_admin |","time":"2020-06-01T10:34:57+08:00"}
{"level":"info","msg":"| 200 |    218.9546ms |             ::1 | POST  /user/info |","time":"2020-06-01T10:34:57+08:00"}
{"level":"info","msg":"| 200 |    238.5532ms |             ::1 | POST  /user/sign_in |","time":"2020-06-01T10:35:04+08:00"}
{"level":"info","msg":"| 200 |     79.2192ms |             ::1 | POST  /notice/list |","time":"2020-06-01T10:35:06+08:00"}
{"level":"info","msg":"| 200 |    168.9263ms |             ::1 | POST  /vote/list_for_admin |","time":"2020-06-01T10:35:07+08:00"}
{"level":"info","msg":"| 200 |    534.7643ms |             ::1 | POST  /vote/detail_for_user |","time":"2020-06-01T10:35:08+08:00"}
{"level":"info","msg":"| 200 |    1.3230285s |             ::1 | POST  /vote/result |","time":"2020-06-01T10:35:09+08:00"}
{"level":"info","msg":"| 200 |    703.2124ms |             ::1 | POST  /vote/vote |","time":"2020-06-01T10:35:12+08:00"}
{"level":"info","msg":"| 200 |    1.2979596s |             ::1 | POST  /vote/result |","time":"2020-06-01T10:35:14+08:00"}
{"level":"info","msg":"| 200 |    160.2428ms |             ::1 | POST  /vote/list_for_admin |","time":"2020-06-01T10:35:17+08:00"}
{"level":"info","msg":"| 200 |    252.8964ms |             ::1 | POST  /user/info |","time":"2020-06-01T10:35:18+08:00"}
{"level":"info","msg":"| 200 |     842.807ms |             ::1 | POST  /vote/my_votes |","time":"2020-06-01T10:35:19+08:00"}
{"level":"info","msg":"| 200 |    230.4725ms |             ::1 | POST  /user/info |","time":"2020-06-01T10:35:22+08:00"}
{"level":"info","msg":"| 200 |    156.6388ms |             ::1 | POST  /vote/list_for_admin |","time":"2020-06-01T10:35:27+08:00"}
{"level":"info","msg":"| 200 |      1.34409s |             ::1 | POST  /vote/result |","time":"2020-06-01T10:35:29+08:00"}
{"level":"info","msg":"| 200 |    436.1741ms |             ::1 | POST  /vote/create |","time":"2020-06-01T10:37:58+08:00"}
{"level":"info","msg":"| 200 |    176.1019ms |             ::1 | POST  /vote/list_for_admin |","time":"2020-06-01T10:38:01+08:00"}
{"level":"info","msg":"| 200 |     374.307ms |             ::1 | POST  /vote/count |","time":"2020-06-01T10:38:01+08:00"}
{"level":"info","msg":"| 200 |    150.3544ms |             ::1 | POST  /vote/list_for_admin |","time":"2020-06-01T10:38:03+08:00"}
{"level":"info","msg":"| 200 |    522.3398ms |             ::1 | POST  /vote/detail_for_user |","time":"2020-06-01T10:38:06+08:00"}
{"level":"info","msg":"| 200 |    1.2810799s |             ::1 | POST  /vote/result |","time":"2020-06-01T10:38:06+08:00"}
{"level":"info","msg":"| 200 |    150.6888ms |             ::1 | POST  /vote/list_for_admin |","time":"2020-06-01T10:38:08+08:00"}
{"level":"info","msg":"| 200 |    536.3832ms |             ::1 | POST  /vote/detail_for_user |","time":"2020-06-01T10:38:10+08:00"}
{"level":"info","msg":"| 200 |    994.1453ms |             ::1 | POST  /vote/result |","time":"2020-06-01T10:38:10+08:00"}
{"level":"info","msg":"| 200 |    719.2192ms |             ::1 | POST  /vote/vote |","time":"2020-06-01T10:38:14+08:00"}
{"level":"info","msg":"| 200 |    1.0149696s |             ::1 | POST  /vote/result |","time":"2020-06-01T10:38:15+08:00"}
{"level":"info","msg":"| 200 |    739.0204ms |             ::1 | POST  /vote/vote |","time":"2020-06-01T10:38:22+08:00"}
{"level":"info","msg":"| 200 |    1.0125606s |             ::1 | POST  /vote/result |","time":"2020-06-01T10:38:23+08:00"}
{"level":"info","msg":"| 200 |    722.1457ms |             ::1 | POST  /vote/vote |","time":"2020-06-01T10:38:27+08:00"}
{"level":"info","msg":"| 200 |    1.0061405s |             ::1 | POST  /vote/result |","time":"2020-06-01T10:38:28+08:00"}
{"level":"info","msg":"| 200 |    157.7203ms |             ::1 | POST  /vote/list_for_admin |","time":"2020-06-01T10:38:29+08:00"}
{"level":"info","msg":"| 200 |    241.5893ms |             ::1 | POST  /user/info |","time":"2020-06-01T10:38:31+08:00"}
{"level":"info","msg":"| 200 |    1.3389115s |             ::1 | POST  /vote/my_votes |","time":"2020-06-01T10:38:33+08:00"}
{"level":"info","msg":"| 200 |    534.7784ms |             ::1 | POST  /vote/detail_for_user |","time":"2020-06-01T10:38:35+08:00"}
{"level":"info","msg":"| 200 |    987.8622ms |             ::1 | POST  /vote/result |","time":"2020-06-01T10:38:35+08:00"}
{"level":"info","msg":"| 200 |     73.2032ms |             ::1 | POST  /notice/list |","time":"2020-06-01T10:38:51+08:00"}
{"level":"info","msg":"| 200 |    155.4236ms |             ::1 | POST  /vote/list_for_admin |","time":"2020-06-01T10:38:51+08:00"}
{"level":"info","msg":"| 200 |    624.9433ms |             ::1 | POST  /vote/count |","time":"2020-06-01T10:38:52+08:00"}
{"level":"info","msg":"| 200 |    238.7093ms |             ::1 | POST  /user/info |","time":"2020-06-01T10:38:55+08:00"}
{"level":"info","msg":"| 200 |     988.061ms |             ::1 | POST  /vote/my_votes |","time":"2020-06-01T10:38:57+08:00"}
{"level":"info","msg":"| 200 |     530.039ms |             ::1 | POST  /vote/detail_for_user |","time":"2020-06-01T10:38:58+08:00"}
{"level":"info","msg":"| 200 |    991.5375ms |             ::1 | POST  /vote/result |","time":"2020-06-01T10:38:59+08:00"}
{"level":"info","msg":"| 200 |    703.0276ms |             ::1 | POST  /vote/vote |","time":"2020-06-01T10:39:03+08:00"}
{"level":"info","msg":"| 200 |    976.0891ms |             ::1 | POST  /vote/result |","time":"2020-06-01T10:39:04+08:00"}
{"level":"info","msg":"| 200 |    1.0041864s |             ::1 | POST  /vote/my_votes |","time":"2020-06-01T10:39:06+08:00"}
{"level":"info","msg":"| 200 |    519.4862ms |             ::1 | POST  /vote/detail_for_user |","time":"2020-06-01T10:39:08+08:00"}
{"level":"info","msg":"| 200 |    994.2942ms |             ::1 | POST  /vote/result |","time":"2020-06-01T10:39:08+08:00"}
{"level":"info","msg":"| 200 |    727.7303ms |             ::1 | POST  /vote/vote |","time":"2020-06-01T10:39:10+08:00"}
{"level":"info","msg":"| 200 |    1.0475597s |             ::1 | POST  /vote/result |","time":"2020-06-01T10:39:11+08:00"}
{"level":"info","msg":"| 200 |    998.8391ms |             ::1 | POST  /vote/my_votes |","time":"2020-06-01T10:39:16+08:00"}
{"level":"info","msg":"| 200 |    230.1738ms |             ::1 | POST  /user/info |","time":"2020-06-01T10:39:21+08:00"}
{"level":"info","msg":"| 200 |    159.2247ms |             ::1 | POST  /vote/list_for_admin |","time":"2020-06-01T10:39:23+08:00"}
{"level":"info","msg":"| 200 |    149.4452ms |             ::1 | POST  /vote/list_for_admin |","time":"2020-06-01T10:39:24+08:00"}
{"level":"info","msg":"| 200 |     146.333ms |             ::1 | POST  /vote/list_for_admin |","time":"2020-06-01T10:39:28+08:00"}
{"level":"info","msg":"| 200 |    148.8004ms |             ::1 | POST  /vote/list_for_admin |","time":"2020-06-01T10:39:30+08:00"}
{"level":"info","msg":"| 200 |    157.6614ms |             ::1 | POST  /vote/list_for_admin |","time":"2020-06-01T10:39:31+08:00"}
{"level":"info","msg":"| 200 |    221.1106ms |             ::1 | POST  /notice/list_for_admin |","time":"2020-06-01T10:39:34+08:00"}
{"level":"info","msg":"| 200 |    410.9871ms |             ::1 | POST  /notice/post |","time":"2020-06-01T10:40:51+08:00"}
{"level":"info","msg":"| 200 |     94.2592ms |             ::1 | POST  /notice/list |","time":"2020-06-01T10:40:55+08:00"}
{"level":"info","msg":"| 200 |    180.6199ms |             ::1 | POST  /notice/detail |","time":"2020-06-01T10:40:57+08:00"}
{"level":"info","msg":"| 200 |     60.1604ms |             ::1 | POST  /notice/list |","time":"2020-06-01T10:41:21+08:00"}
{"level":"info","msg":"| 200 |    176.4872ms |             ::1 | POST  /vote/list_for_admin |","time":"2020-06-01T10:41:21+08:00"}
{"level":"info","msg":"| 200 |    369.9059ms |             ::1 | POST  /vote/count |","time":"2020-06-01T10:41:21+08:00"}
{"level":"info","msg":"| 200 |    174.1534ms |             ::1 | POST  /notice/detail |","time":"2020-06-01T10:41:23+08:00"}
{"level":"info","msg":"| 200 |     86.1961ms |             ::1 | POST  /notice/list |","time":"2020-06-01T10:41:28+08:00"}
{"level":"info","msg":"| 200 |     86.9098ms |             ::1 | POST  /notice/list |","time":"2020-06-01T10:41:30+08:00"}
{"level":"info","msg":"| 200 |    225.0974ms |             ::1 | POST  /notice/list_for_admin |","time":"2020-06-01T10:41:33+08:00"}
{"level":"info","msg":"| 200 |    221.8757ms |             ::1 | POST  /notice/list_for_admin |","time":"2020-06-01T10:41:34+08:00"}
{"level":"info","msg":"| 200 |    222.6633ms |             ::1 | POST  /notice/list_for_admin |","time":"2020-06-01T10:41:36+08:00"}
{"level":"info","msg":"| 200 |    150.8894ms |             ::1 | POST  /vote/list_for_admin |","time":"2020-06-01T10:41:38+08:00"}
{"level":"info","msg":"| 200 |    362.4564ms |             ::1 | POST  /vote/count |","time":"2020-06-01T10:41:38+08:00"}
{"level":"info","msg":"| 200 |    274.4414ms |             ::1 | POST  /vote/list_for_admin |","time":"2020-06-01T10:41:57+08:00"}
{"level":"info","msg":"| 200 |     158.758ms |             ::1 | POST  /vote/list_for_admin |","time":"2020-06-01T10:41:59+08:00"}
{"level":"info","msg":"| 200 |    229.7728ms |             ::1 | POST  /user/list |","time":"2020-06-01T10:42:02+08:00"}
{"level":"info","msg":"| 200 |    219.5998ms |             ::1 | POST  /user/detail |","time":"2020-06-01T10:42:07+08:00"}
{"level":"info","msg":"| 200 |    232.2168ms |             ::1 | POST  /user/list |","time":"2020-06-01T10:42:09+08:00"}
{"level":"info","msg":"| 200 |    226.6602ms |             ::1 | POST  /user/detail |","time":"2020-06-01T10:42:10+08:00"}
{"level":"info","msg":"| 200 |    230.1798ms |             ::1 | POST  /user/list |","time":"2020-06-01T10:42:12+08:00"}
{"level":"info","msg":"| 200 |     223.171ms |             ::1 | POST  /user/detail |","time":"2020-06-01T10:42:13+08:00"}
{"level":"info","msg":"| 200 |    221.4584ms |             ::1 | POST  /user/list |","time":"2020-06-01T10:42:16+08:00"}
{"level":"info","msg":"| 200 |    227.8392ms |             ::1 | POST  /user/detail |","time":"2020-06-01T10:42:21+08:00"}
{"level":"info","msg":"| 200 |    230.5694ms |             ::1 | POST  /user/list |","time":"2020-06-01T10:42:23+08:00"}
{"level":"info","msg":"| 200 |    158.6107ms |             ::1 | POST  /admin/system_info |","time":"2020-06-01T10:42:25+08:00"}
{"level":"info","msg":"| 200 |    369.4233ms |             ::1 | POST  /admin/system_update |","time":"2020-06-01T10:42:31+08:00"}
{"level":"info","msg":"| 200 |    228.6293ms |             ::1 | POST  /user/info |","time":"2020-06-01T10:42:34+08:00"}
{"level":"info","msg":"| 200 |    970.4942ms |             ::1 | POST  /vote/my_votes |","time":"2020-06-01T10:42:35+08:00"}
{"level":"info","msg":"| 200 |    527.5516ms |             ::1 | POST  /vote/detail_for_user |","time":"2020-06-01T10:42:38+08:00"}
{"level":"info","msg":"| 200 |    1.3129029s |             ::1 | POST  /vote/result |","time":"2020-06-01T10:42:39+08:00"}
{"level":"info","msg":"| 200 |    989.6585ms |             ::1 | POST  /vote/my_votes |","time":"2020-06-01T10:42:46+08:00"}
{"level":"info","msg":"| 200 |    234.8424ms |             ::1 | POST  /user/info |","time":"2020-06-01T10:42:47+08:00"}
{"level":"info","msg":"| 200 |    141.2062ms |             ::1 | POST  /vote/list_for_admin |","time":"2020-06-01T10:42:49+08:00"}
{"level":"info","msg":"| 200 |     87.3084ms |             ::1 | POST  /notice/list |","time":"2020-06-01T10:42:50+08:00"}
{"level":"info","msg":"| 200 |    145.8466ms |             ::1 | POST  /vote/list_for_admin |","time":"2020-06-01T10:42:52+08:00"}
{"level":"info","msg":"| 200 |     84.5539ms |             ::1 | POST  /notice/list |","time":"2020-06-01T10:42:55+08:00"}
{"level":"info","msg":"| 200 |     98.5741ms |             ::1 | POST  /notice/list |","time":"2020-06-01T10:42:59+08:00"}
{"level":"info","msg":"| 200 |    154.7559ms |             ::1 | POST  /vote/list_for_admin |","time":"2020-06-01T10:43:00+08:00"}
{"level":"info","msg":"| 200 |    150.1862ms |             ::1 | POST  /vote/list_for_admin |","time":"2020-06-01T10:43:02+08:00"}
{"level":"info","msg":"| 200 |     81.5932ms |             ::1 | POST  /notice/list |","time":"2020-06-01T10:43:04+08:00"}
{"level":"info","msg":"| 200 |    140.8077ms |             ::1 | POST  /vote/list_for_admin |","time":"2020-06-01T10:43:08+08:00"}
{"level":"info","msg":"| 200 |     87.5764ms |             ::1 | POST  /notice/list |","time":"2020-06-01T10:43:10+08:00"}
{"level":"info","msg":"| 200 |     229.565ms |             ::1 | POST  /user/list |","time":"2020-06-01T10:43:15+08:00"}
{"level":"info","msg":"| 200 |     182.848ms |             ::1 | POST  /vote/list_for_admin |","time":"2020-06-01T10:43:17+08:00"}
{"level":"info","msg":"| 200 |    363.3169ms |             ::1 | POST  /vote/count |","time":"2020-06-01T10:43:17+08:00"}
{"level":"info","msg":"| 200 |     232.224ms |             ::1 | POST  /user/list |","time":"2020-06-01T10:43:33+08:00"}
{"level":"info","msg":"| 200 |    363.8933ms |             ::1 | POST  /user/list |","time":"2020-06-01T10:43:37+08:00"}
{"level":"info","msg":"| 200 |     231.043ms |             ::1 | POST  /user/list |","time":"2020-06-01T10:43:39+08:00"}
{"level":"info","msg":"| 200 |    368.7996ms |             ::1 | POST  /user/delete |","time":"2020-06-01T10:44:01+08:00"}
{"level":"info","msg":"| 200 |    232.4852ms |             ::1 | POST  /user/list |","time":"2020-06-01T10:44:02+08:00"}
{"level":"info","msg":"| 200 |    217.6644ms |             ::1 | POST  /user/info |","time":"2020-06-01T10:44:06+08:00"}
{"level":"info","msg":"| 200 |    153.3329ms |             ::1 | POST  /user/sign_in |","time":"2020-06-01T10:44:12+08:00"}
{"level":"info","msg":"| 200 |    469.5215ms |             ::1 | POST  /user/sign_up |","time":"2020-06-01T10:44:22+08:00"}
{"level":"info","msg":"| 200 |    227.9526ms |             ::1 | POST  /user/sign_in |","time":"2020-06-01T10:44:25+08:00"}
{"level":"info","msg":"| 200 |     89.3513ms |             ::1 | POST  /notice/list |","time":"2020-06-01T10:44:26+08:00"}
{"level":"info","msg":"| 200 |    232.8367ms |             ::1 | POST  /user/list |","time":"2020-06-01T10:44:27+08:00"}
{"level":"info","msg":"| 200 |    158.7503ms |             ::1 | POST  /vote/list_for_admin |","time":"2020-06-01T10:44:31+08:00"}
{"level":"info","msg":"| 200 |    540.4629ms |             ::1 | POST  /vote/detail_for_user |","time":"2020-06-01T10:44:32+08:00"}
{"level":"info","msg":"| 200 |    1.3036596s |             ::1 | POST  /vote/result |","time":"2020-06-01T10:44:33+08:00"}
{"level":"info","msg":"| 200 |    224.9596ms |             ::1 | POST  /vote/vote |","time":"2020-06-01T10:44:35+08:00"}
{"level":"info","msg":"| 200 |    157.6725ms |             ::1 | POST  /vote/list_for_admin |","time":"2020-06-01T10:44:39+08:00"}
{"level":"info","msg":"| 200 |    229.9375ms |             ::1 | POST  /user/info |","time":"2020-06-01T10:44:42+08:00"}
{"level":"info","msg":"| 200 |    226.9205ms |             ::1 | POST  /vote/my_votes |","time":"2020-06-01T10:44:43+08:00"}
{"level":"info","msg":"| 200 |    222.2549ms |             ::1 | POST  /user/info |","time":"2020-06-01T10:44:44+08:00"}
{"level":"info","msg":"| 200 |    241.6021ms |             ::1 | POST  /user/list |","time":"2020-06-01T10:44:52+08:00"}
{"level":"info","msg":"| 200 |    379.7273ms |             ::1 | POST  /user/list |","time":"2020-06-01T10:44:53+08:00"}
{"level":"info","msg":"| 200 |     376.532ms |             ::1 | POST  /user/list |","time":"2020-06-01T10:44:54+08:00"}
{"level":"info","msg":"| 200 |    219.8665ms |             ::1 | POST  /user/list |","time":"2020-06-01T10:44:55+08:00"}
{"level":"info","msg":"| 200 |     88.7292ms |             ::1 | POST  /notice/list |","time":"2020-06-01T10:45:00+08:00"}
{"level":"info","msg":"| 200 |    157.8581ms |             ::1 | POST  /vote/list_for_admin |","time":"2020-06-01T10:45:01+08:00"}
{"level":"info","msg":"| 200 |     92.4284ms |             ::1 | POST  /notice/list |","time":"2020-06-01T10:45:02+08:00"}
{"level":"info","msg":"| 200 |    153.9268ms |             ::1 | POST  /vote/list_for_admin |","time":"2020-06-01T10:45:04+08:00"}
{"level":"info","msg":"| 200 |     383.142ms |             ::1 | POST  /vote/count |","time":"2020-06-01T10:45:04+08:00"}
{"level":"info","msg":"| 200 |    216.1079ms |             ::1 | POST  /notice/list_for_admin |","time":"2020-06-01T10:45:07+08:00"}
{"level":"info","msg":"| 200 |    172.1706ms |             ::1 | POST  /vote/list_for_admin |","time":"2020-06-01T10:45:13+08:00"}
{"level":"info","msg":"| 200 |    350.4333ms |             ::1 | POST  /vote/count |","time":"2020-06-01T10:45:13+08:00"}
{"level":"info","msg":"| 200 |    229.1592ms |             ::1 | POST  /notice/list_for_admin |","time":"2020-06-01T10:45:13+08:00"}
{"level":"info","msg":"| 200 |    236.1788ms |             ::1 | POST  /user/info |","time":"2020-06-01T10:45:53+08:00"}
{"level":"info","msg":"| 200 |    221.4357ms |             ::1 | POST  /user/sign_in |","time":"2020-06-01T10:46:00+08:00"}
{"level":"info","msg":"| 200 |     92.2491ms |             ::1 | POST  /notice/list |","time":"2020-06-01T10:46:02+08:00"}
{"level":"info","msg":"| 200 |    256.3866ms |             ::1 | POST  /user/info |","time":"2020-06-01T10:46:03+08:00"}
{"level":"info","msg":"| 200 |    237.0983ms |             ::1 | POST  /notice/list_for_admin |","time":"2020-06-01T10:48:51+08:00"}
{"level":"info","msg":"| 200 |    206.3727ms |             ::1 | POST  /notice/list_for_admin |","time":"2020-06-01T10:48:53+08:00"}
{"level":"info","msg":"| 200 |    153.7357ms |             ::1 | POST  /vote/list_for_admin |","time":"2020-06-01T10:48:54+08:00"}
{"level":"info","msg":"| 200 |    353.9631ms |             ::1 | POST  /vote/count |","time":"2020-06-01T10:48:54+08:00"}
{"level":"info","msg":"| 200 |     288.756ms |             ::1 | POST  /vote/list_for_admin |","time":"2020-06-01T10:49:00+08:00"}
{"level":"info","msg":"| 200 |    145.8522ms |             ::1 | POST  /vote/list_for_admin |","time":"2020-06-01T10:49:01+08:00"}
