{"level":"info","msg":"| 200 |       3.005ms |             ::1 | POST  /user/info |","time":"2020-05-30T10:21:09+08:00"}
{"level":"info","msg":"| 200 |    421.4136ms |             ::1 | POST  /user/sign_in |","time":"2020-05-30T10:21:14+08:00"}
{"level":"info","msg":"| 200 |    243.8613ms |             ::1 | POST  /user/info |","time":"2020-05-30T10:21:20+08:00"}
{"level":"info","msg":"| 200 |    259.2439ms |             ::1 | POST  /user/info |","time":"2020-05-30T10:21:24+08:00"}
{"level":"info","msg":"| 200 |    257.3871ms |             ::1 | POST  /user/info |","time":"2020-05-30T10:22:36+08:00"}
{"level":"info","msg":"| 200 |    285.3862ms |             ::1 | POST  /user/info |","time":"2020-05-30T10:22:42+08:00"}
{"level":"info","msg":"| 200 |    257.5676ms |             ::1 | POST  /user/info |","time":"2020-05-30T10:22:44+08:00"}
{"level":"info","msg":"| 200 |    314.8791ms |             ::1 | POST  /user/info |","time":"2020-05-30T10:22:55+08:00"}
{"level":"info","msg":"| 200 |    262.8902ms |             ::1 | POST  /user/info |","time":"2020-05-30T10:22:58+08:00"}
{"level":"info","msg":"| 200 |    349.4622ms |             ::1 | POST  /user/info |","time":"2020-05-30T10:23:02+08:00"}
{"level":"info","msg":"| 200 |     303.726ms |             ::1 | POST  /user/info |","time":"2020-05-30T10:23:06+08:00"}
{"level":"info","msg":"| 200 |    731.4291ms |             ::1 | POST  /user/info |","time":"2020-05-30T11:40:40+08:00"}
{"level":"info","msg":"| 200 |     74.8488ms |             ::1 | POST  /notice/list |","time":"2020-05-30T11:42:33+08:00"}
{"level":"info","msg":"| 200 |     104.175ms |             ::1 | POST  /notice/list |","time":"2020-05-30T11:43:27+08:00"}
{"level":"info","msg":"| 200 |     90.5369ms |             ::1 | POST  /notice/list |","time":"2020-05-30T11:43:56+08:00"}
{"level":"info","msg":"| 200 |     80.8824ms |             ::1 | POST  /notice/list |","time":"2020-05-30T11:44:04+08:00"}
{"level":"info","msg":"| 200 |      92.166ms |             ::1 | POST  /notice/list |","time":"2020-05-30T11:44:12+08:00"}
{"level":"info","msg":"| 200 |    365.4626ms |             ::1 | POST  /notice/list |","time":"2020-05-30T14:47:27+08:00"}
{"level":"info","msg":"| 200 |      1.0036ms |             ::1 | POST  /vote/count |","time":"2020-05-30T14:57:45+08:00"}
{"level":"info","msg":"| 200 |    362.0535ms |             ::1 | POST  /admin/sign_in |","time":"2020-05-30T14:57:57+08:00"}
{"level":"info","msg":"| 200 |    371.3267ms |             ::1 | POST  /vote/count |","time":"2020-05-30T14:57:57+08:00"}
{"level":"info","msg":"| 200 |    525.0786ms |             ::1 | POST  /vote/count |","time":"2020-05-30T15:10:08+08:00"}
{"level":"info","msg":"| 200 |    377.9417ms |             ::1 | POST  /vote/count |","time":"2020-05-30T15:13:01+08:00"}
{"level":"info","msg":"| 200 |     401.265ms |             ::1 | POST  /vote/count |","time":"2020-05-30T15:17:27+08:00"}
{"level":"info","msg":"| 200 |    511.5038ms |             ::1 | POST  /vote/count |","time":"2020-05-30T15:31:44+08:00"}
{"level":"info","msg":"| 200 |      1.0036ms |             ::1 | POST  /user/info |","time":"2020-05-30T15:31:56+08:00"}
{"level":"info","msg":"| 200 |            0s |             ::1 | POST  /user/sign_in |","time":"2020-05-30T15:32:01+08:00"}
{"level":"info","msg":"| 200 |    217.0197ms |             ::1 | POST  /user/sign_in |","time":"2020-05-30T15:32:04+08:00"}
{"level":"info","msg":"| 200 |    224.1391ms |             ::1 | POST  /user/info |","time":"2020-05-30T15:32:06+08:00"}
{"level":"info","msg":"| 200 |    393.3572ms |             ::1 | POST  /vote/count |","time":"2020-05-30T15:34:42+08:00"}
{"level":"info","msg":"| 200 |    224.8269ms |             ::1 | POST  /user/info |","time":"2020-05-30T15:34:44+08:00"}
{"level":"info","msg":"| 200 |    245.4225ms |             ::1 | POST  /user/info |","time":"2020-05-30T15:34:50+08:00"}
{"level":"info","msg":"| 200 |    234.8147ms |             ::1 | POST  /user/info |","time":"2020-05-30T15:36:09+08:00"}
{"level":"info","msg":"| 200 |    518.5122ms |             ::1 | POST  /vote/count |","time":"2020-05-30T15:48:34+08:00"}
{"level":"info","msg":"| 200 |    224.7625ms |             ::1 | POST  /user/info |","time":"2020-05-30T15:48:35+08:00"}
{"level":"info","msg":"| 200 |    848.4625ms |             ::1 | POST  /vote/count |","time":"2020-05-30T17:43:53+08:00"}
{"level":"info","msg":"| 200 |     546.228ms |             ::1 | POST  /vote/count |","time":"2020-05-30T17:48:53+08:00"}
{"level":"info","msg":"| 200 |    936.5572ms |             ::1 | POST  /admin/upload |","time":"2020-05-30T17:49:08+08:00"}
{"level":"info","msg":"| 200 |    397.1422ms |             ::1 | POST  /vote/count |","time":"2020-05-30T17:49:45+08:00"}
{"level":"info","msg":"| 200 |    389.4643ms |             ::1 | POST  /admin/sign_in |","time":"2020-05-30T18:25:29+08:00"}
{"level":"info","msg":"| 200 |    390.4875ms |             ::1 | POST  /vote/count |","time":"2020-05-30T18:25:29+08:00"}
{"level":"info","msg":"| 200 |    379.0758ms |             ::1 | POST  /vote/count |","time":"2020-05-30T18:26:56+08:00"}
{"level":"info","msg":"| 200 |    134.9201ms |             ::1 | POST  /vote/list_for_admin |","time":"2020-05-30T18:30:17+08:00"}
{"level":"info","msg":"| 200 |    449.1503ms |             ::1 | POST  /vote/count |","time":"2020-05-30T18:30:17+08:00"}
{"level":"info","msg":"| 200 |     73.1934ms |             ::1 | POST  /vote/list_for_admin |","time":"2020-05-30T18:31:05+08:00"}
{"level":"info","msg":"| 200 |    364.9339ms |             ::1 | POST  /vote/count |","time":"2020-05-30T18:31:05+08:00"}
{"level":"info","msg":"| 200 |     85.2407ms |             ::1 | POST  /vote/list_for_admin |","time":"2020-05-30T18:31:14+08:00"}
{"level":"info","msg":"| 200 |    376.1126ms |             ::1 | POST  /vote/count |","time":"2020-05-30T18:31:14+08:00"}
{"level":"info","msg":"| 200 |     79.2337ms |             ::1 | POST  /vote/list_for_admin |","time":"2020-05-30T18:31:24+08:00"}
{"level":"info","msg":"| 200 |    387.6463ms |             ::1 | POST  /vote/count |","time":"2020-05-30T18:31:25+08:00"}
{"level":"info","msg":"| 200 |    158.9218ms |             ::1 | POST  /vote/list_for_admin |","time":"2020-05-30T18:31:59+08:00"}
{"level":"info","msg":"| 200 |       448.3ms |             ::1 | POST  /vote/count |","time":"2020-05-30T18:31:59+08:00"}
{"level":"info","msg":"| 200 |    101.2757ms |             ::1 | POST  /vote/list_for_admin |","time":"2020-05-30T18:33:14+08:00"}
{"level":"info","msg":"| 200 |    393.6175ms |             ::1 | POST  /vote/count |","time":"2020-05-30T18:33:14+08:00"}
{"level":"info","msg":"| 200 |    1.7551185s |             ::1 | POST  /admin/upload |","time":"2020-05-30T18:34:12+08:00"}
{"level":"info","msg":"| 200 |    454.3595ms |             ::1 | POST  /vote/create |","time":"2020-05-30T18:34:24+08:00"}
{"level":"info","msg":"| 200 |     83.7419ms |             ::1 | POST  /vote/list_for_admin |","time":"2020-05-30T18:34:26+08:00"}
{"level":"info","msg":"| 200 |    374.6603ms |             ::1 | POST  /vote/count |","time":"2020-05-30T18:34:26+08:00"}
{"level":"info","msg":"| 200 |     73.1989ms |             ::1 | POST  /vote/list_for_admin |","time":"2020-05-30T18:35:50+08:00"}
{"level":"info","msg":"| 200 |    384.0431ms |             ::1 | POST  /vote/count |","time":"2020-05-30T18:35:51+08:00"}
{"level":"info","msg":"| 200 |     89.2416ms |             ::1 | POST  /vote/list_for_admin |","time":"2020-05-30T18:35:55+08:00"}
{"level":"info","msg":"| 200 |    389.5586ms |             ::1 | POST  /vote/count |","time":"2020-05-30T18:35:55+08:00"}
{"level":"info","msg":"| 200 |     563.697ms |             ::1 | POST  /admin/upload |","time":"2020-05-30T18:36:37+08:00"}
{"level":"info","msg":"| 200 |     464.049ms |             ::1 | POST  /vote/create |","time":"2020-05-30T18:36:51+08:00"}
{"level":"info","msg":"| 200 |     81.2207ms |             ::1 | POST  /vote/list_for_admin |","time":"2020-05-30T18:36:52+08:00"}
{"level":"info","msg":"| 200 |    380.5905ms |             ::1 | POST  /vote/count |","time":"2020-05-30T18:36:53+08:00"}
{"level":"info","msg":"| 200 |    445.6815ms |             ::1 | POST  /admin/upload |","time":"2020-05-30T18:37:20+08:00"}
{"level":"info","msg":"| 200 |    459.2149ms |             ::1 | POST  /vote/create |","time":"2020-05-30T18:37:35+08:00"}
{"level":"info","msg":"| 200 |     89.2416ms |             ::1 | POST  /vote/list_for_admin |","time":"2020-05-30T18:37:37+08:00"}
{"level":"info","msg":"| 200 |    370.0322ms |             ::1 | POST  /vote/count |","time":"2020-05-30T18:37:37+08:00"}
{"level":"info","msg":"| 200 |     79.7802ms |             ::1 | POST  /vote/list_for_admin |","time":"2020-05-30T18:38:06+08:00"}
{"level":"info","msg":"| 200 |    401.3005ms |             ::1 | POST  /vote/count |","time":"2020-05-30T18:38:06+08:00"}
{"level":"info","msg":"| 200 |     84.2326ms |             ::1 | POST  /vote/list_for_admin |","time":"2020-05-30T18:38:24+08:00"}
{"level":"info","msg":"| 200 |    375.0626ms |             ::1 | POST  /vote/count |","time":"2020-05-30T18:38:25+08:00"}
{"level":"info","msg":"| 200 |      87.738ms |             ::1 | POST  /vote/list_for_admin |","time":"2020-05-30T18:38:30+08:00"}
{"level":"info","msg":"| 200 |    380.0405ms |             ::1 | POST  /vote/count |","time":"2020-05-30T18:38:30+08:00"}
{"level":"info","msg":"| 200 |     90.7409ms |             ::1 | POST  /vote/list_for_admin |","time":"2020-05-30T18:39:02+08:00"}
{"level":"info","msg":"| 200 |    403.6195ms |             ::1 | POST  /vote/count |","time":"2020-05-30T18:39:02+08:00"}
{"level":"info","msg":"| 200 |      94.257ms |             ::1 | POST  /vote/list_for_admin |","time":"2020-05-30T18:39:15+08:00"}
{"level":"info","msg":"| 200 |    413.1264ms |             ::1 | POST  /vote/count |","time":"2020-05-30T18:39:15+08:00"}
{"level":"info","msg":"| 200 |     84.7308ms |             ::1 | POST  /vote/list_for_admin |","time":"2020-05-30T18:39:28+08:00"}
{"level":"info","msg":"| 200 |    376.0098ms |             ::1 | POST  /vote/count |","time":"2020-05-30T18:39:28+08:00"}
{"level":"info","msg":"| 200 |     82.5271ms |             ::1 | POST  /vote/list_for_admin |","time":"2020-05-30T18:39:46+08:00"}
{"level":"info","msg":"| 200 |    372.1988ms |             ::1 | POST  /vote/count |","time":"2020-05-30T18:39:46+08:00"}
{"level":"info","msg":"| 200 |     90.2498ms |             ::1 | POST  /vote/list_for_admin |","time":"2020-05-30T18:40:17+08:00"}
{"level":"info","msg":"| 200 |    401.8628ms |             ::1 | POST  /vote/count |","time":"2020-05-30T18:40:17+08:00"}
{"level":"info","msg":"| 200 |     91.7517ms |             ::1 | POST  /vote/list_for_admin |","time":"2020-05-30T18:40:41+08:00"}
{"level":"info","msg":"| 200 |    406.3236ms |             ::1 | POST  /vote/count |","time":"2020-05-30T18:40:41+08:00"}
{"level":"info","msg":"| 200 |    199.7478ms |             ::1 | POST  /vote/list_for_admin |","time":"2020-05-30T18:42:37+08:00"}
{"level":"info","msg":"| 200 |    582.0139ms |             ::1 | POST  /vote/count |","time":"2020-05-30T18:42:37+08:00"}
{"level":"info","msg":"| 200 |    185.5104ms |             ::1 | POST  /vote/list_for_admin |","time":"2020-05-30T18:42:50+08:00"}
{"level":"info","msg":"| 200 |    675.3852ms |             ::1 | POST  /vote/count |","time":"2020-05-30T18:42:51+08:00"}
{"level":"info","msg":"| 200 |    243.1684ms |             ::1 | POST  /vote/list_for_admin |","time":"2020-05-30T18:45:49+08:00"}
{"level":"info","msg":"| 200 |     408.655ms |             ::1 | POST  /vote/count |","time":"2020-05-30T18:45:50+08:00"}
{"level":"info","msg":"| 200 |    207.3088ms |             ::1 | POST  /vote/list_for_admin |","time":"2020-05-30T18:45:58+08:00"}
{"level":"info","msg":"| 200 |    402.8441ms |             ::1 | POST  /vote/count |","time":"2020-05-30T18:45:58+08:00"}
{"level":"info","msg":"| 200 |    165.2677ms |             ::1 | POST  /vote/list_for_admin |","time":"2020-05-30T18:46:00+08:00"}
{"level":"info","msg":"| 200 |     156.602ms |             ::1 | POST  /vote/list_for_admin |","time":"2020-05-30T18:46:01+08:00"}
{"level":"info","msg":"| 200 |     166.921ms |             ::1 | POST  /vote/list_for_admin |","time":"2020-05-30T18:46:02+08:00"}
{"level":"info","msg":"| 200 |    166.3412ms |             ::1 | POST  /vote/list_for_admin |","time":"2020-05-30T18:46:03+08:00"}
{"level":"info","msg":"| 200 |    145.5036ms |             ::1 | POST  /vote/list_for_admin |","time":"2020-05-30T18:46:04+08:00"}
{"level":"info","msg":"| 200 |    160.7544ms |             ::1 | POST  /vote/list_for_admin |","time":"2020-05-30T18:46:06+08:00"}
{"level":"info","msg":"| 200 |    169.0355ms |             ::1 | POST  /vote/list_for_admin |","time":"2020-05-30T18:46:06+08:00"}
{"level":"info","msg":"| 200 |    229.9106ms |             ::1 | POST  /vote/list_for_admin |","time":"2020-05-30T18:46:07+08:00"}
{"level":"info","msg":"| 200 |    212.4434ms |             ::1 | POST  /vote/list_for_admin |","time":"2020-05-30T18:46:08+08:00"}
{"level":"info","msg":"| 200 |    171.6685ms |             ::1 | POST  /vote/list_for_admin |","time":"2020-05-30T18:46:08+08:00"}
{"level":"info","msg":"| 200 |    216.0345ms |             ::1 | POST  /vote/list_for_admin |","time":"2020-05-30T18:46:09+08:00"}
{"level":"info","msg":"| 200 |    249.3709ms |             ::1 | POST  /vote/list_for_admin |","time":"2020-05-30T18:46:10+08:00"}
{"level":"info","msg":"| 200 |    348.5367ms |             ::1 | POST  /vote/list_for_admin |","time":"2020-05-30T18:46:11+08:00"}
{"level":"info","msg":"| 200 |    195.0357ms |             ::1 | POST  /vote/list_for_admin |","time":"2020-05-30T18:46:12+08:00"}
{"level":"info","msg":"| 200 |    258.2371ms |             ::1 | POST  /vote/list_for_admin |","time":"2020-05-30T18:46:12+08:00"}
{"level":"info","msg":"| 200 |     269.158ms |             ::1 | POST  /vote/list_for_admin |","time":"2020-05-30T18:46:13+08:00"}
{"level":"info","msg":"| 200 |    306.0548ms |             ::1 | POST  /vote/list_for_admin |","time":"2020-05-30T18:46:13+08:00"}
{"level":"info","msg":"| 200 |    188.2854ms |             ::1 | POST  /vote/list_for_admin |","time":"2020-05-30T18:46:14+08:00"}
{"level":"info","msg":"| 200 |    202.6231ms |             ::1 | POST  /vote/list_for_admin |","time":"2020-05-30T18:46:15+08:00"}
{"level":"info","msg":"| 200 |    165.3794ms |             ::1 | POST  /vote/list_for_admin |","time":"2020-05-30T18:46:18+08:00"}
{"level":"info","msg":"| 200 |    164.1036ms |             ::1 | POST  /vote/list_for_admin |","time":"2020-05-30T18:46:19+08:00"}
{"level":"info","msg":"| 200 |    184.8841ms |             ::1 | POST  /vote/list_for_admin |","time":"2020-05-30T18:46:19+08:00"}
{"level":"info","msg":"| 200 |    157.5672ms |             ::1 | POST  /vote/list_for_admin |","time":"2020-05-30T18:46:20+08:00"}
{"level":"info","msg":"| 200 |    169.6457ms |             ::1 | POST  /vote/list_for_admin |","time":"2020-05-30T18:46:20+08:00"}
{"level":"info","msg":"| 200 |    171.4428ms |             ::1 | POST  /vote/list_for_admin |","time":"2020-05-30T18:46:21+08:00"}
{"level":"info","msg":"| 200 |     133.361ms |             ::1 | POST  /vote/list_for_admin |","time":"2020-05-30T18:46:31+08:00"}
{"level":"info","msg":"| 200 |    392.0721ms |             ::1 | POST  /vote/count |","time":"2020-05-30T18:46:32+08:00"}
{"level":"info","msg":"| 200 |    152.9314ms |             ::1 | POST  /vote/list_for_admin |","time":"2020-05-30T18:49:42+08:00"}
{"level":"info","msg":"| 200 |     413.149ms |             ::1 | POST  /vote/count |","time":"2020-05-30T18:49:42+08:00"}
{"level":"info","msg":"| 200 |    356.0589ms |             ::1 | POST  /vote/list_for_admin |","time":"2020-05-30T18:49:46+08:00"}
{"level":"info","msg":"| 200 |    158.0079ms |             ::1 | POST  /vote/list_for_admin |","time":"2020-05-30T18:49:52+08:00"}
{"level":"info","msg":"| 200 |     202.554ms |             ::1 | POST  /vote/list_for_admin |","time":"2020-05-30T18:50:03+08:00"}
{"level":"info","msg":"| 200 |    396.0862ms |             ::1 | POST  /vote/count |","time":"2020-05-30T18:50:03+08:00"}
{"level":"info","msg":"| 200 |    222.1175ms |             ::1 | POST  /vote/list_for_admin |","time":"2020-05-30T18:50:05+08:00"}
{"level":"info","msg":"| 200 |    156.6673ms |             ::1 | POST  /vote/list_for_admin |","time":"2020-05-30T18:50:06+08:00"}
{"level":"info","msg":"| 200 |    169.2519ms |             ::1 | POST  /vote/list_for_admin |","time":"2020-05-30T18:50:07+08:00"}
{"level":"info","msg":"| 200 |    169.7937ms |             ::1 | POST  /vote/list_for_admin |","time":"2020-05-30T18:50:08+08:00"}
{"level":"info","msg":"| 200 |    164.0969ms |             ::1 | POST  /vote/list_for_admin |","time":"2020-05-30T18:50:09+08:00"}
{"level":"info","msg":"| 200 |    317.2284ms |             ::1 | POST  /vote/list_for_admin |","time":"2020-05-30T18:50:15+08:00"}
{"level":"info","msg":"| 200 |    339.5972ms |             ::1 | POST  /vote/list_for_admin |","time":"2020-05-30T18:50:21+08:00"}
{"level":"info","msg":"| 200 |    339.5938ms |             ::1 | POST  /vote/list_for_admin |","time":"2020-05-30T18:50:23+08:00"}
{"level":"info","msg":"| 200 |    403.4957ms |             ::1 | POST  /vote/list_for_admin |","time":"2020-05-30T18:50:23+08:00"}
{"level":"info","msg":"| 200 |    158.9047ms |             ::1 | POST  /vote/list_for_admin |","time":"2020-05-30T18:50:25+08:00"}
{"level":"info","msg":"| 200 |    309.6162ms |             ::1 | POST  /vote/list_for_admin |","time":"2020-05-30T18:50:26+08:00"}
{"level":"info","msg":"| 200 |    139.3976ms |             ::1 | POST  /vote/list_for_admin |","time":"2020-05-30T18:50:27+08:00"}
{"level":"info","msg":"| 200 |    667.1689ms |             ::1 | POST  /admin/upload |","time":"2020-05-30T18:50:52+08:00"}
{"level":"info","msg":"| 200 |    464.3149ms |             ::1 | POST  /vote/create |","time":"2020-05-30T18:51:01+08:00"}
{"level":"info","msg":"| 200 |    210.1013ms |             ::1 | POST  /vote/list_for_admin |","time":"2020-05-30T18:51:03+08:00"}
{"level":"info","msg":"| 200 |    407.1723ms |             ::1 | POST  /vote/count |","time":"2020-05-30T18:51:03+08:00"}
{"level":"info","msg":"| 200 |    180.1638ms |             ::1 | POST  /vote/list_for_admin |","time":"2020-05-30T18:51:08+08:00"}
{"level":"info","msg":"| 200 |    173.5642ms |             ::1 | POST  /vote/list_for_admin |","time":"2020-05-30T18:51:09+08:00"}
{"level":"info","msg":"| 200 |    159.8588ms |             ::1 | POST  /vote/list_for_admin |","time":"2020-05-30T18:51:09+08:00"}
{"level":"info","msg":"| 200 |    187.5102ms |             ::1 | POST  /vote/list_for_admin |","time":"2020-05-30T18:51:13+08:00"}
{"level":"info","msg":"| 200 |    404.1054ms |             ::1 | POST  /vote/count |","time":"2020-05-30T18:51:14+08:00"}
{"level":"info","msg":"| 200 |    156.8128ms |             ::1 | POST  /vote/list_for_admin |","time":"2020-05-30T18:51:16+08:00"}
{"level":"info","msg":"| 200 |    170.0472ms |             ::1 | POST  /vote/list_for_admin |","time":"2020-05-30T18:51:17+08:00"}
{"level":"info","msg":"| 200 |    168.6315ms |             ::1 | POST  /vote/list_for_admin |","time":"2020-05-30T18:51:52+08:00"}
{"level":"info","msg":"| 200 |    162.3488ms |             ::1 | POST  /vote/list_for_admin |","time":"2020-05-30T18:51:54+08:00"}
{"level":"info","msg":"| 200 |    170.8126ms |             ::1 | POST  /vote/list_for_admin |","time":"2020-05-30T18:51:55+08:00"}
{"level":"info","msg":"| 200 |    316.9259ms |             ::1 | POST  /vote/list_for_admin |","time":"2020-05-30T18:51:59+08:00"}
{"level":"info","msg":"| 200 |    323.1078ms |             ::1 | POST  /vote/list_for_admin |","time":"2020-05-30T18:52:01+08:00"}
{"level":"info","msg":"| 200 |    321.4643ms |             ::1 | POST  /vote/list_for_admin |","time":"2020-05-30T18:52:03+08:00"}
{"level":"info","msg":"| 200 |    174.7358ms |             ::1 | POST  /vote/list_for_admin |","time":"2020-05-30T18:52:04+08:00"}
{"level":"info","msg":"| 200 |    178.0164ms |             ::1 | POST  /vote/list_for_admin |","time":"2020-05-30T18:52:06+08:00"}
{"level":"info","msg":"| 200 |    171.5695ms |             ::1 | POST  /vote/list_for_admin |","time":"2020-05-30T18:52:07+08:00"}
{"level":"info","msg":"| 200 |    300.6451ms |             ::1 | POST  /vote/list_for_admin |","time":"2020-05-30T18:52:08+08:00"}
{"level":"info","msg":"| 200 |    306.1265ms |             ::1 | POST  /vote/list_for_admin |","time":"2020-05-30T18:52:09+08:00"}
{"level":"info","msg":"| 200 |    331.0929ms |             ::1 | POST  /vote/list_for_admin |","time":"2020-05-30T18:52:11+08:00"}
{"level":"info","msg":"| 200 |    314.1743ms |             ::1 | POST  /vote/list_for_admin |","time":"2020-05-30T18:52:12+08:00"}
{"level":"info","msg":"| 200 |    341.1687ms |             ::1 | POST  /vote/list_for_admin |","time":"2020-05-30T18:52:14+08:00"}
{"level":"info","msg":"| 200 |    333.4831ms |             ::1 | POST  /vote/list_for_admin |","time":"2020-05-30T18:52:27+08:00"}
{"level":"info","msg":"| 200 |    322.5395ms |             ::1 | POST  /vote/list_for_admin |","time":"2020-05-30T18:52:39+08:00"}
{"level":"info","msg":"| 200 |    168.5991ms |             ::1 | POST  /vote/list_for_admin |","time":"2020-05-30T18:52:40+08:00"}
{"level":"info","msg":"| 200 |    206.0655ms |             ::1 | POST  /vote/list_for_admin |","time":"2020-05-30T18:52:45+08:00"}
{"level":"info","msg":"| 200 |    419.1488ms |             ::1 | POST  /vote/count |","time":"2020-05-30T18:52:45+08:00"}
{"level":"info","msg":"| 200 |    147.5085ms |             ::1 | POST  /vote/list_for_admin |","time":"2020-05-30T18:53:38+08:00"}
{"level":"info","msg":"| 200 |    377.5368ms |             ::1 | POST  /vote/count |","time":"2020-05-30T18:53:38+08:00"}
{"level":"info","msg":"| 200 |    209.1106ms |             ::1 | POST  /vote/list_for_admin |","time":"2020-05-30T18:53:56+08:00"}
{"level":"info","msg":"| 200 |    402.6355ms |             ::1 | POST  /vote/count |","time":"2020-05-30T18:53:56+08:00"}
{"level":"info","msg":"| 200 |    219.6957ms |             ::1 | POST  /notice/list_for_admin |","time":"2020-05-30T18:54:10+08:00"}
{"level":"info","msg":"| 200 |    181.0752ms |             ::1 | POST  /notice/detail |","time":"2020-05-30T18:54:13+08:00"}
{"level":"info","msg":"| 200 |    240.6647ms |             ::1 | POST  /notice/list_for_admin |","time":"2020-05-30T18:54:15+08:00"}
{"level":"info","msg":"| 200 |    239.9885ms |             ::1 | POST  /notice/list_for_admin |","time":"2020-05-30T18:54:19+08:00"}
{"level":"info","msg":"| 200 |    233.1293ms |             ::1 | POST  /user/list |","time":"2020-05-30T18:54:20+08:00"}
{"level":"info","msg":"| 200 |    144.8363ms |             ::1 | POST  /vote/list_for_admin |","time":"2020-05-30T18:54:21+08:00"}
{"level":"info","msg":"| 200 |    362.6449ms |             ::1 | POST  /vote/count |","time":"2020-05-30T18:54:22+08:00"}
{"level":"info","msg":"| 200 |    231.3412ms |             ::1 | POST  /notice/list_for_admin |","time":"2020-05-30T18:54:22+08:00"}
{"level":"info","msg":"| 200 |     239.363ms |             ::1 | POST  /notice/list_for_admin |","time":"2020-05-30T18:54:23+08:00"}
{"level":"info","msg":"| 200 |    228.5013ms |             ::1 | POST  /notice/list_for_admin |","time":"2020-05-30T18:54:25+08:00"}
{"level":"info","msg":"| 200 |    203.1369ms |             ::1 | POST  /vote/list_for_admin |","time":"2020-05-30T18:54:26+08:00"}
{"level":"info","msg":"| 200 |     388.657ms |             ::1 | POST  /vote/count |","time":"2020-05-30T18:54:26+08:00"}
{"level":"info","msg":"| 200 |    173.9712ms |             ::1 | POST  /vote/list_for_admin |","time":"2020-05-30T18:59:49+08:00"}
{"level":"info","msg":"| 200 |    554.4683ms |             ::1 | POST  /vote/count |","time":"2020-05-30T18:59:49+08:00"}
{"level":"info","msg":"| 200 |    174.4815ms |             ::1 | POST  /vote/list_for_admin |","time":"2020-05-30T19:01:51+08:00"}
{"level":"info","msg":"| 200 |    383.0524ms |             ::1 | POST  /vote/count |","time":"2020-05-30T19:01:52+08:00"}
{"level":"info","msg":"| 200 |    171.9659ms |             ::1 | POST  /vote/list_for_admin |","time":"2020-05-30T19:02:31+08:00"}
{"level":"info","msg":"| 200 |    409.1114ms |             ::1 | POST  /vote/count |","time":"2020-05-30T19:02:31+08:00"}
{"level":"info","msg":"| 200 |    142.5579ms |             ::1 | POST  /vote/list_for_admin |","time":"2020-05-30T19:05:53+08:00"}
{"level":"info","msg":"| 200 |    396.7479ms |             ::1 | POST  /vote/count |","time":"2020-05-30T19:05:53+08:00"}
{"level":"info","msg":"| 200 |    1.8423092s |             ::1 | POST  /vote/result |","time":"2020-05-30T19:06:22+08:00"}
{"level":"info","msg":"| 200 |    1.4846579s |             ::1 | POST  /vote/result |","time":"2020-05-30T19:06:32+08:00"}
{"level":"info","msg":"| 200 |    201.5625ms |             ::1 | POST  /vote/list_for_admin |","time":"2020-05-30T19:07:48+08:00"}
{"level":"info","msg":"| 200 |    394.8928ms |             ::1 | POST  /vote/count |","time":"2020-05-30T19:07:48+08:00"}
{"level":"info","msg":"| 200 |    1.6926008s |             ::1 | POST  /vote/result |","time":"2020-05-30T19:07:51+08:00"}
{"level":"info","msg":"| 200 |    1.4464994s |             ::1 | POST  /vote/result |","time":"2020-05-30T19:08:14+08:00"}
{"level":"info","msg":"| 200 |    1.4633809s |             ::1 | POST  /vote/result |","time":"2020-05-30T19:08:17+08:00"}
{"level":"info","msg":"| 200 |    1.4782984s |             ::1 | POST  /vote/result |","time":"2020-05-30T19:08:42+08:00"}
{"level":"info","msg":"| 200 |    1.4868198s |             ::1 | POST  /vote/result |","time":"2020-05-30T19:11:45+08:00"}
{"level":"info","msg":"| 200 |    1.3670767s |             ::1 | POST  /vote/result |","time":"2020-05-30T19:13:03+08:00"}
{"level":"info","msg":"| 200 |    173.4707ms |             ::1 | POST  /vote/list_for_admin |","time":"2020-05-30T19:15:54+08:00"}
{"level":"info","msg":"| 200 |    514.4307ms |             ::1 | POST  /vote/count |","time":"2020-05-30T19:15:54+08:00"}
{"level":"info","msg":"| 200 |    1.3190506s |             ::1 | POST  /vote/result |","time":"2020-05-30T19:15:57+08:00"}
{"level":"info","msg":"| 200 |    1.2927876s |             ::1 | POST  /vote/result |","time":"2020-05-30T19:16:02+08:00"}
{"level":"info","msg":"| 200 |    1.4351752s |             ::1 | POST  /vote/result |","time":"2020-05-30T19:16:50+08:00"}
{"level":"info","msg":"| 200 |    160.7006ms |             ::1 | POST  /admin/system_info |","time":"2020-05-30T19:17:04+08:00"}
{"level":"info","msg":"| 200 |    363.5913ms |             ::1 | POST  /admin/system_update |","time":"2020-05-30T19:17:07+08:00"}
{"level":"info","msg":"| 200 |    154.8907ms |             ::1 | POST  /vote/list_for_admin |","time":"2020-05-30T19:17:09+08:00"}
{"level":"info","msg":"| 200 |    654.6619ms |             ::1 | POST  /vote/count |","time":"2020-05-30T19:17:10+08:00"}
{"level":"info","msg":"| 200 |    1.3543488s |             ::1 | POST  /vote/result |","time":"2020-05-30T19:17:11+08:00"}
{"level":"info","msg":"| 200 |    1.3693419s |             ::1 | POST  /vote/result |","time":"2020-05-30T19:17:39+08:00"}
{"level":"info","msg":"| 200 |     1.371406s |             ::1 | POST  /vote/result |","time":"2020-05-30T19:17:55+08:00"}
{"level":"info","msg":"| 200 |    1.3196463s |             ::1 | POST  /vote/result |","time":"2020-05-30T19:18:43+08:00"}
{"level":"info","msg":"| 200 |    1.3498172s |             ::1 | POST  /vote/result |","time":"2020-05-30T19:18:50+08:00"}
{"level":"info","msg":"| 200 |    176.8576ms |             ::1 | POST  /vote/list_for_admin |","time":"2020-05-30T19:18:52+08:00"}
{"level":"info","msg":"| 200 |    395.7624ms |             ::1 | POST  /vote/count |","time":"2020-05-30T19:18:52+08:00"}
{"level":"info","msg":"| 200 |    1.3634227s |             ::1 | POST  /vote/result |","time":"2020-05-30T19:18:56+08:00"}
{"level":"info","msg":"| 200 |    1.1514099s |             ::1 | POST  /vote/result |","time":"2020-05-30T19:19:33+08:00"}
{"level":"info","msg":"| 200 |    1.3546484s |             ::1 | POST  /vote/result |","time":"2020-05-30T19:19:38+08:00"}
{"level":"info","msg":"| 200 |    1.3565845s |             ::1 | POST  /vote/result |","time":"2020-05-30T19:19:42+08:00"}
{"level":"info","msg":"| 200 |    1.3601578s |             ::1 | POST  /vote/result |","time":"2020-05-30T19:19:45+08:00"}
{"level":"info","msg":"| 200 |    323.0157ms |             ::1 | POST  /vote/list_for_admin |","time":"2020-05-30T19:19:52+08:00"}
{"level":"info","msg":"| 200 |    324.8687ms |             ::1 | POST  /vote/list_for_admin |","time":"2020-05-30T19:19:53+08:00"}
{"level":"info","msg":"| 200 |    167.2312ms |             ::1 | POST  /vote/list_for_admin |","time":"2020-05-30T19:19:55+08:00"}
{"level":"info","msg":"| 200 |    314.6095ms |             ::1 | POST  /vote/list_for_admin |","time":"2020-05-30T19:20:01+08:00"}
{"level":"info","msg":"| 200 |    162.1389ms |             ::1 | POST  /vote/list_for_admin |","time":"2020-05-30T19:20:03+08:00"}
{"level":"info","msg":"| 200 |     151.421ms |             ::1 | POST  /vote/list_for_admin |","time":"2020-05-30T19:27:31+08:00"}
{"level":"info","msg":"| 200 |    494.3488ms |             ::1 | POST  /vote/count |","time":"2020-05-30T19:27:32+08:00"}
{"level":"info","msg":"| 200 |    489.9882ms |             ::1 | POST  /admin/upload |","time":"2020-05-30T19:28:11+08:00"}
{"level":"info","msg":"| 200 |    444.9165ms |             ::1 | POST  /vote/create |","time":"2020-05-30T19:28:20+08:00"}
{"level":"info","msg":"| 200 |    140.7975ms |             ::1 | POST  /vote/list_for_admin |","time":"2020-05-30T19:28:22+08:00"}
{"level":"info","msg":"| 200 |    591.5542ms |             ::1 | POST  /vote/count |","time":"2020-05-30T19:28:23+08:00"}
{"level":"info","msg":"| 200 |    654.6914ms |             ::1 | POST  /vote/delete |","time":"2020-05-30T19:29:19+08:00"}
{"level":"info","msg":"| 200 |    168.4544ms |             ::1 | POST  /vote/list_for_admin |","time":"2020-05-30T19:30:00+08:00"}
{"level":"info","msg":"| 200 |    607.5955ms |             ::1 | POST  /vote/count |","time":"2020-05-30T19:30:00+08:00"}
{"level":"info","msg":"| 200 |    582.5545ms |             ::1 | POST  /admin/upload |","time":"2020-05-30T19:30:15+08:00"}
{"level":"info","msg":"| 200 |    451.0895ms |             ::1 | POST  /vote/create |","time":"2020-05-30T19:30:23+08:00"}
{"level":"info","msg":"| 200 |    176.9485ms |             ::1 | POST  /vote/list_for_admin |","time":"2020-05-30T19:30:25+08:00"}
{"level":"info","msg":"| 200 |    397.7702ms |             ::1 | POST  /vote/count |","time":"2020-05-30T19:30:25+08:00"}
{"level":"info","msg":"| 200 |    557.3589ms |             ::1 | POST  /vote/delete |","time":"2020-05-30T19:30:30+08:00"}
{"level":"info","msg":"| 200 |    161.0125ms |             ::1 | POST  /vote/list_for_admin |","time":"2020-05-30T19:30:32+08:00"}
{"level":"info","msg":"| 200 |    160.5742ms |             ::1 | POST  /vote/list_for_admin |","time":"2020-05-30T19:30:34+08:00"}
{"level":"info","msg":"| 200 |    206.1466ms |             ::1 | POST  /notice/list_for_admin |","time":"2020-05-30T19:30:35+08:00"}
{"level":"info","msg":"| 200 |    132.2773ms |             ::1 | POST  /vote/list_for_admin |","time":"2020-05-30T19:30:36+08:00"}
{"level":"info","msg":"| 200 |    352.4633ms |             ::1 | POST  /vote/count |","time":"2020-05-30T19:30:36+08:00"}
{"level":"info","msg":"| 200 |    1.2642735s |             ::1 | POST  /vote/result |","time":"2020-05-30T19:31:50+08:00"}
{"level":"info","msg":"| 200 |    1.2868574s |             ::1 | POST  /vote/result |","time":"2020-05-30T19:31:55+08:00"}
{"level":"info","msg":"| 200 |    343.5857ms |             ::1 | POST  /vote/list_for_admin |","time":"2020-05-30T19:32:25+08:00"}
{"level":"info","msg":"| 200 |    149.0138ms |             ::1 | POST  /vote/list_for_admin |","time":"2020-05-30T19:32:28+08:00"}
{"level":"info","msg":"| 200 |    303.8323ms |             ::1 | POST  /vote/list_for_admin |","time":"2020-05-30T19:32:39+08:00"}
{"level":"info","msg":"| 200 |     306.732ms |             ::1 | POST  /vote/list_for_admin |","time":"2020-05-30T19:32:45+08:00"}
{"level":"info","msg":"| 200 |    155.2802ms |             ::1 | POST  /vote/list_for_admin |","time":"2020-05-30T19:32:47+08:00"}
{"level":"info","msg":"| 200 |    146.4106ms |             ::1 | POST  /vote/list_for_admin |","time":"2020-05-30T19:33:04+08:00"}
{"level":"info","msg":"| 200 |    347.8648ms |             ::1 | POST  /vote/count |","time":"2020-05-30T19:33:05+08:00"}
{"level":"info","msg":"| 200 |    1.2764374s |             ::1 | POST  /vote/result |","time":"2020-05-30T19:33:11+08:00"}
{"level":"info","msg":"| 200 |    222.7149ms |             ::1 | POST  /notice/list_for_admin |","time":"2020-05-30T19:33:23+08:00"}
{"level":"info","msg":"| 200 |    130.4947ms |             ::1 | POST  /vote/list_for_admin |","time":"2020-05-30T19:33:26+08:00"}
{"level":"info","msg":"| 200 |    330.2246ms |             ::1 | POST  /vote/count |","time":"2020-05-30T19:33:26+08:00"}
{"level":"info","msg":"| 200 |    217.0381ms |             ::1 | POST  /user/list |","time":"2020-05-30T19:33:28+08:00"}
{"level":"info","msg":"| 200 |    138.6948ms |             ::1 | POST  /vote/list_for_admin |","time":"2020-05-30T19:33:29+08:00"}
{"level":"info","msg":"| 200 |    351.9907ms |             ::1 | POST  /vote/count |","time":"2020-05-30T19:33:29+08:00"}
{"level":"info","msg":"| 200 |    1.2905834s |             ::1 | POST  /vote/result |","time":"2020-05-30T19:33:32+08:00"}
{"level":"info","msg":"| 200 |    155.6399ms |             ::1 | POST  /vote/list_for_admin |","time":"2020-05-30T19:33:45+08:00"}
{"level":"info","msg":"| 200 |    357.1306ms |             ::1 | POST  /vote/count |","time":"2020-05-30T19:33:45+08:00"}
{"level":"info","msg":"| 200 |    186.5157ms |             ::1 | POST  /vote/list_for_admin |","time":"2020-05-30T19:37:18+08:00"}
{"level":"info","msg":"| 200 |    368.0102ms |             ::1 | POST  /vote/count |","time":"2020-05-30T19:37:18+08:00"}
{"level":"info","msg":"| 200 |    237.6346ms |             ::1 | POST  /vote/list_for_admin |","time":"2020-05-30T19:37:58+08:00"}
{"level":"info","msg":"| 200 |    480.4651ms |             ::1 | POST  /vote/count |","time":"2020-05-30T19:37:58+08:00"}
{"level":"info","msg":"| 200 |    224.8853ms |             ::1 | POST  /vote/detail |","time":"2020-05-30T19:38:02+08:00"}
{"level":"info","msg":"| 200 |     171.491ms |             ::1 | POST  /vote/list_for_admin |","time":"2020-05-30T19:38:41+08:00"}
{"level":"info","msg":"| 200 |    371.9475ms |             ::1 | POST  /vote/count |","time":"2020-05-30T19:38:41+08:00"}
{"level":"info","msg":"| 200 |    249.3632ms |             ::1 | POST  /vote/detail |","time":"2020-05-30T19:38:47+08:00"}
{"level":"info","msg":"| 200 |    157.4281ms |             ::1 | POST  /vote/list_for_admin |","time":"2020-05-30T19:39:22+08:00"}
{"level":"info","msg":"| 200 |     377.062ms |             ::1 | POST  /vote/count |","time":"2020-05-30T19:39:22+08:00"}
{"level":"info","msg":"| 200 |    391.3733ms |             ::1 | POST  /vote/detail |","time":"2020-05-30T19:39:26+08:00"}
{"level":"info","msg":"| 200 |    154.4337ms |             ::1 | POST  /vote/list_for_admin |","time":"2020-05-30T19:43:52+08:00"}
{"level":"info","msg":"| 200 |    353.6512ms |             ::1 | POST  /vote/count |","time":"2020-05-30T19:43:52+08:00"}
{"level":"info","msg":"| 200 |    382.8531ms |             ::1 | POST  /vote/detail |","time":"2020-05-30T19:43:55+08:00"}
{"level":"info","msg":"| 200 |    161.4383ms |             ::1 | POST  /vote/list_for_admin |","time":"2020-05-30T19:44:10+08:00"}
{"level":"info","msg":"| 200 |    409.1127ms |             ::1 | POST  /vote/count |","time":"2020-05-30T19:44:11+08:00"}
{"level":"info","msg":"| 200 |    371.7163ms |             ::1 | POST  /vote/detail |","time":"2020-05-30T19:44:12+08:00"}
{"level":"info","msg":"| 200 |    170.4738ms |             ::1 | POST  /vote/list_for_admin |","time":"2020-05-30T19:44:40+08:00"}
{"level":"info","msg":"| 200 |    391.0754ms |             ::1 | POST  /vote/count |","time":"2020-05-30T19:44:40+08:00"}
{"level":"info","msg":"| 200 |    379.1014ms |             ::1 | POST  /vote/detail |","time":"2020-05-30T19:44:42+08:00"}
{"level":"info","msg":"| 200 |    172.2368ms |             ::1 | POST  /vote/list_for_admin |","time":"2020-05-30T19:44:50+08:00"}
{"level":"info","msg":"| 200 |    392.3482ms |             ::1 | POST  /vote/count |","time":"2020-05-30T19:44:50+08:00"}
{"level":"info","msg":"| 200 |    408.7471ms |             ::1 | POST  /vote/detail |","time":"2020-05-30T19:44:52+08:00"}
{"level":"info","msg":"| 200 |    164.3298ms |             ::1 | POST  /vote/list_for_admin |","time":"2020-05-30T19:44:58+08:00"}
{"level":"info","msg":"| 200 |     384.916ms |             ::1 | POST  /vote/count |","time":"2020-05-30T19:44:58+08:00"}
{"level":"info","msg":"| 200 |    376.7735ms |             ::1 | POST  /vote/detail |","time":"2020-05-30T19:45:00+08:00"}
{"level":"info","msg":"| 200 |    152.2526ms |             ::1 | POST  /vote/list_for_admin |","time":"2020-05-30T19:45:02+08:00"}
{"level":"info","msg":"| 200 |    373.3001ms |             ::1 | POST  /vote/count |","time":"2020-05-30T19:45:02+08:00"}
{"level":"info","msg":"| 200 |      1.42706s |             ::1 | POST  /vote/result |","time":"2020-05-30T19:46:04+08:00"}
{"level":"info","msg":"| 200 |     1.469321s |             ::1 | POST  /vote/result |","time":"2020-05-30T19:46:07+08:00"}
{"level":"info","msg":"| 200 |    162.2873ms |             ::1 | POST  /admin/system_info |","time":"2020-05-30T19:46:11+08:00"}
{"level":"info","msg":"| 200 |    186.5634ms |             ::1 | POST  /vote/list_for_admin |","time":"2020-05-30T19:46:18+08:00"}
{"level":"info","msg":"| 200 |    387.6023ms |             ::1 | POST  /vote/count |","time":"2020-05-30T19:46:19+08:00"}
{"level":"info","msg":"| 200 |    334.9162ms |             ::1 | POST  /vote/detail |","time":"2020-05-30T19:46:31+08:00"}
{"level":"info","msg":"| 200 |    158.4286ms |             ::1 | POST  /vote/list_for_admin |","time":"2020-05-30T19:51:07+08:00"}
{"level":"info","msg":"| 200 |    359.7964ms |             ::1 | POST  /vote/count |","time":"2020-05-30T19:51:07+08:00"}
{"level":"info","msg":"| 200 |      168.48ms |             ::1 | POST  /vote/list_for_admin |","time":"2020-05-30T19:52:08+08:00"}
{"level":"info","msg":"| 200 |    380.0648ms |             ::1 | POST  /vote/count |","time":"2020-05-30T19:52:08+08:00"}
{"level":"info","msg":"| 200 |    396.5594ms |             ::1 | POST  /vote/detail |","time":"2020-05-30T19:52:10+08:00"}
{"level":"info","msg":"| 200 |    167.9301ms |             ::1 | POST  /vote/list_for_admin |","time":"2020-05-30T19:52:33+08:00"}
{"level":"info","msg":"| 200 |    368.9339ms |             ::1 | POST  /vote/count |","time":"2020-05-30T19:52:33+08:00"}
{"level":"info","msg":"| 200 |    332.5099ms |             ::1 | POST  /vote/detail |","time":"2020-05-30T19:52:35+08:00"}
{"level":"info","msg":"| 200 |    288.2816ms |             ::1 | POST  /vote/list_for_admin |","time":"2020-05-30T19:53:45+08:00"}
{"level":"info","msg":"| 200 |    506.1781ms |             ::1 | POST  /vote/count |","time":"2020-05-30T19:53:45+08:00"}
{"level":"info","msg":"| 200 |    421.0006ms |             ::1 | POST  /vote/detail |","time":"2020-05-30T19:54:10+08:00"}
{"level":"info","msg":"| 200 |    525.8184ms |             ::1 | POST  /admin/upload |","time":"2020-05-30T19:54:23+08:00"}
{"level":"info","msg":"| 200 |    395.8916ms |             ::1 | POST  /vote/update |","time":"2020-05-30T19:55:35+08:00"}
{"level":"info","msg":"| 200 |    162.5945ms |             ::1 | POST  /vote/list_for_admin |","time":"2020-05-30T19:55:37+08:00"}
{"level":"info","msg":"| 200 |    363.4006ms |             ::1 | POST  /vote/count |","time":"2020-05-30T19:55:37+08:00"}
{"level":"info","msg":"| 200 |    317.7685ms |             ::1 | POST  /vote/list_for_admin |","time":"2020-05-30T19:55:40+08:00"}
{"level":"info","msg":"| 200 |     153.414ms |             ::1 | POST  /vote/list_for_admin |","time":"2020-05-30T19:55:41+08:00"}
{"level":"info","msg":"| 200 |    373.6162ms |             ::1 | POST  /vote/detail |","time":"2020-05-30T19:55:43+08:00"}
{"level":"info","msg":"| 200 |    209.0535ms |             ::1 | POST  /vote/list_for_admin |","time":"2020-05-30T19:55:49+08:00"}
{"level":"info","msg":"| 200 |    419.3911ms |             ::1 | POST  /vote/count |","time":"2020-05-30T19:55:49+08:00"}
{"level":"info","msg":"| 200 |    402.4956ms |             ::1 | POST  /vote/detail |","time":"2020-05-30T19:55:51+08:00"}
{"level":"info","msg":"| 200 |    174.8467ms |             ::1 | POST  /vote/list_for_admin |","time":"2020-05-30T19:55:58+08:00"}
{"level":"info","msg":"| 200 |    375.1513ms |             ::1 | POST  /vote/count |","time":"2020-05-30T19:55:58+08:00"}
{"level":"info","msg":"| 200 |    222.6364ms |             ::1 | POST  /user/list |","time":"2020-05-30T19:56:29+08:00"}
{"level":"info","msg":"| 200 |    157.2446ms |             ::1 | POST  /vote/list_for_admin |","time":"2020-05-30T19:56:31+08:00"}
{"level":"info","msg":"| 200 |    396.3925ms |             ::1 | POST  /vote/count |","time":"2020-05-30T19:56:31+08:00"}
{"level":"info","msg":"| 200 |    242.3786ms |             ::1 | POST  /notice/list_for_admin |","time":"2020-05-30T19:56:32+08:00"}
{"level":"info","msg":"| 200 |    152.7467ms |             ::1 | POST  /vote/list_for_admin |","time":"2020-05-30T19:56:33+08:00"}
{"level":"info","msg":"| 200 |    375.1091ms |             ::1 | POST  /vote/count |","time":"2020-05-30T19:56:33+08:00"}
{"level":"info","msg":"| 200 |    383.1748ms |             ::1 | POST  /vote/detail |","time":"2020-05-30T19:56:36+08:00"}
{"level":"info","msg":"| 200 |    278.9927ms |             ::1 | POST  /vote/list_for_admin |","time":"2020-05-30T19:57:09+08:00"}
{"level":"info","msg":"| 200 |     501.577ms |             ::1 | POST  /vote/count |","time":"2020-05-30T19:57:09+08:00"}
{"level":"info","msg":"| 200 |    225.3329ms |             ::1 | POST  /vote/list_for_admin |","time":"2020-05-30T19:57:15+08:00"}
{"level":"info","msg":"| 200 |    467.0161ms |             ::1 | POST  /vote/count |","time":"2020-05-30T19:57:16+08:00"}
{"level":"info","msg":"| 200 |    244.6468ms |             ::1 | POST  /user/list |","time":"2020-05-30T19:57:30+08:00"}
{"level":"info","msg":"| 200 |    147.7312ms |             ::1 | POST  /vote/list_for_admin |","time":"2020-05-30T19:57:31+08:00"}
{"level":"info","msg":"| 200 |    381.7212ms |             ::1 | POST  /vote/count |","time":"2020-05-30T19:57:31+08:00"}
{"level":"info","msg":"| 200 |    405.8458ms |             ::1 | POST  /vote/detail |","time":"2020-05-30T19:57:33+08:00"}
{"level":"info","msg":"| 200 |    223.6113ms |             ::1 | POST  /vote/list_for_admin |","time":"2020-05-30T19:58:15+08:00"}
{"level":"info","msg":"| 200 |    431.6181ms |             ::1 | POST  /vote/count |","time":"2020-05-30T19:58:15+08:00"}
{"level":"info","msg":"| 200 |    327.1526ms |             ::1 | POST  /vote/detail |","time":"2020-05-30T19:58:18+08:00"}
{"level":"info","msg":"| 200 |    184.7373ms |             ::1 | POST  /vote/list_for_admin |","time":"2020-05-30T19:58:27+08:00"}
{"level":"info","msg":"| 200 |    386.1129ms |             ::1 | POST  /vote/count |","time":"2020-05-30T19:58:27+08:00"}
{"level":"info","msg":"| 200 |    391.8964ms |             ::1 | POST  /vote/detail |","time":"2020-05-30T19:58:40+08:00"}
{"level":"info","msg":"| 200 |    162.4482ms |             ::1 | POST  /vote/list_for_admin |","time":"2020-05-30T19:58:54+08:00"}
{"level":"info","msg":"| 200 |    381.0765ms |             ::1 | POST  /vote/count |","time":"2020-05-30T19:58:54+08:00"}
{"level":"info","msg":"| 200 |    236.6515ms |             ::1 | POST  /vote/list_for_admin |","time":"2020-05-30T19:59:39+08:00"}
{"level":"info","msg":"| 200 |    465.6977ms |             ::1 | POST  /vote/count |","time":"2020-05-30T19:59:39+08:00"}
{"level":"info","msg":"| 200 |     395.892ms |             ::1 | POST  /vote/detail |","time":"2020-05-30T19:59:43+08:00"}
{"level":"info","msg":"| 200 |    154.4644ms |             ::1 | POST  /vote/list_for_admin |","time":"2020-05-30T19:59:48+08:00"}
{"level":"info","msg":"| 200 |    366.1768ms |             ::1 | POST  /vote/count |","time":"2020-05-30T19:59:48+08:00"}
{"level":"info","msg":"| 200 |    344.8465ms |             ::1 | POST  /vote/detail |","time":"2020-05-30T19:59:51+08:00"}
{"level":"info","msg":"| 200 |    150.4025ms |             ::1 | POST  /vote/list_for_admin |","time":"2020-05-30T20:00:27+08:00"}
{"level":"info","msg":"| 200 |    366.9931ms |             ::1 | POST  /vote/count |","time":"2020-05-30T20:00:27+08:00"}
{"level":"info","msg":"| 200 |    165.4558ms |             ::1 | POST  /vote/list_for_admin |","time":"2020-05-30T20:00:30+08:00"}
{"level":"info","msg":"| 200 |    349.7732ms |             ::1 | POST  /vote/count |","time":"2020-05-30T20:00:30+08:00"}
{"level":"info","msg":"| 200 |      384.46ms |             ::1 | POST  /vote/detail |","time":"2020-05-30T20:00:58+08:00"}
{"level":"info","msg":"| 200 |    175.7009ms |             ::1 | POST  /vote/list_for_admin |","time":"2020-05-30T20:01:52+08:00"}
{"level":"info","msg":"| 200 |    377.8108ms |             ::1 | POST  /vote/count |","time":"2020-05-30T20:01:52+08:00"}
{"level":"info","msg":"| 200 |    418.0924ms |             ::1 | POST  /vote/detail |","time":"2020-05-30T20:01:57+08:00"}
{"level":"info","msg":"| 200 |    171.4735ms |             ::1 | POST  /vote/list_for_admin |","time":"2020-05-30T20:02:25+08:00"}
{"level":"info","msg":"| 200 |    371.7141ms |             ::1 | POST  /vote/count |","time":"2020-05-30T20:02:25+08:00"}
{"level":"info","msg":"| 200 |    222.9803ms |             ::1 | POST  /notice/list_for_admin |","time":"2020-05-30T20:02:33+08:00"}
{"level":"info","msg":"| 200 |    157.1712ms |             ::1 | POST  /notice/detail |","time":"2020-05-30T20:02:39+08:00"}
{"level":"info","msg":"| 200 |    227.5482ms |             ::1 | POST  /user/list |","time":"2020-05-30T20:02:45+08:00"}
{"level":"info","msg":"| 200 |    255.6599ms |             ::1 | POST  /user/detail |","time":"2020-05-30T20:02:47+08:00"}
{"level":"info","msg":"| 200 |    290.4913ms |             ::1 | POST  /vote/list_for_admin |","time":"2020-05-30T20:02:50+08:00"}
{"level":"info","msg":"| 200 |    496.8324ms |             ::1 | POST  /vote/count |","time":"2020-05-30T20:02:50+08:00"}
{"level":"info","msg":"| 200 |    373.8629ms |             ::1 | POST  /vote/detail |","time":"2020-05-30T20:02:53+08:00"}
{"level":"info","msg":"| 200 |    201.0398ms |             ::1 | POST  /vote/list_for_admin |","time":"2020-05-30T20:05:27+08:00"}
{"level":"info","msg":"| 200 |    436.1715ms |             ::1 | POST  /vote/count |","time":"2020-05-30T20:05:27+08:00"}
{"level":"info","msg":"| 200 |    388.3665ms |             ::1 | POST  /vote/detail |","time":"2020-05-30T20:05:28+08:00"}
{"level":"info","msg":"| 200 |    204.5496ms |             ::1 | POST  /vote/list_for_admin |","time":"2020-05-30T20:05:36+08:00"}
{"level":"info","msg":"| 200 |    396.1455ms |             ::1 | POST  /vote/count |","time":"2020-05-30T20:05:36+08:00"}
{"level":"info","msg":"| 200 |    385.6977ms |             ::1 | POST  /vote/detail |","time":"2020-05-30T20:05:40+08:00"}
{"level":"info","msg":"| 200 |    244.9276ms |             ::1 | POST  /vote/list_for_admin |","time":"2020-05-30T20:06:44+08:00"}
{"level":"info","msg":"| 200 |    562.0237ms |             ::1 | POST  /vote/count |","time":"2020-05-30T20:06:44+08:00"}
{"level":"info","msg":"| 200 |    654.9662ms |             ::1 | POST  /vote/detail |","time":"2020-05-30T20:06:46+08:00"}
{"level":"info","msg":"| 200 |     165.955ms |             ::1 | POST  /vote/list_for_admin |","time":"2020-05-30T20:11:02+08:00"}
{"level":"info","msg":"| 200 |    395.0814ms |             ::1 | POST  /vote/count |","time":"2020-05-30T20:11:02+08:00"}
{"level":"info","msg":"| 200 |    381.7545ms |             ::1 | POST  /vote/detail |","time":"2020-05-30T20:11:04+08:00"}
{"level":"info","msg":"| 200 |    177.9836ms |             ::1 | POST  /vote/list_for_admin |","time":"2020-05-30T20:11:24+08:00"}
{"level":"info","msg":"| 200 |    371.0216ms |             ::1 | POST  /vote/count |","time":"2020-05-30T20:11:24+08:00"}
{"level":"info","msg":"| 200 |     402.272ms |             ::1 | POST  /vote/detail |","time":"2020-05-30T20:11:26+08:00"}
{"level":"info","msg":"| 200 |    159.4372ms |             ::1 | POST  /vote/list_for_admin |","time":"2020-05-30T20:12:00+08:00"}
{"level":"info","msg":"| 200 |    378.0314ms |             ::1 | POST  /vote/count |","time":"2020-05-30T20:12:00+08:00"}
{"level":"info","msg":"| 200 |    197.5432ms |             ::1 | POST  /vote/list_for_admin |","time":"2020-05-30T20:12:06+08:00"}
{"level":"info","msg":"| 200 |    421.1532ms |             ::1 | POST  /vote/count |","time":"2020-05-30T20:12:06+08:00"}
{"level":"info","msg":"| 200 |    391.3489ms |             ::1 | POST  /vote/detail |","time":"2020-05-30T20:12:08+08:00"}
{"level":"info","msg":"| 200 |    228.6396ms |             ::1 | POST  /vote/list_for_admin |","time":"2020-05-30T20:12:40+08:00"}
{"level":"info","msg":"| 200 |    473.4144ms |             ::1 | POST  /vote/count |","time":"2020-05-30T20:12:40+08:00"}
{"level":"info","msg":"| 200 |    373.3077ms |             ::1 | POST  /vote/detail |","time":"2020-05-30T20:12:42+08:00"}
{"level":"info","msg":"| 200 |    169.4545ms |             ::1 | POST  /vote/list_for_admin |","time":"2020-05-30T20:12:49+08:00"}
{"level":"info","msg":"| 200 |    360.9877ms |             ::1 | POST  /vote/count |","time":"2020-05-30T20:12:49+08:00"}
{"level":"info","msg":"| 200 |    402.4307ms |             ::1 | POST  /vote/detail |","time":"2020-05-30T20:12:52+08:00"}
{"level":"info","msg":"| 200 |    152.8554ms |             ::1 | POST  /vote/list_for_admin |","time":"2020-05-30T20:18:46+08:00"}
{"level":"info","msg":"| 200 |     539.331ms |             ::1 | POST  /vote/count |","time":"2020-05-30T20:18:46+08:00"}
{"level":"info","msg":"| 200 |    425.7271ms |             ::1 | POST  /vote/detail |","time":"2020-05-30T20:18:54+08:00"}
{"level":"info","msg":"| 200 |    464.3891ms |             ::1 | POST  /vote/update |","time":"2020-05-30T20:19:44+08:00"}
{"level":"info","msg":"| 200 |    167.8029ms |             ::1 | POST  /vote/list_for_admin |","time":"2020-05-30T20:19:48+08:00"}
{"level":"info","msg":"| 200 |    378.5173ms |             ::1 | POST  /vote/count |","time":"2020-05-30T20:19:48+08:00"}
{"level":"info","msg":"| 200 |    605.7788ms |             ::1 | POST  /vote/detail |","time":"2020-05-30T20:19:54+08:00"}
{"level":"info","msg":"| 200 |    385.5608ms |             ::1 | POST  /vote/update |","time":"2020-05-30T20:20:02+08:00"}
{"level":"info","msg":"| 200 |     161.292ms |             ::1 | POST  /vote/list_for_admin |","time":"2020-05-30T20:20:04+08:00"}
{"level":"info","msg":"| 200 |    382.7725ms |             ::1 | POST  /vote/count |","time":"2020-05-30T20:20:05+08:00"}
{"level":"info","msg":"| 200 |    157.7758ms |             ::1 | POST  /vote/list_for_admin |","time":"2020-05-30T20:20:11+08:00"}
{"level":"info","msg":"| 200 |    236.0251ms |             ::1 | POST  /user/list |","time":"2020-05-30T20:20:57+08:00"}
{"level":"info","msg":"| 200 |    185.1332ms |             ::1 | POST  /admin/system_info |","time":"2020-05-30T20:21:01+08:00"}
{"level":"info","msg":"| 200 |     239.369ms |             ::1 | POST  /notice/list_for_admin |","time":"2020-05-30T20:21:02+08:00"}
{"level":"info","msg":"| 200 |    179.2789ms |             ::1 | POST  /notice/detail |","time":"2020-05-30T20:21:07+08:00"}
{"level":"info","msg":"| 200 |     553.894ms |             ::1 | POST  /notice/update |","time":"2020-05-30T20:21:12+08:00"}
{"level":"info","msg":"| 200 |    223.5704ms |             ::1 | POST  /notice/list_for_admin |","time":"2020-05-30T20:21:13+08:00"}
{"level":"info","msg":"| 200 |    241.5475ms |             ::1 | POST  /notice/list_for_admin |","time":"2020-05-30T20:21:17+08:00"}
{"level":"info","msg":"| 200 |    239.1399ms |             ::1 | POST  /notice/list_for_admin |","time":"2020-05-30T20:21:19+08:00"}
{"level":"info","msg":"| 200 |    174.7733ms |             ::1 | POST  /vote/list_for_admin |","time":"2020-05-30T20:21:20+08:00"}
{"level":"info","msg":"| 200 |    386.6317ms |             ::1 | POST  /vote/count |","time":"2020-05-30T20:21:20+08:00"}
{"level":"info","msg":"| 200 |     1.429245s |             ::1 | POST  /vote/result |","time":"2020-05-30T20:21:22+08:00"}
{"level":"info","msg":"| 200 |    1.6753152s |             ::1 | POST  /vote/result |","time":"2020-05-30T20:22:53+08:00"}
{"level":"info","msg":"| 200 |    1.5050684s |             ::1 | POST  /vote/result |","time":"2020-05-30T20:22:58+08:00"}
{"level":"info","msg":"| 200 |    1.4941188s |             ::1 | POST  /vote/result |","time":"2020-05-30T20:23:04+08:00"}
{"level":"info","msg":"| 200 |    182.0629ms |             ::1 | POST  /vote/list_for_admin |","time":"2020-05-30T20:23:56+08:00"}
{"level":"info","msg":"| 200 |    672.3166ms |             ::1 | POST  /vote/count |","time":"2020-05-30T20:23:57+08:00"}
{"level":"info","msg":"| 200 |    231.9373ms |             ::1 | POST  /notice/list_for_admin |","time":"2020-05-30T20:23:59+08:00"}
{"level":"info","msg":"| 200 |    161.8197ms |             ::1 | POST  /vote/list_for_admin |","time":"2020-05-30T20:24:00+08:00"}
{"level":"info","msg":"| 200 |    393.1993ms |             ::1 | POST  /vote/count |","time":"2020-05-30T20:24:00+08:00"}
{"level":"info","msg":"| 200 |    1.4352235s |             ::1 | POST  /vote/result |","time":"2020-05-30T20:24:02+08:00"}
{"level":"info","msg":"| 200 |    1.4617118s |             ::1 | POST  /vote/result |","time":"2020-05-30T20:24:12+08:00"}
{"level":"info","msg":"| 200 |    1.4226428s |             ::1 | POST  /vote/result |","time":"2020-05-30T20:24:15+08:00"}
{"level":"info","msg":"| 200 |    378.5613ms |             ::1 | POST  /vote/detail |","time":"2020-05-30T20:24:51+08:00"}
{"level":"info","msg":"| 200 |    439.8196ms |             ::1 | POST  /vote/update |","time":"2020-05-30T20:25:00+08:00"}
{"level":"info","msg":"| 200 |    184.5158ms |             ::1 | POST  /vote/list_for_admin |","time":"2020-05-30T20:25:01+08:00"}
{"level":"info","msg":"| 200 |    382.5827ms |             ::1 | POST  /vote/count |","time":"2020-05-30T20:25:01+08:00"}
{"level":"info","msg":"| 200 |     489.216ms |             ::1 | POST  /vote/detail |","time":"2020-05-30T20:25:05+08:00"}
{"level":"info","msg":"| 200 |    618.4222ms |             ::1 | POST  /vote/update |","time":"2020-05-30T20:25:08+08:00"}
{"level":"info","msg":"| 200 |    147.4218ms |             ::1 | POST  /vote/list_for_admin |","time":"2020-05-30T20:25:09+08:00"}
{"level":"info","msg":"| 200 |     364.294ms |             ::1 | POST  /vote/count |","time":"2020-05-30T20:25:10+08:00"}
{"level":"info","msg":"| 200 |    195.5721ms |             ::1 | POST  /vote/list_for_admin |","time":"2020-05-30T20:25:12+08:00"}
{"level":"info","msg":"| 200 |    386.1726ms |             ::1 | POST  /vote/count |","time":"2020-05-30T20:25:13+08:00"}
{"level":"info","msg":"| 200 |    393.2805ms |             ::1 | POST  /vote/detail |","time":"2020-05-30T20:25:17+08:00"}
{"level":"info","msg":"| 200 |    441.7054ms |             ::1 | POST  /vote/update |","time":"2020-05-30T20:25:21+08:00"}
{"level":"info","msg":"| 200 |    167.7461ms |             ::1 | POST  /vote/list_for_admin |","time":"2020-05-30T20:25:22+08:00"}
{"level":"info","msg":"| 200 |    388.8913ms |             ::1 | POST  /vote/count |","time":"2020-05-30T20:25:22+08:00"}
{"level":"info","msg":"| 200 |    331.2768ms |             ::1 | POST  /user/list |","time":"2020-05-30T20:25:35+08:00"}
{"level":"info","msg":"| 200 |    172.8965ms |             ::1 | POST  /vote/list_for_admin |","time":"2020-05-30T20:25:36+08:00"}
{"level":"info","msg":"| 200 |    392.3307ms |             ::1 | POST  /vote/count |","time":"2020-05-30T20:25:36+08:00"}
{"level":"info","msg":"| 200 |     237.111ms |             ::1 | POST  /notice/list_for_admin |","time":"2020-05-30T20:25:37+08:00"}
{"level":"info","msg":"| 200 |    171.7342ms |             ::1 | POST  /vote/list_for_admin |","time":"2020-05-30T20:25:38+08:00"}
{"level":"info","msg":"| 200 |    381.5424ms |             ::1 | POST  /vote/count |","time":"2020-05-30T20:25:38+08:00"}
{"level":"info","msg":"| 200 |            0s |             ::1 | POST  /user/info |","time":"2020-05-30T20:25:47+08:00"}
{"level":"info","msg":"| 200 |       501.3s |             ::1 | POST  /user/sign_in |","time":"2020-05-30T20:25:49+08:00"}
{"level":"info","msg":"| 200 |    227.2086ms |             ::1 | POST  /user/sign_in |","time":"2020-05-30T20:25:52+08:00"}
