{"level":"info","msg":"| 200 |      1.0022ms |             ::1 | POST  /vote/count |","time":"2020-05-29T14:24:28+08:00"}
{"level":"info","msg":"| 200 |    396.5751ms |             ::1 | POST  /admin/sign_in |","time":"2020-05-29T14:24:35+08:00"}
{"level":"info","msg":"| 200 |    368.7629ms |             ::1 | POST  /vote/count |","time":"2020-05-29T14:24:35+08:00"}
{"level":"info","msg":"| 200 |    397.7382ms |             ::1 | POST  /vote/count |","time":"2020-05-29T14:26:37+08:00"}
{"level":"info","msg":"| 200 |    374.5775ms |             ::1 | POST  /vote/count |","time":"2020-05-29T14:26:40+08:00"}
{"level":"info","msg":"| 200 |    355.8912ms |             ::1 | POST  /vote/count |","time":"2020-05-29T14:26:41+08:00"}
{"level":"info","msg":"| 200 |    218.1773ms |             ::1 | POST  /notice/list_for_admin |","time":"2020-05-29T14:26:41+08:00"}
{"level":"info","msg":"| 200 |    421.0031ms |             ::1 | POST  /vote/count |","time":"2020-05-29T14:26:42+08:00"}
{"level":"info","msg":"| 200 |    247.8955ms |             ::1 | POST  /user/list |","time":"2020-05-29T14:26:43+08:00"}
{"level":"info","msg":"| 200 |    397.5356ms |             ::1 | POST  /vote/count |","time":"2020-05-29T14:26:45+08:00"}
{"level":"info","msg":"| 200 |    215.2234ms |             ::1 | POST  /notice/list_for_admin |","time":"2020-05-29T14:26:45+08:00"}
{"level":"info","msg":"| 200 |    398.0198ms |             ::1 | POST  /vote/count |","time":"2020-05-29T14:26:50+08:00"}
{"level":"info","msg":"| 200 |    154.3859ms |             ::1 | POST  /admin/system_info |","time":"2020-05-29T14:27:15+08:00"}
{"level":"info","msg":"| 200 |    237.0159ms |             ::1 | POST  /user/list |","time":"2020-05-29T14:27:18+08:00"}
{"level":"info","msg":"| 200 |    208.0406ms |             ::1 | POST  /notice/list_for_admin |","time":"2020-05-29T14:27:19+08:00"}
{"level":"info","msg":"| 200 |    374.9995ms |             ::1 | POST  /vote/count |","time":"2020-05-29T14:27:20+08:00"}
{"level":"info","msg":"| 200 |    353.7596ms |             ::1 | POST  /user/list |","time":"2020-05-29T14:38:02+08:00"}
{"level":"info","msg":"| 200 |     370.706ms |             ::1 | POST  /user/search |","time":"2020-05-29T14:38:13+08:00"}
{"level":"info","msg":"| 200 |    386.6697ms |             ::1 | POST  /user/search |","time":"2020-05-29T14:38:18+08:00"}
{"level":"info","msg":"| 200 |    394.8954ms |             ::1 | POST  /user/search |","time":"2020-05-29T14:38:27+08:00"}
{"level":"info","msg":"| 200 |    222.3799ms |             ::1 | POST  /user/list |","time":"2020-05-29T14:38:29+08:00"}
{"level":"info","msg":"| 200 |    364.9118ms |             ::1 | POST  /user/list |","time":"2020-05-29T14:38:30+08:00"}
{"level":"info","msg":"| 200 |    392.4138ms |             ::1 | POST  /user/list |","time":"2020-05-29T14:38:31+08:00"}
{"level":"info","msg":"| 200 |    362.5049ms |             ::1 | POST  /user/list |","time":"2020-05-29T14:38:32+08:00"}
{"level":"info","msg":"| 200 |    393.7877ms |             ::1 | POST  /vote/count |","time":"2020-05-29T14:38:37+08:00"}
{"level":"info","msg":"| 200 |    389.5095ms |             ::1 | POST  /vote/list_for_admin |","time":"2020-05-29T15:01:17+08:00"}
{"level":"info","msg":"| 200 |    158.0962ms |             ::1 | POST  /vote/list_for_admin |","time":"2020-05-29T15:01:27+08:00"}
{"level":"info","msg":"| 200 |    169.3474ms |             ::1 | POST  /vote/list_for_admin |","time":"2020-05-29T15:01:56+08:00"}
{"level":"info","msg":"| 200 |    297.8931ms |             ::1 | POST  /vote/list_for_admin |","time":"2020-05-29T15:04:14+08:00"}
{"level":"info","msg":"| 200 |    331.7354ms |             ::1 | POST  /vote/list_for_admin |","time":"2020-05-29T15:06:17+08:00"}
{"level":"info","msg":"| 200 |    167.8575ms |             ::1 | POST  /vote/list_for_admin |","time":"2020-05-29T15:07:08+08:00"}
{"level":"info","msg":"| 200 |    180.5909ms |             ::1 | POST  /vote/list_for_admin |","time":"2020-05-29T15:07:27+08:00"}
{"level":"info","msg":"| 200 |    275.6373ms |             ::1 | POST  /vote/list_for_admin |","time":"2020-05-29T15:08:00+08:00"}
{"level":"info","msg":"| 200 |    176.7881ms |             ::1 | POST  /vote/list_for_admin |","time":"2020-05-29T15:08:21+08:00"}
{"level":"info","msg":"| 200 |     496.218ms |             ::1 | POST  /vote/list_for_admin |","time":"2020-05-29T15:10:14+08:00"}
{"level":"info","msg":"| 200 |    349.4302ms |             ::1 | POST  /vote/list_for_admin |","time":"2020-05-29T15:10:19+08:00"}
{"level":"info","msg":"| 200 |    367.8588ms |             ::1 | POST  /vote/list_for_admin |","time":"2020-05-29T15:11:27+08:00"}
{"level":"info","msg":"| 200 |    263.5196ms |             ::1 | POST  /vote/list_for_admin |","time":"2020-05-29T15:11:34+08:00"}
{"level":"info","msg":"| 200 |    229.6597ms |             ::1 | POST  /vote/list_for_admin |","time":"2020-05-29T15:11:39+08:00"}
{"level":"info","msg":"| 200 |    247.7346ms |             ::1 | POST  /vote/list_for_admin |","time":"2020-05-29T15:11:48+08:00"}
{"level":"info","msg":"| 200 |    182.9994ms |             ::1 | POST  /vote/list_for_admin |","time":"2020-05-29T15:11:51+08:00"}
{"level":"info","msg":"| 200 |    472.5248ms |             ::1 | POST  /vote/list_for_admin |","time":"2020-05-29T15:12:49+08:00"}
{"level":"info","msg":"| 200 |    354.5664ms |             ::1 | POST  /vote/list_for_admin |","time":"2020-05-29T15:14:20+08:00"}
{"level":"info","msg":"| 200 |    164.5709ms |             ::1 | POST  /vote/list_for_admin |","time":"2020-05-29T15:14:28+08:00"}
{"level":"info","msg":"| 200 |    245.3393ms |             ::1 | POST  /vote/list_for_admin |","time":"2020-05-29T15:14:38+08:00"}
{"level":"info","msg":"| 200 |    159.7756ms |             ::1 | POST  /vote/list_for_admin |","time":"2020-05-29T15:14:43+08:00"}
{"level":"info","msg":"| 200 |    162.0856ms |             ::1 | POST  /vote/list_for_admin |","time":"2020-05-29T15:14:47+08:00"}
{"level":"info","msg":"| 200 |    139.7103ms |             ::1 | POST  /vote/list_for_admin |","time":"2020-05-29T15:14:56+08:00"}
{"level":"info","msg":"| 200 |    156.1843ms |             ::1 | POST  /vote/list_for_admin |","time":"2020-05-29T15:15:02+08:00"}
{"level":"info","msg":"| 200 |    309.8095ms |             ::1 | POST  /vote/list_for_admin |","time":"2020-05-29T15:29:32+08:00"}
{"level":"info","msg":"| 200 |    152.8644ms |             ::1 | POST  /vote/list_for_admin |","time":"2020-05-29T15:29:37+08:00"}
{"level":"info","msg":"| 200 |    248.5214ms |             ::1 | POST  /vote/list_for_admin |","time":"2020-05-29T15:30:08+08:00"}
{"level":"info","msg":"| 200 |    187.0857ms |             ::1 | POST  /vote/list_for_admin |","time":"2020-05-29T15:30:20+08:00"}
{"level":"info","msg":"| 200 |    160.5235ms |             ::1 | POST  /vote/list_for_admin |","time":"2020-05-29T15:31:01+08:00"}
{"level":"info","msg":"| 200 |    162.9666ms |             ::1 | POST  /vote/list_for_admin |","time":"2020-05-29T15:31:03+08:00"}
{"level":"info","msg":"| 200 |    152.7005ms |             ::1 | POST  /vote/list_for_admin |","time":"2020-05-29T15:31:07+08:00"}
{"level":"info","msg":"| 200 |     522.031ms |             ::1 | POST  /vote/list_for_admin |","time":"2020-05-29T15:32:04+08:00"}
{"level":"info","msg":"| 200 |    282.7908ms |             ::1 | POST  /vote/list_for_admin |","time":"2020-05-29T15:32:10+08:00"}
{"level":"info","msg":"| 200 |    224.6204ms |             ::1 | POST  /vote/list_for_admin |","time":"2020-05-29T15:32:21+08:00"}
{"level":"info","msg":"| 200 |    312.1835ms |             ::1 | POST  /vote/list_for_admin |","time":"2020-05-29T15:32:26+08:00"}
{"level":"info","msg":"| 200 |    379.2533ms |             ::1 | POST  /vote/list_for_admin |","time":"2020-05-29T15:32:32+08:00"}
{"level":"info","msg":"| 200 |    376.0427ms |             ::1 | POST  /vote/count |","time":"2020-05-29T15:36:34+08:00"}
{"level":"info","msg":"| 200 |    862.3236ms |             ::1 | POST  /vote/count |","time":"2020-05-29T15:44:50+08:00"}
{"level":"info","msg":"| 200 |    691.3711ms |             ::1 | POST  /vote/update |","time":"2020-05-29T15:53:37+08:00"}
{"level":"info","msg":"| 200 |    377.0343ms |             ::1 | POST  /vote/update |","time":"2020-05-29T15:54:16+08:00"}
{"level":"info","msg":"| 200 |    579.3937ms |             ::1 | POST  /vote/count |","time":"2020-05-29T15:54:29+08:00"}
{"level":"info","msg":"| 200 |    233.0274ms |             ::1 | POST  /notice/list_for_admin |","time":"2020-05-29T15:57:03+08:00"}
{"level":"info","msg":"| 200 |     379.104ms |             ::1 | POST  /vote/count |","time":"2020-05-29T15:57:04+08:00"}
{"level":"info","msg":"| 200 |    218.9474ms |             ::1 | POST  /user/list |","time":"2020-05-29T15:57:06+08:00"}
{"level":"info","msg":"| 200 |    358.5199ms |             ::1 | POST  /vote/count |","time":"2020-05-29T15:57:07+08:00"}
{"level":"info","msg":"| 200 |    492.3729ms |             ::1 | POST  /vote/count |","time":"2020-05-29T15:57:09+08:00"}
{"level":"info","msg":"| 200 |    360.2641ms |             ::1 | POST  /notice/list_for_admin |","time":"2020-05-29T15:57:14+08:00"}
{"level":"info","msg":"| 200 |    280.4484ms |             ::1 | POST  /notice/list_for_admin |","time":"2020-05-29T15:57:16+08:00"}
{"level":"info","msg":"| 200 |    233.1883ms |             ::1 | POST  /notice/list_for_admin |","time":"2020-05-29T15:57:18+08:00"}
{"level":"info","msg":"| 200 |    297.8671ms |             ::1 | POST  /user/list |","time":"2020-05-29T15:57:20+08:00"}
{"level":"info","msg":"| 200 |    163.3007ms |             ::1 | POST  /admin/system_info |","time":"2020-05-29T15:57:25+08:00"}
{"level":"info","msg":"| 200 |    246.3847ms |             ::1 | POST  /notice/list_for_admin |","time":"2020-05-29T15:57:26+08:00"}
{"level":"info","msg":"| 200 |    386.7789ms |             ::1 | POST  /vote/count |","time":"2020-05-29T16:01:03+08:00"}
{"level":"info","msg":"| 200 |    236.4386ms |             ::1 | POST  /user/list |","time":"2020-05-29T16:01:28+08:00"}
{"level":"info","msg":"| 200 |     379.517ms |             ::1 | POST  /vote/count |","time":"2020-05-29T16:01:38+08:00"}
{"level":"info","msg":"| 200 |    230.7038ms |             ::1 | POST  /notice/list_for_admin |","time":"2020-05-29T16:01:38+08:00"}
{"level":"info","msg":"| 200 |    359.7935ms |             ::1 | POST  /notice/list_for_admin |","time":"2020-05-29T16:01:40+08:00"}
{"level":"info","msg":"| 200 |    232.7667ms |             ::1 | POST  /notice/list_for_admin |","time":"2020-05-29T16:01:41+08:00"}
{"level":"info","msg":"| 200 |      215.41ms |             ::1 | POST  /notice/list_for_admin |","time":"2020-05-29T16:01:46+08:00"}
{"level":"info","msg":"| 200 |    161.4877ms |             ::1 | POST  /notice/detail |","time":"2020-05-29T16:01:47+08:00"}
{"level":"info","msg":"| 200 |    276.1685ms |             ::1 | POST  /notice/list_for_admin |","time":"2020-05-29T16:01:50+08:00"}
{"level":"info","msg":"| 200 |    266.2409ms |             ::1 | POST  /user/list |","time":"2020-05-29T16:01:51+08:00"}
{"level":"info","msg":"| 200 |    242.1922ms |             ::1 | POST  /user/detail |","time":"2020-05-29T16:01:53+08:00"}
{"level":"info","msg":"| 200 |    220.8312ms |             ::1 | POST  /user/list |","time":"2020-05-29T16:01:55+08:00"}
{"level":"info","msg":"| 200 |    240.6379ms |             ::1 | POST  /user/detail |","time":"2020-05-29T16:01:57+08:00"}
{"level":"info","msg":"| 200 |    338.8151ms |             ::1 | POST  /user/list |","time":"2020-05-29T16:01:59+08:00"}
{"level":"info","msg":"| 200 |    250.8019ms |             ::1 | POST  /user/detail |","time":"2020-05-29T16:02:00+08:00"}
{"level":"info","msg":"| 200 |    513.5164ms |             ::1 | POST  /user/update_auth |","time":"2020-05-29T16:02:03+08:00"}
{"level":"info","msg":"| 200 |    242.4538ms |             ::1 | POST  /user/list |","time":"2020-05-29T16:02:05+08:00"}
{"level":"info","msg":"| 200 |    366.7392ms |             ::1 | POST  /vote/count |","time":"2020-05-29T16:02:13+08:00"}
{"level":"info","msg":"| 200 |     2.487729s |             ::1 | POST  /vote/result |","time":"2020-05-29T16:39:02+08:00"}
{"level":"info","msg":"| 200 |    2.5752547s |             ::1 | POST  /vote/result |","time":"2020-05-29T16:40:48+08:00"}
{"level":"info","msg":"| 200 |    2.3463885s |             ::1 | POST  /vote/result |","time":"2020-05-29T16:41:08+08:00"}
{"level":"info","msg":"| 200 |    2.5158903s |             ::1 | POST  /vote/result |","time":"2020-05-29T16:42:55+08:00"}
{"level":"info","msg":"| 200 |     11.0332ms |             ::1 | POST  /user/info |","time":"2020-05-29T16:44:59+08:00"}
{"level":"info","msg":"| 200 |            0s |             ::1 | POST  /user/sign_in |","time":"2020-05-29T16:45:03+08:00"}
{"level":"info","msg":"| 200 |     246.758ms |             ::1 | POST  /user/sign_in |","time":"2020-05-29T16:45:07+08:00"}
{"level":"info","msg":"| 200 |    348.0315ms |             ::1 | POST  /user/info |","time":"2020-05-29T16:45:10+08:00"}
{"level":"info","msg":"| 200 |    292.7829ms |             ::1 | POST  /user/info |","time":"2020-05-29T16:45:12+08:00"}
{"level":"info","msg":"| 200 |    344.9391ms |             ::1 | POST  /user/info |","time":"2020-05-29T16:45:13+08:00"}
{"level":"info","msg":"| 200 |    241.3513ms |             ::1 | POST  /user/info |","time":"2020-05-29T16:45:14+08:00"}
{"level":"info","msg":"| 200 |    310.4572ms |             ::1 | POST  /user/info |","time":"2020-05-29T16:45:17+08:00"}
{"level":"info","msg":"| 200 |    372.9309ms |             ::1 | POST  /user/info |","time":"2020-05-29T16:45:20+08:00"}
{"level":"info","msg":"| 200 |    348.4899ms |             ::1 | POST  /user/info |","time":"2020-05-29T16:48:36+08:00"}
{"level":"info","msg":"| 200 |    347.7555ms |             ::1 | POST  /user/info |","time":"2020-05-29T16:48:42+08:00"}
{"level":"info","msg":"| 200 |    487.8242ms |             ::1 | POST  /user/info |","time":"2020-05-29T16:48:53+08:00"}
