{"level":"info","msg":"| 200 |    348.1254ms |             ::1 | POST  /admin/sign_in |","time":"2020-05-28T10:04:31+08:00"}
{"level":"info","msg":"| 200 |     234.083ms |             ::1 | POST  /user/list |","time":"2020-05-28T10:04:33+08:00"}
{"level":"info","msg":"| 200 |    221.7941ms |             ::1 | POST  /user/detail |","time":"2020-05-28T10:04:36+08:00"}
{"level":"info","msg":"| 200 |    210.6995ms |             ::1 | POST  /user/list |","time":"2020-05-28T10:04:40+08:00"}
{"level":"info","msg":"| 200 |    222.2075ms |             ::1 | POST  /user/list |","time":"2020-05-28T10:04:43+08:00"}
{"level":"info","msg":"| 200 |    220.5713ms |             ::1 | POST  /user/detail |","time":"2020-05-28T10:04:44+08:00"}
{"level":"info","msg":"| 200 |    385.8987ms |             ::1 | POST  /admin/upload |","time":"2020-05-28T10:05:08+08:00"}
{"level":"info","msg":"| 200 |    536.1036ms |             ::1 | POST  /user/update |","time":"2020-05-28T10:05:10+08:00"}
{"level":"info","msg":"| 200 |    242.1956ms |             ::1 | POST  /user/list |","time":"2020-05-28T10:05:12+08:00"}
{"level":"info","msg":"| 200 |    230.4943ms |             ::1 | POST  /user/detail |","time":"2020-05-28T10:05:16+08:00"}
{"level":"info","msg":"| 200 |    381.8927ms |             ::1 | POST  /user/list |","time":"2020-05-28T10:19:29+08:00"}
{"level":"info","msg":"| 200 |    220.4096ms |             ::1 | POST  /user/detail |","time":"2020-05-28T10:19:30+08:00"}
{"level":"info","msg":"| 200 |    569.4844ms |             ::1 | POST  /user/update_auth |","time":"2020-05-28T10:19:37+08:00"}
{"level":"info","msg":"| 200 |    275.0788ms |             ::1 | POST  /user/list |","time":"2020-05-28T10:19:44+08:00"}
{"level":"info","msg":"| 200 |    258.4802ms |             ::1 | POST  /user/list |","time":"2020-05-28T10:19:56+08:00"}
{"level":"info","msg":"| 200 |    229.3644ms |             ::1 | POST  /user/detail |","time":"2020-05-28T10:19:57+08:00"}
{"level":"info","msg":"| 200 |    247.8238ms |             ::1 | POST  /user/list |","time":"2020-05-28T10:20:00+08:00"}
{"level":"info","msg":"| 200 |    257.0381ms |             ::1 | POST  /user/detail |","time":"2020-05-28T10:20:09+08:00"}
{"level":"info","msg":"| 200 |    535.2346ms |             ::1 | POST  /user/update_auth |","time":"2020-05-28T10:20:11+08:00"}
{"level":"info","msg":"| 200 |    229.0718ms |             ::1 | POST  /user/list |","time":"2020-05-28T10:20:17+08:00"}
{"level":"info","msg":"| 200 |    259.3621ms |             ::1 | POST  /user/list |","time":"2020-05-28T10:20:58+08:00"}
{"level":"info","msg":"| 200 |    253.0261ms |             ::1 | POST  /user/detail |","time":"2020-05-28T10:21:00+08:00"}
{"level":"info","msg":"| 200 |    589.9926ms |             ::1 | POST  /user/update_auth |","time":"2020-05-28T10:21:02+08:00"}
{"level":"info","msg":"| 200 |    237.6533ms |             ::1 | POST  /user/list |","time":"2020-05-28T10:21:09+08:00"}
{"level":"info","msg":"| 200 |    230.0092ms |             ::1 | POST  /user/list |","time":"2020-05-28T10:21:21+08:00"}
{"level":"info","msg":"| 200 |    369.7314ms |             ::1 | POST  /user/detail |","time":"2020-05-28T10:21:23+08:00"}
{"level":"info","msg":"| 200 |    586.3006ms |             ::1 | POST  /user/update_auth |","time":"2020-05-28T10:21:25+08:00"}
{"level":"info","msg":"| 200 |    242.3672ms |             ::1 | POST  /user/list |","time":"2020-05-28T10:21:27+08:00"}
{"level":"info","msg":"| 200 |            0s |             ::1 | POST  /user/info |","time":"2020-05-28T10:21:45+08:00"}
{"level":"info","msg":"| 200 |    255.5256ms |             ::1 | POST  /user/sign_in |","time":"2020-05-28T10:21:54+08:00"}
{"level":"info","msg":"| 200 |     254.022ms |             ::1 | POST  /user/info |","time":"2020-05-28T10:21:56+08:00"}
{"level":"info","msg":"| 200 |    246.2882ms |             ::1 | POST  /user/detail |","time":"2020-05-28T10:22:00+08:00"}
{"level":"info","msg":"| 200 |    568.8167ms |             ::1 | POST  /user/update_auth |","time":"2020-05-28T10:22:02+08:00"}
{"level":"info","msg":"| 200 |    359.7193ms |             ::1 | POST  /user/info |","time":"2020-05-28T10:22:07+08:00"}
{"level":"info","msg":"| 200 |    254.1841ms |             ::1 | POST  /user/info |","time":"2020-05-28T10:22:08+08:00"}
{"level":"info","msg":"| 200 |     253.152ms |             ::1 | POST  /user/info |","time":"2020-05-28T10:22:11+08:00"}
{"level":"info","msg":"| 200 |     255.089ms |             ::1 | POST  /user/info |","time":"2020-05-28T10:22:24+08:00"}
{"level":"info","msg":"| 200 |    306.5485ms |             ::1 | POST  /user/info |","time":"2020-05-28T10:24:25+08:00"}
{"level":"info","msg":"| 200 |    220.3939ms |             ::1 | POST  /user/list |","time":"2020-05-28T10:24:28+08:00"}
{"level":"info","msg":"| 200 |    258.2865ms |             ::1 | POST  /user/detail |","time":"2020-05-28T10:24:30+08:00"}
{"level":"info","msg":"| 200 |    240.5026ms |             ::1 | POST  /user/list |","time":"2020-05-28T10:24:35+08:00"}
{"level":"info","msg":"| 200 |    235.3502ms |             ::1 | POST  /user/detail |","time":"2020-05-28T10:24:39+08:00"}
{"level":"info","msg":"| 200 |    230.8084ms |             ::1 | POST  /user/list |","time":"2020-05-28T10:25:14+08:00"}
{"level":"info","msg":"| 200 |    239.4334ms |             ::1 | POST  /user/detail |","time":"2020-05-28T10:25:15+08:00"}
{"level":"info","msg":"| 200 |     574.781ms |             ::1 | POST  /user/update_auth |","time":"2020-05-28T10:25:18+08:00"}
{"level":"info","msg":"| 200 |    228.8952ms |             ::1 | POST  /user/info |","time":"2020-05-28T10:25:21+08:00"}
{"level":"info","msg":"| 200 |    237.9452ms |             ::1 | POST  /user/info |","time":"2020-05-28T10:25:23+08:00"}
{"level":"info","msg":"| 200 |    247.5635ms |             ::1 | POST  /user/info |","time":"2020-05-28T10:25:24+08:00"}
{"level":"info","msg":"| 200 |    248.8806ms |             ::1 | POST  /user/info |","time":"2020-05-28T10:25:25+08:00"}
{"level":"info","msg":"| 200 |    247.4351ms |             ::1 | POST  /user/info |","time":"2020-05-28T10:26:30+08:00"}
{"level":"info","msg":"| 200 |    244.1352ms |             ::1 | POST  /user/info |","time":"2020-05-28T10:26:31+08:00"}
{"level":"info","msg":"| 200 |    245.0919ms |             ::1 | POST  /user/list |","time":"2020-05-28T10:26:34+08:00"}
{"level":"info","msg":"| 200 |    234.8408ms |             ::1 | POST  /user/info |","time":"2020-05-28T10:26:38+08:00"}
{"level":"info","msg":"| 200 |    249.5923ms |             ::1 | POST  /user/info |","time":"2020-05-28T10:26:41+08:00"}
{"level":"info","msg":"| 200 |    258.3621ms |             ::1 | POST  /user/info |","time":"2020-05-28T10:26:42+08:00"}
{"level":"info","msg":"| 200 |    275.9134ms |             ::1 | POST  /user/info |","time":"2020-05-28T10:27:24+08:00"}
{"level":"info","msg":"| 200 |    242.1739ms |             ::1 | POST  /user/info |","time":"2020-05-28T10:27:51+08:00"}
{"level":"info","msg":"| 200 |    254.2848ms |             ::1 | POST  /user/info |","time":"2020-05-28T10:27:52+08:00"}
{"level":"info","msg":"| 200 |    379.0063ms |             ::1 | POST  /user/info |","time":"2020-05-28T10:29:36+08:00"}
{"level":"info","msg":"| 200 |    256.5026ms |             ::1 | POST  /user/info |","time":"2020-05-28T10:29:39+08:00"}
{"level":"info","msg":"| 200 |    236.6434ms |             ::1 | POST  /user/list |","time":"2020-05-28T10:29:44+08:00"}
{"level":"info","msg":"| 200 |    248.3157ms |             ::1 | POST  /user/detail |","time":"2020-05-28T10:29:45+08:00"}
{"level":"info","msg":"| 200 |     568.477ms |             ::1 | POST  /user/update_auth |","time":"2020-05-28T10:29:47+08:00"}
{"level":"info","msg":"| 200 |     235.866ms |             ::1 | POST  /user/info |","time":"2020-05-28T10:29:51+08:00"}
{"level":"info","msg":"| 200 |     274.057ms |             ::1 | POST  /user/info |","time":"2020-05-28T10:29:53+08:00"}
{"level":"info","msg":"| 200 |    566.5536ms |             ::1 | POST  /user/update_auth |","time":"2020-05-28T10:30:06+08:00"}
{"level":"info","msg":"| 200 |    229.5859ms |             ::1 | POST  /user/info |","time":"2020-05-28T10:30:09+08:00"}
{"level":"info","msg":"| 200 |    243.1535ms |             ::1 | POST  /user/info |","time":"2020-05-28T10:30:11+08:00"}
{"level":"info","msg":"| 200 |    258.6538ms |             ::1 | POST  /user/list |","time":"2020-05-28T10:30:22+08:00"}
{"level":"info","msg":"| 200 |    393.5671ms |             ::1 | POST  /user/list |","time":"2020-05-28T10:30:33+08:00"}
{"level":"info","msg":"| 200 |    419.0904ms |             ::1 | POST  /user/list |","time":"2020-05-28T10:30:34+08:00"}
{"level":"info","msg":"| 200 |    237.2838ms |             ::1 | POST  /user/list |","time":"2020-05-28T10:30:35+08:00"}
{"level":"info","msg":"| 200 |    255.8289ms |             ::1 | POST  /user/detail |","time":"2020-05-28T10:30:54+08:00"}
{"level":"info","msg":"| 200 |     223.095ms |             ::1 | POST  /user/list |","time":"2020-05-28T10:31:00+08:00"}
{"level":"info","msg":"| 200 |    237.9529ms |             ::1 | POST  /user/detail |","time":"2020-05-28T10:31:04+08:00"}
{"level":"info","msg":"| 200 |    231.7389ms |             ::1 | POST  /user/list |","time":"2020-05-28T10:31:05+08:00"}
{"level":"info","msg":"| 200 |    237.3918ms |             ::1 | POST  /user/detail |","time":"2020-05-28T10:31:08+08:00"}
{"level":"info","msg":"| 200 |    236.8998ms |             ::1 | POST  /user/list |","time":"2020-05-28T10:31:14+08:00"}
{"level":"info","msg":"| 200 |    344.4309ms |             ::1 | POST  /user/detail |","time":"2020-05-28T10:31:26+08:00"}
{"level":"info","msg":"| 200 |      76.852ms |             ::1 | POST  /user/update |","time":"2020-05-28T10:31:33+08:00"}
{"level":"info","msg":"| 200 |      792.57ms |             ::1 | POST  /user/update |","time":"2020-05-28T10:32:27+08:00"}
{"level":"info","msg":"| 200 |    245.3111ms |             ::1 | POST  /user/list |","time":"2020-05-28T10:32:29+08:00"}
{"level":"info","msg":"| 200 |    323.4393ms |             ::1 | POST  /user/info |","time":"2020-05-28T10:32:36+08:00"}
{"level":"info","msg":"| 200 |    268.1865ms |             ::1 | POST  /user/sign_in |","time":"2020-05-28T10:32:47+08:00"}
{"level":"info","msg":"| 200 |    254.8625ms |             ::1 | POST  /user/info |","time":"2020-05-28T10:32:52+08:00"}
{"level":"info","msg":"| 200 |    391.6015ms |             ::1 | POST  /user/info |","time":"2020-05-28T10:32:55+08:00"}
{"level":"info","msg":"| 200 |    579.4854ms |             ::1 | POST  /user/reset_name |","time":"2020-05-28T10:33:01+08:00"}
{"level":"info","msg":"| 200 |    253.8884ms |             ::1 | POST  /user/info |","time":"2020-05-28T10:33:04+08:00"}
{"level":"info","msg":"| 200 |    259.1476ms |             ::1 | POST  /user/info |","time":"2020-05-28T10:33:06+08:00"}
{"level":"info","msg":"| 200 |    354.7977ms |             ::1 | POST  /user/upload |","time":"2020-05-28T10:33:23+08:00"}
{"level":"info","msg":"| 200 |    527.2666ms |             ::1 | POST  /user/upload |","time":"2020-05-28T10:33:39+08:00"}
{"level":"info","msg":"| 200 |    115.2051ms |             ::1 | POST  /user/submit_auth |","time":"2020-05-28T10:33:41+08:00"}
{"level":"info","msg":"| 200 |    588.6805ms |             ::1 | POST  /user/submit_auth |","time":"2020-05-28T10:33:55+08:00"}
{"level":"info","msg":"| 200 |     242.327ms |             ::1 | POST  /user/info |","time":"2020-05-28T10:33:56+08:00"}
{"level":"info","msg":"| 200 |    262.0356ms |             ::1 | POST  /user/info |","time":"2020-05-28T10:33:59+08:00"}
{"level":"info","msg":"| 200 |    276.9929ms |             ::1 | POST  /user/info |","time":"2020-05-28T10:34:01+08:00"}
{"level":"info","msg":"| 200 |    262.0459ms |             ::1 | POST  /user/list |","time":"2020-05-28T10:34:05+08:00"}
{"level":"info","msg":"| 200 |    424.8252ms |             ::1 | POST  /user/detail |","time":"2020-05-28T10:34:08+08:00"}
{"level":"info","msg":"| 200 |    580.4365ms |             ::1 | POST  /user/update_auth |","time":"2020-05-28T10:34:10+08:00"}
{"level":"info","msg":"| 200 |    241.0901ms |             ::1 | POST  /user/info |","time":"2020-05-28T10:34:13+08:00"}
{"level":"info","msg":"| 200 |    402.3782ms |             ::1 | POST  /user/info |","time":"2020-05-28T10:34:15+08:00"}
{"level":"info","msg":"| 200 |     561.757ms |             ::1 | POST  /user/update_auth |","time":"2020-05-28T10:34:18+08:00"}
{"level":"info","msg":"| 200 |    246.6202ms |             ::1 | POST  /user/info |","time":"2020-05-28T10:34:20+08:00"}
{"level":"info","msg":"| 200 |    243.7956ms |             ::1 | POST  /user/info |","time":"2020-05-28T10:34:23+08:00"}
{"level":"info","msg":"| 200 |    233.9639ms |             ::1 | POST  /user/info |","time":"2020-05-28T10:34:24+08:00"}
{"level":"info","msg":"| 200 |    232.3362ms |             ::1 | POST  /user/info |","time":"2020-05-28T10:34:27+08:00"}
{"level":"info","msg":"| 200 |    262.0522ms |             ::1 | POST  /user/info |","time":"2020-05-28T10:34:29+08:00"}
{"level":"info","msg":"| 200 |    589.9157ms |             ::1 | POST  /user/update_auth |","time":"2020-05-28T10:34:34+08:00"}
{"level":"info","msg":"| 200 |    252.5393ms |             ::1 | POST  /user/list |","time":"2020-05-28T10:34:36+08:00"}
{"level":"info","msg":"| 200 |    676.8794ms |             ::1 | POST  /admin/upload |","time":"2020-05-28T10:55:12+08:00"}
{"level":"info","msg":"| 200 |    396.3858ms |             ::1 | POST  /notice/post |","time":"2020-05-28T10:55:46+08:00"}
{"level":"info","msg":"| 200 |     375.072ms |             ::1 | POST  /user/list |","time":"2020-05-28T11:05:32+08:00"}
{"level":"info","msg":"| 200 |    240.7877ms |             ::1 | POST  /user/list |","time":"2020-05-28T11:05:37+08:00"}
{"level":"info","msg":"| 200 |    650.9308ms |             ::1 | POST  /user/list |","time":"2020-05-28T11:45:35+08:00"}
{"level":"info","msg":"| 200 |    247.2571ms |             ::1 | POST  /user/detail |","time":"2020-05-28T11:45:37+08:00"}
{"level":"info","msg":"| 200 |    230.6653ms |             ::1 | POST  /user/list |","time":"2020-05-28T11:45:38+08:00"}
{"level":"info","msg":"| 200 |    222.1816ms |             ::1 | POST  /user/info |","time":"2020-05-28T11:45:43+08:00"}
{"level":"info","msg":"| 200 |    225.3785ms |             ::1 | POST  /user/list |","time":"2020-05-28T11:47:13+08:00"}
{"level":"info","msg":"| 200 |     388.195ms |             ::1 | POST  /user/list |","time":"2020-05-28T11:47:14+08:00"}
{"level":"info","msg":"| 200 |    389.3944ms |             ::1 | POST  /user/list |","time":"2020-05-28T11:47:15+08:00"}
{"level":"info","msg":"| 200 |    235.3792ms |             ::1 | POST  /user/list |","time":"2020-05-28T11:47:18+08:00"}
{"level":"info","msg":"| 200 |    663.6493ms |             ::1 | POST  /user/list |","time":"2020-05-28T12:03:02+08:00"}
{"level":"info","msg":"| 200 |    658.7353ms |             ::1 | POST  /user/list |","time":"2020-05-28T12:03:05+08:00"}
{"level":"info","msg":"| 200 |    914.2664ms |             ::1 | POST  /user/list |","time":"2020-05-28T12:03:06+08:00"}
{"level":"info","msg":"| 200 |    267.4654ms |             ::1 | POST  /user/list |","time":"2020-05-28T12:03:07+08:00"}
{"level":"info","msg":"| 200 |    285.1003ms |             ::1 | POST  /user/detail |","time":"2020-05-28T12:03:09+08:00"}
{"level":"info","msg":"| 200 |    246.0177ms |             ::1 | POST  /user/list |","time":"2020-05-28T12:03:12+08:00"}
{"level":"info","msg":"| 200 |    220.4693ms |             ::1 | POST  /user/detail |","time":"2020-05-28T12:03:14+08:00"}
{"level":"info","msg":"| 200 |    214.4504ms |             ::1 | POST  /user/list |","time":"2020-05-28T12:03:16+08:00"}
{"level":"info","msg":"| 200 |    411.5251ms |             ::1 | POST  /notice/list_for_admin |","time":"2020-05-28T12:26:19+08:00"}
{"level":"info","msg":"| 200 |    283.8614ms |             ::1 | POST  /notice/list_for_admin |","time":"2020-05-28T12:27:39+08:00"}
{"level":"info","msg":"| 200 |     230.257ms |             ::1 | POST  /notice/list_for_admin |","time":"2020-05-28T12:28:11+08:00"}
{"level":"info","msg":"| 200 |    592.3678ms |             ::1 | POST  /admin/upload |","time":"2020-05-28T12:28:47+08:00"}
{"level":"info","msg":"| 200 |      377.21ms |             ::1 | POST  /notice/post |","time":"2020-05-28T12:28:49+08:00"}
{"level":"info","msg":"| 200 |    348.6059ms |             ::1 | POST  /notice/post |","time":"2020-05-28T12:29:00+08:00"}
{"level":"info","msg":"| 200 |    444.5853ms |             ::1 | POST  /notice/post |","time":"2020-05-28T12:29:17+08:00"}
{"level":"info","msg":"| 200 |    236.4092ms |             ::1 | POST  /notice/list_for_admin |","time":"2020-05-28T12:29:20+08:00"}
{"level":"info","msg":"| 200 |    236.6959ms |             ::1 | POST  /notice/list_for_admin |","time":"2020-05-28T12:30:37+08:00"}
{"level":"info","msg":"| 200 |    236.7975ms |             ::1 | POST  /notice/list_for_admin |","time":"2020-05-28T12:30:49+08:00"}
{"level":"info","msg":"| 200 |    389.6862ms |             ::1 | POST  /notice/list_for_admin |","time":"2020-05-28T12:31:27+08:00"}
{"level":"info","msg":"| 200 |    255.6233ms |             ::1 | POST  /notice/list_for_admin |","time":"2020-05-28T12:31:48+08:00"}
{"level":"info","msg":"| 200 |     344.364ms |             ::1 | POST  /notice/list_for_admin |","time":"2020-05-28T12:33:37+08:00"}
{"level":"info","msg":"| 200 |    216.3102ms |             ::1 | POST  /notice/list_for_admin |","time":"2020-05-28T12:33:46+08:00"}
{"level":"info","msg":"| 200 |    227.8183ms |             ::1 | POST  /notice/list_for_admin |","time":"2020-05-28T12:33:57+08:00"}
{"level":"info","msg":"| 200 |    222.1691ms |             ::1 | POST  /notice/list_for_admin |","time":"2020-05-28T12:33:59+08:00"}
{"level":"info","msg":"| 200 |    218.9014ms |             ::1 | POST  /notice/list_for_admin |","time":"2020-05-28T12:34:02+08:00"}
{"level":"info","msg":"| 200 |    219.1129ms |             ::1 | POST  /notice/list_for_admin |","time":"2020-05-28T12:34:03+08:00"}
{"level":"info","msg":"| 200 |    225.2544ms |             ::1 | POST  /notice/list_for_admin |","time":"2020-05-28T12:34:10+08:00"}
{"level":"info","msg":"| 200 |     800.276ms |             ::1 | POST  /admin/upload |","time":"2020-05-28T12:39:37+08:00"}
{"level":"info","msg":"| 200 |    449.3914ms |             ::1 | POST  /notice/post |","time":"2020-05-28T12:39:39+08:00"}
{"level":"info","msg":"| 200 |    404.6711ms |             ::1 | POST  /notice/post |","time":"2020-05-28T12:39:54+08:00"}
{"level":"info","msg":"| 200 |    251.6885ms |             ::1 | POST  /notice/list_for_admin |","time":"2020-05-28T12:39:56+08:00"}
{"level":"info","msg":"| 200 |    231.7269ms |             ::1 | POST  /notice/list_for_admin |","time":"2020-05-28T12:42:45+08:00"}
{"level":"info","msg":"| 200 |    404.9724ms |             ::1 | POST  /notice/delete |","time":"2020-05-28T12:42:48+08:00"}
{"level":"info","msg":"| 200 |    244.4847ms |             ::1 | POST  /notice/list_for_admin |","time":"2020-05-28T12:42:50+08:00"}
{"level":"info","msg":"| 200 |     258.202ms |             ::1 | POST  /notice/list_for_admin |","time":"2020-05-28T12:42:52+08:00"}
{"level":"info","msg":"| 200 |    233.8748ms |             ::1 | POST  /notice/list_for_admin |","time":"2020-05-28T12:42:53+08:00"}
{"level":"info","msg":"| 200 |    254.2681ms |             ::1 | POST  /notice/list_for_admin |","time":"2020-05-28T12:42:56+08:00"}
{"level":"info","msg":"| 200 |    223.1608ms |             ::1 | POST  /notice/list_for_admin |","time":"2020-05-28T12:43:07+08:00"}
{"level":"info","msg":"| 200 |    241.5543ms |             ::1 | POST  /notice/list_for_admin |","time":"2020-05-28T12:43:39+08:00"}
{"level":"info","msg":"| 200 |    416.0427ms |             ::1 | POST  /notice/post |","time":"2020-05-28T12:43:54+08:00"}
{"level":"info","msg":"| 200 |    269.9861ms |             ::1 | POST  /notice/list_for_admin |","time":"2020-05-28T12:43:56+08:00"}
{"level":"info","msg":"| 200 |    366.1427ms |             ::1 | POST  /notice/list_for_admin |","time":"2020-05-28T12:43:59+08:00"}
{"level":"info","msg":"| 200 |    409.5266ms |             ::1 | POST  /notice/delete |","time":"2020-05-28T12:44:04+08:00"}
{"level":"info","msg":"| 200 |    250.1482ms |             ::1 | POST  /notice/list_for_admin |","time":"2020-05-28T12:44:06+08:00"}
{"level":"info","msg":"| 200 |    283.7875ms |             ::1 | POST  /notice/list_for_admin |","time":"2020-05-28T12:46:47+08:00"}
{"level":"info","msg":"| 200 |    242.8254ms |             ::1 | POST  /notice/list_for_admin |","time":"2020-05-28T12:46:58+08:00"}
{"level":"info","msg":"| 200 |    384.0243ms |             ::1 | POST  /admin/upload |","time":"2020-05-28T12:47:11+08:00"}
{"level":"info","msg":"| 200 |    232.6011ms |             ::1 | POST  /notice/list_for_admin |","time":"2020-05-28T12:47:14+08:00"}
{"level":"info","msg":"| 200 |    227.7013ms |             ::1 | POST  /notice/list_for_admin |","time":"2020-05-28T12:47:41+08:00"}
{"level":"info","msg":"| 200 |     245.088ms |             ::1 | POST  /notice/list_for_admin |","time":"2020-05-28T12:48:21+08:00"}
{"level":"info","msg":"| 200 |    350.5322ms |             ::1 | POST  /admin/upload |","time":"2020-05-28T12:48:27+08:00"}
{"level":"info","msg":"| 200 |    395.3408ms |             ::1 | POST  /notice/list_for_admin |","time":"2020-05-28T12:56:36+08:00"}
{"level":"info","msg":"| 200 |    222.5959ms |             ::1 | POST  /notice/list_for_admin |","time":"2020-05-28T12:57:10+08:00"}
{"level":"info","msg":"| 200 |     368.849ms |             ::1 | POST  /notice/list_for_admin |","time":"2020-05-28T12:58:14+08:00"}
{"level":"info","msg":"| 200 |    178.6517ms |             ::1 | POST  /notice/detail |","time":"2020-05-28T12:58:20+08:00"}
{"level":"info","msg":"| 200 |    235.7094ms |             ::1 | POST  /notice/list_for_admin |","time":"2020-05-28T12:58:24+08:00"}
{"level":"info","msg":"| 200 |    165.3978ms |             ::1 | POST  /notice/detail |","time":"2020-05-28T12:58:25+08:00"}
{"level":"info","msg":"| 200 |    240.9848ms |             ::1 | POST  /notice/list_for_admin |","time":"2020-05-28T12:58:29+08:00"}
{"level":"info","msg":"| 200 |    169.5138ms |             ::1 | POST  /notice/detail |","time":"2020-05-28T12:58:32+08:00"}
{"level":"info","msg":"| 200 |    251.0724ms |             ::1 | POST  /notice/list_for_admin |","time":"2020-05-28T13:03:17+08:00"}
{"level":"info","msg":"| 200 |    176.1975ms |             ::1 | POST  /notice/detail |","time":"2020-05-28T13:03:19+08:00"}
{"level":"info","msg":"| 200 |    247.2435ms |             ::1 | POST  /notice/list_for_admin |","time":"2020-05-28T13:03:25+08:00"}
{"level":"info","msg":"| 200 |     206.746ms |             ::1 | POST  /notice/detail |","time":"2020-05-28T13:03:28+08:00"}
{"level":"info","msg":"| 200 |    257.6836ms |             ::1 | POST  /notice/list_for_admin |","time":"2020-05-28T13:04:04+08:00"}
{"level":"info","msg":"| 200 |    141.1951ms |             ::1 | POST  /notice/detail |","time":"2020-05-28T13:04:06+08:00"}
{"level":"info","msg":"| 200 |     232.652ms |             ::1 | POST  /notice/list_for_admin |","time":"2020-05-28T13:04:11+08:00"}
{"level":"info","msg":"| 200 |    199.5648ms |             ::1 | POST  /notice/detail |","time":"2020-05-28T13:05:24+08:00"}
{"level":"info","msg":"| 200 |            0s |             ::1 | POST  /notice/list_for_admin |","time":"2020-05-28T13:09:18+08:00"}
{"level":"info","msg":"| 200 |            0s |             ::1 | POST  /notice/list_for_admin |","time":"2020-05-28T13:09:22+08:00"}
{"level":"info","msg":"| 200 |            0s |             ::1 | POST  /user/list |","time":"2020-05-28T13:09:27+08:00"}
{"level":"info","msg":"| 200 |    441.3243ms |             ::1 | POST  /admin/sign_in |","time":"2020-05-28T13:09:33+08:00"}
{"level":"info","msg":"| 200 |    310.4068ms |             ::1 | POST  /notice/list_for_admin |","time":"2020-05-28T13:09:35+08:00"}
{"level":"info","msg":"| 200 |    175.3365ms |             ::1 | POST  /notice/detail |","time":"2020-05-28T13:09:38+08:00"}
{"level":"info","msg":"| 200 |    245.8979ms |             ::1 | POST  /notice/list_for_admin |","time":"2020-05-28T13:11:04+08:00"}
{"level":"info","msg":"| 200 |     163.756ms |             ::1 | POST  /notice/detail |","time":"2020-05-28T13:11:05+08:00"}
{"level":"info","msg":"| 200 |    367.1991ms |             ::1 | POST  /notice/list_for_admin |","time":"2020-05-28T13:30:29+08:00"}
{"level":"info","msg":"| 200 |    243.8554ms |             ::1 | POST  /notice/list_for_admin |","time":"2020-05-28T13:30:49+08:00"}
{"level":"info","msg":"| 200 |    166.5361ms |             ::1 | POST  /notice/detail |","time":"2020-05-28T13:30:52+08:00"}
{"level":"info","msg":"| 200 |    244.4527ms |             ::1 | POST  /notice/list_for_admin |","time":"2020-05-28T13:31:36+08:00"}
{"level":"info","msg":"| 200 |    183.5737ms |             ::1 | POST  /notice/detail |","time":"2020-05-28T13:31:38+08:00"}
{"level":"info","msg":"| 200 |    221.8475ms |             ::1 | POST  /notice/list_for_admin |","time":"2020-05-28T13:31:41+08:00"}
{"level":"info","msg":"| 200 |    172.0891ms |             ::1 | POST  /notice/detail |","time":"2020-05-28T13:31:43+08:00"}
{"level":"info","msg":"| 200 |    226.8156ms |             ::1 | POST  /notice/list_for_admin |","time":"2020-05-28T13:31:45+08:00"}
{"level":"info","msg":"| 200 |    240.4706ms |             ::1 | POST  /notice/detail |","time":"2020-05-28T13:31:48+08:00"}
{"level":"info","msg":"| 404 |            0s |             ::1 | POST  /notice/update |","time":"2020-05-28T13:31:52+08:00"}
{"level":"info","msg":"| 200 |    235.9117ms |             ::1 | POST  /notice/list_for_admin |","time":"2020-05-28T13:32:20+08:00"}
{"level":"info","msg":"| 200 |    161.5061ms |             ::1 | POST  /notice/detail |","time":"2020-05-28T13:32:23+08:00"}
{"level":"info","msg":"| 404 |            0s |             ::1 | POST  /notice/update |","time":"2020-05-28T13:32:26+08:00"}
{"level":"info","msg":"| 200 |    366.9457ms |             ::1 | POST  /notice/list_for_admin |","time":"2020-05-28T13:33:00+08:00"}
{"level":"info","msg":"| 200 |    151.4586ms |             ::1 | POST  /notice/detail |","time":"2020-05-28T13:33:02+08:00"}
{"level":"info","msg":"| 200 |     94.8386ms |             ::1 | POST  /notice/update |","time":"2020-05-28T13:33:06+08:00"}
{"level":"info","msg":"| 200 |    309.4677ms |             ::1 | POST  /notice/list_for_admin |","time":"2020-05-28T13:33:53+08:00"}
{"level":"info","msg":"| 200 |    264.6519ms |             ::1 | POST  /notice/detail |","time":"2020-05-28T13:33:55+08:00"}
{"level":"info","msg":"| 200 |    560.4463ms |             ::1 | POST  /notice/update |","time":"2020-05-28T13:33:58+08:00"}
{"level":"info","msg":"| 200 |    216.5867ms |             ::1 | POST  /notice/list_for_admin |","time":"2020-05-28T13:34:01+08:00"}
{"level":"info","msg":"| 200 |    161.8065ms |             ::1 | POST  /notice/detail |","time":"2020-05-28T13:34:07+08:00"}
{"level":"info","msg":"| 200 |    521.5249ms |             ::1 | POST  /notice/update |","time":"2020-05-28T13:34:10+08:00"}
{"level":"info","msg":"| 200 |     220.785ms |             ::1 | POST  /notice/list_for_admin |","time":"2020-05-28T13:34:12+08:00"}
{"level":"info","msg":"| 200 |     166.729ms |             ::1 | POST  /notice/detail |","time":"2020-05-28T13:34:14+08:00"}
{"level":"info","msg":"| 200 |    595.5853ms |             ::1 | POST  /notice/update |","time":"2020-05-28T13:34:17+08:00"}
{"level":"info","msg":"| 200 |    237.1464ms |             ::1 | POST  /notice/list_for_admin |","time":"2020-05-28T13:34:19+08:00"}
{"level":"info","msg":"| 200 |    157.8739ms |             ::1 | POST  /notice/detail |","time":"2020-05-28T13:34:23+08:00"}
{"level":"info","msg":"| 200 |    577.9063ms |             ::1 | POST  /notice/update |","time":"2020-05-28T13:34:27+08:00"}
{"level":"info","msg":"| 200 |    544.1263ms |             ::1 | POST  /admin/upload |","time":"2020-05-28T13:34:42+08:00"}
{"level":"info","msg":"| 200 |    589.4353ms |             ::1 | POST  /notice/update |","time":"2020-05-28T13:34:45+08:00"}
{"level":"info","msg":"| 200 |    249.5074ms |             ::1 | POST  /notice/list_for_admin |","time":"2020-05-28T13:34:46+08:00"}
{"level":"info","msg":"| 200 |    139.2043ms |             ::1 | POST  /notice/detail |","time":"2020-05-28T13:34:52+08:00"}
{"level":"info","msg":"| 200 |    601.9849ms |             ::1 | POST  /notice/update |","time":"2020-05-28T13:35:05+08:00"}
{"level":"info","msg":"| 200 |    222.5558ms |             ::1 | POST  /notice/list_for_admin |","time":"2020-05-28T13:35:06+08:00"}
{"level":"info","msg":"| 200 |    343.3656ms |             ::1 | POST  /notice/post |","time":"2020-05-28T13:35:21+08:00"}
{"level":"info","msg":"| 200 |    220.1647ms |             ::1 | POST  /notice/list_for_admin |","time":"2020-05-28T13:35:23+08:00"}
{"level":"info","msg":"| 200 |     218.842ms |             ::1 | POST  /notice/list_for_admin |","time":"2020-05-28T13:35:25+08:00"}
{"level":"info","msg":"| 200 |    217.2719ms |             ::1 | POST  /notice/list_for_admin |","time":"2020-05-28T13:35:27+08:00"}
{"level":"info","msg":"| 200 |    216.2905ms |             ::1 | POST  /notice/list_for_admin |","time":"2020-05-28T13:35:36+08:00"}
{"level":"info","msg":"| 200 |    213.0757ms |             ::1 | POST  /user/list |","time":"2020-05-28T13:37:43+08:00"}
{"level":"info","msg":"| 200 |    242.2843ms |             ::1 | POST  /notice/list_for_admin |","time":"2020-05-28T13:37:47+08:00"}
{"level":"info","msg":"| 200 |            0s |             ::1 | POST  /user/info |","time":"2020-05-28T13:38:52+08:00"}
{"level":"info","msg":"| 200 |            0s |             ::1 | POST  /user/info |","time":"2020-05-28T13:38:53+08:00"}
{"level":"info","msg":"| 200 |    228.9259ms |             ::1 | POST  /user/sign_in |","time":"2020-05-28T13:39:02+08:00"}
{"level":"info","msg":"| 200 |    232.1442ms |             ::1 | POST  /user/info |","time":"2020-05-28T13:39:05+08:00"}
{"level":"info","msg":"| 200 |    228.8832ms |             ::1 | POST  /user/info |","time":"2020-05-28T13:39:07+08:00"}
{"level":"info","msg":"| 200 |    246.0663ms |             ::1 | POST  /user/info |","time":"2020-05-28T13:39:15+08:00"}
{"level":"info","msg":"| 200 |    358.4802ms |             ::1 | POST  /user/info |","time":"2020-05-28T13:39:18+08:00"}
{"level":"info","msg":"| 200 |    241.3013ms |             ::1 | POST  /user/info |","time":"2020-05-28T13:39:24+08:00"}
{"level":"info","msg":"| 200 |    240.9531ms |             ::1 | POST  /user/info |","time":"2020-05-28T13:39:28+08:00"}
{"level":"info","msg":"| 200 |    214.9354ms |             ::1 | POST  /user/list |","time":"2020-05-28T13:39:30+08:00"}
{"level":"info","msg":"| 200 |    304.3012ms |             ::1 | POST  /user/detail |","time":"2020-05-28T13:39:46+08:00"}
{"level":"info","msg":"| 200 |    225.2288ms |             ::1 | POST  /user/list |","time":"2020-05-28T13:39:50+08:00"}
{"level":"info","msg":"| 200 |     291.244ms |             ::1 | POST  /admin/system_info |","time":"2020-05-28T14:19:04+08:00"}
{"level":"info","msg":"| 200 |    151.8733ms |             ::1 | POST  /admin/system_info |","time":"2020-05-28T14:20:49+08:00"}
{"level":"info","msg":"| 200 |    376.9383ms |             ::1 | POST  /admin/system_update |","time":"2020-05-28T14:20:55+08:00"}
{"level":"info","msg":"| 200 |    161.0053ms |             ::1 | POST  /admin/system_info |","time":"2020-05-28T14:20:57+08:00"}
{"level":"info","msg":"| 200 |     155.089ms |             ::1 | POST  /admin/system_info |","time":"2020-05-28T14:20:58+08:00"}
{"level":"info","msg":"| 200 |    235.5209ms |             ::1 | POST  /notice/list_for_admin |","time":"2020-05-28T14:21:01+08:00"}
{"level":"info","msg":"| 200 |    180.1241ms |             ::1 | POST  /admin/system_info |","time":"2020-05-28T14:21:02+08:00"}
{"level":"info","msg":"| 200 |    206.7588ms |             ::1 | POST  /admin/system_info |","time":"2020-05-28T14:21:05+08:00"}
{"level":"info","msg":"| 200 |    385.0044ms |             ::1 | POST  /admin/system_update |","time":"2020-05-28T14:21:19+08:00"}
{"level":"info","msg":"| 200 |    145.2817ms |             ::1 | POST  /admin/system_info |","time":"2020-05-28T14:21:20+08:00"}
{"level":"info","msg":"| 200 |     237.856ms |             ::1 | POST  /user/list |","time":"2020-05-28T14:21:24+08:00"}
{"level":"info","msg":"| 200 |    231.3062ms |             ::1 | POST  /notice/list_for_admin |","time":"2020-05-28T14:21:25+08:00"}
{"level":"info","msg":"| 200 |    145.5749ms |             ::1 | POST  /admin/system_info |","time":"2020-05-28T14:21:28+08:00"}
{"level":"info","msg":"| 200 |    204.9937ms |             ::1 | POST  /user/list |","time":"2020-05-28T14:21:29+08:00"}
{"level":"info","msg":"| 200 |    226.5664ms |             ::1 | POST  /notice/list_for_admin |","time":"2020-05-28T14:21:30+08:00"}
{"level":"info","msg":"| 200 |    164.7548ms |             ::1 | POST  /admin/system_info |","time":"2020-05-28T14:21:48+08:00"}
{"level":"info","msg":"| 200 |    239.2708ms |             ::1 | POST  /notice/list_for_admin |","time":"2020-05-28T14:21:50+08:00"}
{"level":"info","msg":"| 200 |    142.9295ms |             ::1 | POST  /admin/system_info |","time":"2020-05-28T14:22:18+08:00"}
{"level":"info","msg":"| 200 |     228.046ms |             ::1 | POST  /user/list |","time":"2020-05-28T14:22:20+08:00"}
{"level":"info","msg":"| 200 |    220.9357ms |             ::1 | POST  /user/list |","time":"2020-05-28T14:22:22+08:00"}
{"level":"info","msg":"| 200 |     228.044ms |             ::1 | POST  /notice/list_for_admin |","time":"2020-05-28T14:22:25+08:00"}
{"level":"info","msg":"| 200 |    226.1649ms |             ::1 | POST  /notice/list_for_admin |","time":"2020-05-28T14:22:27+08:00"}
{"level":"info","msg":"| 200 |     226.583ms |             ::1 | POST  /notice/list_for_admin |","time":"2020-05-28T14:22:28+08:00"}
{"level":"info","msg":"| 200 |    214.4781ms |             ::1 | POST  /user/list |","time":"2020-05-28T14:22:29+08:00"}
{"level":"info","msg":"| 200 |    235.8968ms |             ::1 | POST  /notice/list_for_admin |","time":"2020-05-28T14:22:32+08:00"}
{"level":"info","msg":"| 200 |    207.9185ms |             ::1 | POST  /notice/list_for_admin |","time":"2020-05-28T14:22:39+08:00"}
{"level":"info","msg":"| 200 |    208.0427ms |             ::1 | POST  /notice/list_for_admin |","time":"2020-05-28T14:22:41+08:00"}
{"level":"info","msg":"| 200 |    377.1426ms |             ::1 | POST  /user/list |","time":"2020-05-28T14:49:34+08:00"}
{"level":"info","msg":"| 200 |    226.7093ms |             ::1 | POST  /notice/list_for_admin |","time":"2020-05-28T14:49:36+08:00"}
{"level":"info","msg":"| 200 |    223.6715ms |             ::1 | POST  /user/list |","time":"2020-05-28T14:49:38+08:00"}
{"level":"info","msg":"| 200 |     260.562ms |             ::1 | POST  /notice/list_for_admin |","time":"2020-05-28T14:49:39+08:00"}
{"level":"info","msg":"| 200 |    239.0058ms |             ::1 | POST  /user/list |","time":"2020-05-28T14:49:42+08:00"}
{"level":"info","msg":"| 200 |    387.7252ms |             ::1 | POST  /notice/list_for_admin |","time":"2020-05-28T14:57:01+08:00"}
{"level":"info","msg":"| 200 |    438.1419ms |             ::1 | POST  /notice/list_for_admin |","time":"2020-05-28T15:14:36+08:00"}
{"level":"info","msg":"| 200 |    499.7159ms |             ::1 | POST  /admin/upload |","time":"2020-05-28T15:14:43+08:00"}
{"level":"info","msg":"| 200 |    343.0213ms |             ::1 | POST  /admin/upload |","time":"2020-05-28T15:15:10+08:00"}
{"level":"info","msg":"| 200 |    583.6894ms |             ::1 | POST  /admin/upload |","time":"2020-05-28T15:21:59+08:00"}
{"level":"info","msg":"| 200 |      89.635ms |             ::1 | POST  /vote/create |","time":"2020-05-28T15:22:10+08:00"}
{"level":"info","msg":"| 200 |    100.8367ms |             ::1 | POST  /vote/create |","time":"2020-05-28T15:23:25+08:00"}
{"level":"info","msg":"| 200 |     92.8384ms |             ::1 | POST  /vote/create |","time":"2020-05-28T15:24:02+08:00"}
{"level":"info","msg":"| 200 |    546.2315ms |             ::1 | POST  /admin/upload |","time":"2020-05-28T15:29:16+08:00"}
{"level":"info","msg":"| 200 |     80.4566ms |             ::1 | POST  /vote/create |","time":"2020-05-28T15:29:21+08:00"}
{"level":"info","msg":"| 200 |     80.2462ms |             ::1 | POST  /vote/create |","time":"2020-05-28T15:30:13+08:00"}
{"level":"info","msg":"| 200 |    255.3737ms |             ::1 | POST  /vote/create |","time":"2020-05-28T15:35:33+08:00"}
{"level":"info","msg":"| 200 |    240.5218ms |             ::1 | POST  /vote/create |","time":"2020-05-28T15:41:55+08:00"}
{"level":"info","msg":"| 200 |    668.6648ms |             ::1 | POST  /admin/upload |","time":"2020-05-28T15:49:11+08:00"}
{"level":"info","msg":"| 200 |     89.0812ms |             ::1 | POST  /vote/create |","time":"2020-05-28T15:49:21+08:00"}
{"level":"info","msg":"| 200 |     407.886ms |             ::1 | POST  /admin/upload |","time":"2020-05-28T15:54:08+08:00"}
{"level":"info","msg":"| 200 |    429.5783ms |             ::1 | POST  /admin/upload |","time":"2020-05-28T15:55:42+08:00"}
{"level":"info","msg":"| 200 |    380.3636ms |             ::1 | POST  /admin/upload |","time":"2020-05-28T15:56:24+08:00"}
{"level":"info","msg":"| 200 |    461.4442ms |             ::1 | POST  /admin/upload |","time":"2020-05-28T15:57:05+08:00"}
{"level":"info","msg":"| 200 |     81.5855ms |             ::1 | POST  /vote/create |","time":"2020-05-28T15:57:09+08:00"}
{"level":"info","msg":"| 200 |    349.9461ms |             ::1 | POST  /admin/upload |","time":"2020-05-28T15:57:45+08:00"}
{"level":"info","msg":"| 200 |    540.2125ms |             ::1 | POST  /vote/create |","time":"2020-05-28T15:57:50+08:00"}
{"level":"info","msg":"| 200 |    837.6738ms |             ::1 | POST  /admin/upload |","time":"2020-05-28T16:02:49+08:00"}
{"level":"info","msg":"| 200 |    351.0447ms |             ::1 | POST  /admin/upload |","time":"2020-05-28T16:04:14+08:00"}
{"level":"info","msg":"| 200 |     95.1638ms |             ::1 | POST  /vote/create |","time":"2020-05-28T16:05:29+08:00"}
{"level":"info","msg":"| 200 |    493.3504ms |             ::1 | POST  /vote/create |","time":"2020-05-28T16:05:38+08:00"}
{"level":"info","msg":"| 200 |            0s |             ::1 | POST  /vote/create |","time":"2020-05-28T16:11:24+08:00"}
{"level":"info","msg":"| 200 |            0s |             ::1 | POST  /vote/create |","time":"2020-05-28T16:11:34+08:00"}
{"level":"info","msg":"| 200 |            0s |             ::1 | POST  /vote/create |","time":"2020-05-28T16:11:44+08:00"}
{"level":"info","msg":"| 200 |    410.4862ms |             ::1 | POST  /admin/sign_in |","time":"2020-05-28T16:11:51+08:00"}
{"level":"info","msg":"| 200 |    663.8208ms |             ::1 | POST  /admin/upload |","time":"2020-05-28T16:12:52+08:00"}
{"level":"info","msg":"| 200 |    493.3645ms |             ::1 | POST  /vote/create |","time":"2020-05-28T16:12:59+08:00"}
{"level":"info","msg":"| 200 |     603.884ms |             ::1 | POST  /vote/create |","time":"2020-05-28T16:14:32+08:00"}
{"level":"info","msg":"| 200 |    516.9882ms |             ::1 | POST  /vote/count |","time":"2020-05-28T16:34:55+08:00"}
{"level":"info","msg":"| 200 |    390.4931ms |             ::1 | POST  /vote/count |","time":"2020-05-28T16:35:24+08:00"}
{"level":"info","msg":"| 200 |    426.1828ms |             ::1 | POST  /vote/count |","time":"2020-05-28T16:36:06+08:00"}
{"level":"info","msg":"| 200 |    407.0908ms |             ::1 | POST  /vote/count |","time":"2020-05-28T16:36:31+08:00"}
{"level":"info","msg":"| 200 |    401.6295ms |             ::1 | POST  /vote/count |","time":"2020-05-28T16:39:32+08:00"}
{"level":"info","msg":"| 200 |    237.2582ms |             ::1 | POST  /user/list |","time":"2020-05-28T16:40:23+08:00"}
{"level":"info","msg":"| 200 |    234.9611ms |             ::1 | POST  /notice/list_for_admin |","time":"2020-05-28T16:40:26+08:00"}
{"level":"info","msg":"| 200 |     229.536ms |             ::1 | POST  /notice/list_for_admin |","time":"2020-05-28T16:40:27+08:00"}
{"level":"info","msg":"| 200 |     236.704ms |             ::1 | POST  /notice/list_for_admin |","time":"2020-05-28T16:40:29+08:00"}
{"level":"info","msg":"| 200 |    230.6035ms |             ::1 | POST  /notice/list_for_admin |","time":"2020-05-28T16:40:34+08:00"}
{"level":"info","msg":"| 200 |    169.3602ms |             ::1 | POST  /notice/detail |","time":"2020-05-28T16:40:35+08:00"}
{"level":"info","msg":"| 200 |    235.0934ms |             ::1 | POST  /notice/list_for_admin |","time":"2020-05-28T16:40:39+08:00"}
{"level":"info","msg":"| 200 |    164.6861ms |             ::1 | POST  /notice/detail |","time":"2020-05-28T16:40:41+08:00"}
{"level":"info","msg":"| 200 |    241.7088ms |             ::1 | POST  /notice/list_for_admin |","time":"2020-05-28T16:40:43+08:00"}
{"level":"info","msg":"| 200 |    214.3556ms |             ::1 | POST  /notice/list_for_admin |","time":"2020-05-28T16:41:18+08:00"}
{"level":"info","msg":"| 200 |    404.1519ms |             ::1 | POST  /vote/count |","time":"2020-05-28T16:41:19+08:00"}
